#
# There is insufficient memory for the Java Runtime Environment to continue.
# Native memory allocation (mmap) failed to map 58720256 bytes for G1 virtual space
# Possible reasons:
#   The system is out of physical RAM or swap space
#   The process is running with CompressedOops enabled, and the Java Heap may be blocking the growth of the native heap
# Possible solutions:
#   Reduce memory load on the system
#   Increase physical memory or swap space
#   Check if swap backing store is full
#   Decrease Java heap size (-Xmx/-Xms)
#   Decrease number of Java threads
#   Decrease Java thread stack sizes (-Xss)
#   Set larger code cache with -XX:ReservedCodeCacheSize=
#   JVM is running with Unscaled Compressed Oops mode in which the Java heap is
#     placed in the first 4GB address space. The Java Heap base address is the
#     maximum limit for the native heap growth. Please use -XX:HeapBaseMinAddress
#     to set the Java Heap base and to place the Java Heap above 4GB virtual address.
# This output file may be truncated or incomplete.
#
#  Out of Memory Error (os_windows.cpp:3548), pid=7676, tid=8812
#
# JRE version:  (17.0.10+11) (build )
# Java VM: Java HotSpot(TM) 64-Bit Server VM (17.0.10+11-LTS-240, mixed mode, sharing, tiered, compressed oops, compressed class ptrs, g1 gc, windows-amd64)
# No core dump will be written. Minidumps are not enabled by default on client versions of Windows
#

---------------  S U M M A R Y ------------

Command Line: -Dfile.encoding=UTF-8 --module-path=D:\Documentos, Trabajos o Proyectos de UTP\Proyecto Final POO\ELECTRO ADMIN\Electro-Admin\build\classes Formularios.Login

Host: AMD Ryzen 3 3250U with Radeon Graphics         , 4 cores, 3G,  Windows 11 , 64 bit Build 22621 (10.0.22621.3958)
Time: Tue Nov 12 20:30:28 2024 Hora est. Pacífico, Sudamérica elapsed time: 0.029618 seconds (0d 0h 0m 0s)

---------------  T H R E A D  ---------------

Current thread (0x000002323559f850):  JavaThread "Unknown thread" [_thread_in_vm, id=8812, stack(0x00000099e8c00000,0x00000099e8d00000)]

Stack: [0x00000099e8c00000,0x00000099e8d00000]
Native frames: (J=compiled Java code, j=interpreted, Vv=VM code, C=native code)
V  [jvm.dll+0x677a5a]
V  [jvm.dll+0x7d8b2d]
V  [jvm.dll+0x7da48e]
V  [jvm.dll+0x7daaf3]
V  [jvm.dll+0x2455ff]
V  [jvm.dll+0x6749b9]
V  [jvm.dll+0x669382]
V  [jvm.dll+0x302e96]
V  [jvm.dll+0x30a416]
V  [jvm.dll+0x359cbe]
V  [jvm.dll+0x359eef]
V  [jvm.dll+0x2d9e88]
V  [jvm.dll+0x2dadf4]
V  [jvm.dll+0x7aa551]
V  [jvm.dll+0x367911]
V  [jvm.dll+0x789639]
V  [jvm.dll+0x3eb30f]
V  [jvm.dll+0x3ecd91]
C  [jli.dll+0x5297]
C  [ucrtbase.dll+0x29333]
C  [KERNEL32.DLL+0x1257d]
C  [ntdll.dll+0x5af08]


---------------  P R O C E S S  ---------------

Threads class SMR info:
_java_thread_list=0x00007ffa7a0b6a18, length=0, elements={
}

Java Threads: ( => current thread )

Other Threads:
  0x00000232355d7600 GCTaskThread "GC Thread#0" [stack: 0x00000099e8d00000,0x00000099e8e00000] [id=12176]
  0x00000232355df310 ConcurrentGCThread "G1 Main Marker" [stack: 0x00000099e8e00000,0x00000099e8f00000] [id=10720]
  0x00000232355e04c0 ConcurrentGCThread "G1 Conc#0" [stack: 0x00000099e8f00000,0x00000099e9000000] [id=8888]

[error occurred during error reporting (printing all threads), id 0xc0000005, EXCEPTION_ACCESS_VIOLATION (0xc0000005) at pc=0x00007ffa798eaae7]

VM state: not at safepoint (not fully initialized)

VM Mutex/Monitor currently owned by a thread:  ([mutex/lock_event])
[0x000002323559a4a0] Heap_lock - owner thread: 0x000002323559f850

Heap address: 0x00000000c9200000, size: 878 MB, Compressed Oops mode: 32-bit

CDS archive(s) mapped at: [0x0000000000000000-0x0000000000000000-0x0000000000000000), size 0, SharedBaseAddress: 0x0000000800000000, ArchiveRelocationMode: 1.
Narrow klass base: 0x0000000000000000, Narrow klass shift: 0, Narrow klass range: 0x0

GC Precious Log:
<Empty>

Heap:
 garbage-first heap   total 0K, used 0K [0x00000000c9200000, 0x0000000100000000)
  region size 1024K, 0 young (0K), 0 survivors (0K)

[error occurred during error reporting (printing heap information), id 0xc0000005, EXCEPTION_ACCESS_VIOLATION (0xc0000005) at pc=0x00007ffa79cd1249]

GC Heap History (0 events):
No events

Deoptimization events (0 events):
No events

Classes unloaded (0 events):
No events

Classes redefined (0 events):
No events

Internal exceptions (0 events):
No events

VM Operations (0 events):
No events

Events (1 events):
Event: 0.022 Loaded shared library C:\Program Files\Java\jdk-17\bin\java.dll


Dynamic libraries:
0x00007ff69df40000 - 0x00007ff69df50000 	C:\Program Files\Java\jdk-17\bin\java.exe
0x00007ffb62850000 - 0x00007ffb62a67000 	C:\WINDOWS\SYSTEM32\ntdll.dll
0x00007ffb61d50000 - 0x00007ffb61e14000 	C:\WINDOWS\System32\KERNEL32.DLL
0x00007ffb5fda0000 - 0x00007ffb60157000 	C:\WINDOWS\System32\KERNELBASE.dll
0x00007ffb602f0000 - 0x00007ffb60401000 	C:\WINDOWS\System32\ucrtbase.dll
0x00007ffb35770000 - 0x00007ffb35789000 	C:\Program Files\Java\jdk-17\bin\jli.dll
0x00007ffb5bfa0000 - 0x00007ffb5bfbb000 	C:\Program Files\Java\jdk-17\bin\VCRUNTIME140.dll
0x00007ffb622c0000 - 0x00007ffb62372000 	C:\WINDOWS\System32\ADVAPI32.dll
0x00007ffb60580000 - 0x00007ffb60627000 	C:\WINDOWS\System32\msvcrt.dll
0x00007ffb620a0000 - 0x00007ffb62148000 	C:\WINDOWS\System32\sechost.dll
0x00007ffb5fc80000 - 0x00007ffb5fca8000 	C:\WINDOWS\System32\bcrypt.dll
0x00007ffb626f0000 - 0x00007ffb62804000 	C:\WINDOWS\System32\RPCRT4.dll
0x00007ffb62380000 - 0x00007ffb6252f000 	C:\WINDOWS\System32\USER32.dll
0x00007ffb60160000 - 0x00007ffb60186000 	C:\WINDOWS\System32\win32u.dll
0x00007ffb60f50000 - 0x00007ffb60f79000 	C:\WINDOWS\System32\GDI32.dll
0x00007ffb5fb60000 - 0x00007ffb5fc78000 	C:\WINDOWS\System32\gdi32full.dll
0x00007ffb60190000 - 0x00007ffb6022a000 	C:\WINDOWS\System32\msvcp_win.dll
0x00007ffb30630000 - 0x00007ffb308c3000 	C:\WINDOWS\WinSxS\amd64_microsoft.windows.common-controls_6595b64144ccf1df_6.0.22621.3672_none_2713b9d173822955\COMCTL32.dll
0x00007ffb572f0000 - 0x00007ffb572fa000 	C:\WINDOWS\SYSTEM32\VERSION.dll
0x00007ffb62150000 - 0x00007ffb62181000 	C:\WINDOWS\System32\IMM32.DLL
0x00007ffb5c980000 - 0x00007ffb5c98c000 	C:\Program Files\Java\jdk-17\bin\vcruntime140_1.dll
0x00007ffb0e670000 - 0x00007ffb0e6fe000 	C:\Program Files\Java\jdk-17\bin\msvcp140.dll
0x00007ffa79600000 - 0x00007ffa7a1df000 	C:\Program Files\Java\jdk-17\bin\server\jvm.dll
0x00007ffb60ca0000 - 0x00007ffb60ca8000 	C:\WINDOWS\System32\PSAPI.DLL
0x00007ffb5bec0000 - 0x00007ffb5bef4000 	C:\WINDOWS\SYSTEM32\WINMM.dll
0x00007ffb37370000 - 0x00007ffb37379000 	C:\WINDOWS\SYSTEM32\WSOCK32.dll
0x00007ffb62020000 - 0x00007ffb62091000 	C:\WINDOWS\System32\WS2_32.dll
0x00007ffb5eca0000 - 0x00007ffb5ecb8000 	C:\WINDOWS\SYSTEM32\kernel.appcore.dll
0x00007ffb5bf90000 - 0x00007ffb5bf9a000 	C:\Program Files\Java\jdk-17\bin\jimage.dll
0x00007ffb57f10000 - 0x00007ffb58142000 	C:\WINDOWS\SYSTEM32\DBGHELP.DLL
0x00007ffb619c0000 - 0x00007ffb61d4e000 	C:\WINDOWS\System32\combase.dll
0x00007ffb60cb0000 - 0x00007ffb60d87000 	C:\WINDOWS\System32\OLEAUT32.dll
0x00007ffb4db50000 - 0x00007ffb4db82000 	C:\WINDOWS\SYSTEM32\dbgcore.DLL
0x00007ffb5fcb0000 - 0x00007ffb5fd2b000 	C:\WINDOWS\System32\bcryptPrimitives.dll
0x00007ffb26a80000 - 0x00007ffb26aa5000 	C:\Program Files\Java\jdk-17\bin\java.dll

dbghelp: loaded successfully - version: 4.0.5 - missing functions: none
symbol engine: initialized successfully - sym options: 0x614 - pdb path: .;C:\Program Files\Java\jdk-17\bin;C:\WINDOWS\SYSTEM32;C:\WINDOWS\WinSxS\amd64_microsoft.windows.common-controls_6595b64144ccf1df_6.0.22621.3672_none_2713b9d173822955;C:\Program Files\Java\jdk-17\bin\server

VM Arguments:
jvm_args: -Dfile.encoding=UTF-8 --module-path=D:\Documentos, Trabajos o Proyectos de UTP\Proyecto Final POO\ELECTRO ADMIN\Electro-Admin\build\classes 
java_command: Formularios.Login
java_class_path (initial): C:\Program Files\NetBeans-19\netbeans\java\modules\ext\AbsoluteLayout.jar;D:\Documentos, Trabajos o Proyectos de UTP\Proyecto Final POO\ELECTRO ADMIN\Electro-Admin\src\Conectores\mysql-connector-java-5.1.46-bin.jar;D:\Documentos, Trabajos o Proyectos de UTP\Proyecto Final POO\ELECTRO ADMIN\Electro-Admin\build\classes
Launcher Type: SUN_STANDARD

[Global flags]
     intx CICompilerCount                          = 3                                         {product} {ergonomic}
     uint ConcGCThreads                            = 1                                         {product} {ergonomic}
     uint G1ConcRefinementThreads                  = 4                                         {product} {ergonomic}
   size_t G1HeapRegionSize                         = 1048576                                   {product} {ergonomic}
    uintx GCDrainStackTargetSize                   = 64                                        {product} {ergonomic}
   size_t InitialHeapSize                          = 58720256                                  {product} {ergonomic}
   size_t MarkStackSize                            = 4194304                                   {product} {ergonomic}
   size_t MaxHeapSize                              = 920649728                                 {product} {ergonomic}
   size_t MinHeapDeltaBytes                        = 1048576                                   {product} {ergonomic}
   size_t MinHeapSize                              = 8388608                                   {product} {ergonomic}
    uintx NonNMethodCodeHeapSize                   = 5832780                                {pd product} {ergonomic}
    uintx NonProfiledCodeHeapSize                  = 122912730                              {pd product} {ergonomic}
    uintx ProfiledCodeHeapSize                     = 122912730                              {pd product} {ergonomic}
    uintx ReservedCodeCacheSize                    = 251658240                              {pd product} {ergonomic}
     bool SegmentedCodeCache                       = true                                      {product} {ergonomic}
   size_t SoftMaxHeapSize                          = 920649728                              {manageable} {ergonomic}
     bool UseCompressedClassPointers               = true                           {product lp64_product} {ergonomic}
     bool UseCompressedOops                        = true                           {product lp64_product} {ergonomic}
     bool UseG1GC                                  = true                                      {product} {ergonomic}
     bool UseLargePagesIndividualAllocation        = false                                  {pd product} {ergonomic}

Logging:
Log output configuration:
 #0: stdout all=warning uptime,level,tags
 #1: stderr all=off uptime,level,tags

Environment Variables:
PATH=C:\Program Files\Common Files\Oracle\Java\javapath;C:\WINDOWS\system32;C:\WINDOWS;C:\WINDOWS\System32\Wbem;C:\WINDOWS\System32\WindowsPowerShell\v1.0\;C:\WINDOWS\System32\OpenSSH\;C:\Program Files (x86)\Microsoft SQL Server\160\Tools\Binn\;C:\Program Files\Microsoft SQL Server\160\Tools\Binn\;C:\Program Files\Microsoft SQL Server\Client SDK\ODBC\170\Tools\Binn\;C:\Program Files\Microsoft SQL Server\160\DTS\Binn\;C:\Program Files (x86)\Microsoft SQL Server\160\DTS\Binn\;C:\Program Files\Git\cmd;C:\Users\JOSUE\AppData\Local\Microsoft\WindowsApps;
USERNAME=JOSUE
OS=Windows_NT
PROCESSOR_IDENTIFIER=AMD64 Family 23 Model 24 Stepping 1, AuthenticAMD



---------------  S Y S T E M  ---------------

OS:
 Windows 11 , 64 bit Build 22621 (10.0.22621.3958)
OS uptime: 8 days 7:40 hours

CPU: total 4 (initial active 4) (4 cores per cpu, 2 threads per core) family 23 model 24 stepping 1 microcode 0x0, cx8, cmov, fxsr, ht, mmx, 3dnowpref, sse, sse2, sse3, ssse3, sse4a, sse4.1, sse4.2, popcnt, lzcnt, tsc, tscinvbit, avx, avx2, aes, clmul, bmi1, bmi2, adx, sha, fma, vzeroupper, clflush, clflushopt

Memory: 4k page, system-wide physical 3504M (208M free)
TotalPageFile size 14256M (AvailPageFile size 58M)
current process WorkingSet (physical memory assigned to process): 11M, peak: 11M
current process commit charge ("private bytes"): 51M, peak: 107M

vm_info: Java HotSpot(TM) 64-Bit Server VM (17.0.10+11-LTS-240) for windows-amd64 JRE (17.0.10+11-LTS-240), built on Dec 19 2023 21:47:25 by "mach5one" with MS VC++ 17.1 (VS2022)

END.
