#
# There is insufficient memory for the Java Runtime Environment to continue.
# Native memory allocation (mmap) failed to map 65536 bytes for Failed to commit metaspace.
# Possible reasons:
#   The system is out of physical RAM or swap space
#   The process is running with CompressedOops enabled, and the Java Heap may be blocking the growth of the native heap
# Possible solutions:
#   Reduce memory load on the system
#   Increase physical memory or swap space
#   Check if swap backing store is full
#   Decrease Java heap size (-Xmx/-Xms)
#   Decrease number of Java threads
#   Decrease Java thread stack sizes (-Xss)
#   Set larger code cache with -XX:ReservedCodeCacheSize=
#   JVM is running with Unscaled Compressed Oops mode in which the Java heap is
#     placed in the first 4GB address space. The Java Heap base address is the
#     maximum limit for the native heap growth. Please use -XX:HeapBaseMinAddress
#     to set the Java Heap base and to place the Java Heap above 4GB virtual address.
# This output file may be truncated or incomplete.
#
#  Out of Memory Error (virtualSpaceNode.cpp:110), pid=16964, tid=15900
#
# JRE version: Java(TM) SE Runtime Environment (17.0.10+11) (build 17.0.10+11-LTS-240)
# Java VM: Java HotSpot(TM) 64-Bit Server VM (17.0.10+11-LTS-240, mixed mode, sharing, tiered, compressed oops, compressed class ptrs, g1 gc, windows-amd64)
# No core dump will be written. Minidumps are not enabled by default on client versions of Windows
#

---------------  S U M M A R Y ------------

Command Line: -Dfile.encoding=UTF-8 --module-path=D:\Documentos, Trabajos o Proyectos de UTP\Proyecto Final POO\ELECTRO ADMIN\Electro-Admin\build\classes Formularios.Menu

Host: AMD Ryzen 3 3250U with Radeon Graphics         , 4 cores, 3G,  Windows 11 , 64 bit Build 22621 (10.0.22621.4391)
Time: Thu Nov 28 23:58:25 2024 Hora est. Pacífico, Sudamérica elapsed time: 3.775890 seconds (0d 0h 0m 3s)

---------------  T H R E A D  ---------------

Current thread (0x0000021e77202010):  JavaThread "AWT-EventQueue-0" [_thread_in_vm, id=15900, stack(0x00000073dc400000,0x00000073dc500000)]

Stack: [0x00000073dc400000,0x00000073dc500000]
Native frames: (J=compiled Java code, j=interpreted, Vv=VM code, C=native code)
V  [jvm.dll+0x677a5a]
V  [jvm.dll+0x7d8b2d]
V  [jvm.dll+0x7da48e]
V  [jvm.dll+0x7daaf3]
V  [jvm.dll+0x2455ff]
V  [jvm.dll+0x7d483b]
V  [jvm.dll+0x61dc06]
V  [jvm.dll+0x61dc6a]
V  [jvm.dll+0x62049d]
V  [jvm.dll+0x61e5c6]
V  [jvm.dll+0x239c1f]
V  [jvm.dll+0x628365]
V  [jvm.dll+0x1e92ed]
V  [jvm.dll+0x1e98b5]
V  [jvm.dll+0x1ea1fb]
V  [jvm.dll+0x1dfa01]
V  [jvm.dll+0x53d58c]
V  [jvm.dll+0x1f031a]
V  [jvm.dll+0x75284d]
V  [jvm.dll+0x753c46]
V  [jvm.dll+0x7543d5]
V  [jvm.dll+0x1ea621]
V  [jvm.dll+0x1dfa1a]
V  [jvm.dll+0x53d58c]
V  [jvm.dll+0x1f031a]
V  [jvm.dll+0x75284d]
V  [jvm.dll+0x753c46]
V  [jvm.dll+0x753f78]
V  [jvm.dll+0x23d99b]
V  [jvm.dll+0x37d60e]
C  0x0000021e2432b7f7

Java frames: (J=compiled Java code, j=interpreted, Vv=VM code)
j  java.awt.DefaultKeyboardFocusManager.sendMessage(Ljava/awt/Component;Ljava/awt/AWTEvent;)Z+14 java.desktop@17.0.10
j  java.awt.DefaultKeyboardFocusManager.dispatchEvent(Ljava/awt/AWTEvent;)Z+270 java.desktop@17.0.10
j  java.awt.Component.dispatchEventImpl(Ljava/awt/AWTEvent;)V+131 java.desktop@17.0.10
j  java.awt.Container.dispatchEventImpl(Ljava/awt/AWTEvent;)V+42 java.desktop@17.0.10
j  java.awt.Window.dispatchEventImpl(Ljava/awt/AWTEvent;)V+19 java.desktop@17.0.10
j  java.awt.Component.dispatchEvent(Ljava/awt/AWTEvent;)V+2 java.desktop@17.0.10
j  java.awt.EventQueue.dispatchEventImpl(Ljava/awt/AWTEvent;Ljava/lang/Object;)V+41 java.desktop@17.0.10
j  java.awt.EventQueue$4.run()Ljava/lang/Void;+32 java.desktop@17.0.10
j  java.awt.EventQueue$4.run()Ljava/lang/Object;+1 java.desktop@17.0.10
J 788 c1 java.security.AccessController.doPrivileged(Ljava/security/PrivilegedAction;Ljava/security/AccessControlContext;)Ljava/lang/Object; java.base@17.0.10 (17 bytes) @ 0x0000021e1cf26e5c [0x0000021e1cf26c80+0x00000000000001dc]
j  java.security.ProtectionDomain$JavaSecurityAccessImpl.doIntersectionPrivilege(Ljava/security/PrivilegedAction;Ljava/security/AccessControlContext;Ljava/security/AccessControlContext;)Ljava/lang/Object;+18 java.base@17.0.10
j  java.security.ProtectionDomain$JavaSecurityAccessImpl.doIntersectionPrivilege(Ljava/security/PrivilegedAction;Ljava/security/AccessControlContext;)Ljava/lang/Object;+6 java.base@17.0.10
j  java.awt.EventQueue$5.run()Ljava/lang/Void;+11 java.desktop@17.0.10
j  java.awt.EventQueue$5.run()Ljava/lang/Object;+1 java.desktop@17.0.10
J 788 c1 java.security.AccessController.doPrivileged(Ljava/security/PrivilegedAction;Ljava/security/AccessControlContext;)Ljava/lang/Object; java.base@17.0.10 (17 bytes) @ 0x0000021e1cf26e5c [0x0000021e1cf26c80+0x00000000000001dc]
j  java.security.ProtectionDomain$JavaSecurityAccessImpl.doIntersectionPrivilege(Ljava/security/PrivilegedAction;Ljava/security/AccessControlContext;Ljava/security/AccessControlContext;)Ljava/lang/Object;+18 java.base@17.0.10
j  java.awt.EventQueue.dispatchEvent(Ljava/awt/AWTEvent;)V+73 java.desktop@17.0.10
j  java.awt.SequencedEvent.dispatch()V+150 java.desktop@17.0.10
j  java.awt.EventQueue.dispatchEventImpl(Ljava/awt/AWTEvent;Ljava/lang/Object;)V+21 java.desktop@17.0.10
j  java.awt.EventQueue$4.run()Ljava/lang/Void;+32 java.desktop@17.0.10
j  java.awt.EventQueue$4.run()Ljava/lang/Object;+1 java.desktop@17.0.10
J 788 c1 java.security.AccessController.doPrivileged(Ljava/security/PrivilegedAction;Ljava/security/AccessControlContext;)Ljava/lang/Object; java.base@17.0.10 (17 bytes) @ 0x0000021e1cf26e5c [0x0000021e1cf26c80+0x00000000000001dc]
j  java.security.ProtectionDomain$JavaSecurityAccessImpl.doIntersectionPrivilege(Ljava/security/PrivilegedAction;Ljava/security/AccessControlContext;Ljava/security/AccessControlContext;)Ljava/lang/Object;+18 java.base@17.0.10
j  java.security.ProtectionDomain$JavaSecurityAccessImpl.doIntersectionPrivilege(Ljava/security/PrivilegedAction;Ljava/security/AccessControlContext;)Ljava/lang/Object;+6 java.base@17.0.10
j  java.awt.EventQueue$5.run()Ljava/lang/Void;+11 java.desktop@17.0.10
j  java.awt.EventQueue$5.run()Ljava/lang/Object;+1 java.desktop@17.0.10
J 788 c1 java.security.AccessController.doPrivileged(Ljava/security/PrivilegedAction;Ljava/security/AccessControlContext;)Ljava/lang/Object; java.base@17.0.10 (17 bytes) @ 0x0000021e1cf26e5c [0x0000021e1cf26c80+0x00000000000001dc]
j  java.security.ProtectionDomain$JavaSecurityAccessImpl.doIntersectionPrivilege(Ljava/security/PrivilegedAction;Ljava/security/AccessControlContext;Ljava/security/AccessControlContext;)Ljava/lang/Object;+18 java.base@17.0.10
j  java.awt.EventQueue.dispatchEvent(Ljava/awt/AWTEvent;)V+73 java.desktop@17.0.10
j  java.awt.EventDispatchThread.pumpOneEventForFilters(I)V+78 java.desktop@17.0.10
j  java.awt.EventDispatchThread.pumpEventsForFilter(ILjava/awt/Conditional;Ljava/awt/EventFilter;)V+35 java.desktop@17.0.10
j  java.awt.EventDispatchThread.pumpEventsForHierarchy(ILjava/awt/Conditional;Ljava/awt/Component;)V+11 java.desktop@17.0.10
j  java.awt.EventDispatchThread.pumpEvents(ILjava/awt/Conditional;)V+4 java.desktop@17.0.10
j  java.awt.EventDispatchThread.pumpEvents(Ljava/awt/Conditional;)V+3 java.desktop@17.0.10
j  java.awt.EventDispatchThread.run()V+9 java.desktop@17.0.10
v  ~StubRoutines::call_stub

---------------  P R O C E S S  ---------------

Threads class SMR info:
_java_thread_list=0x0000021e7be84250, length=20, elements={
0x0000021e30216bb0, 0x0000021e302181d0, 0x0000021e30228ae0, 0x0000021e302296b0,
0x0000021e3022d190, 0x0000021e3022db50, 0x0000021e3022e840, 0x0000021e30230aa0,
0x0000021e30256430, 0x0000021e30469060, 0x0000021e30578310, 0x0000021e306b2620,
0x0000021e306b2b00, 0x0000021e306b2fe0, 0x0000021e77202010, 0x0000021e1552f2e0,
0x0000021e776ff990, 0x0000021e778247b0, 0x0000021e7be639e0, 0x0000021e7be62090
}

Java Threads: ( => current thread )
  0x0000021e30216bb0 JavaThread "Reference Handler" daemon [_thread_blocked, id=8788, stack(0x00000073db500000,0x00000073db600000)]
  0x0000021e302181d0 JavaThread "Finalizer" daemon [_thread_blocked, id=7112, stack(0x00000073db600000,0x00000073db700000)]
  0x0000021e30228ae0 JavaThread "Signal Dispatcher" daemon [_thread_blocked, id=8440, stack(0x00000073db700000,0x00000073db800000)]
  0x0000021e302296b0 JavaThread "Attach Listener" daemon [_thread_blocked, id=13068, stack(0x00000073db800000,0x00000073db900000)]
  0x0000021e3022d190 JavaThread "Service Thread" daemon [_thread_blocked, id=11836, stack(0x00000073db900000,0x00000073dba00000)]
  0x0000021e3022db50 JavaThread "Monitor Deflation Thread" daemon [_thread_blocked, id=376, stack(0x00000073dba00000,0x00000073dbb00000)]
  0x0000021e3022e840 JavaThread "C2 CompilerThread0" daemon [_thread_blocked, id=7668, stack(0x00000073dbb00000,0x00000073dbc00000)]
  0x0000021e30230aa0 JavaThread "C1 CompilerThread0" daemon [_thread_in_vm, id=9712, stack(0x00000073dbc00000,0x00000073dbd00000)]
  0x0000021e30256430 JavaThread "Sweeper thread" daemon [_thread_blocked, id=6200, stack(0x00000073dbd00000,0x00000073dbe00000)]
  0x0000021e30469060 JavaThread "Common-Cleaner" daemon [_thread_blocked, id=1256, stack(0x00000073dbe00000,0x00000073dbf00000)]
  0x0000021e30578310 JavaThread "Notification Thread" daemon [_thread_blocked, id=16848, stack(0x00000073dbf00000,0x00000073dc000000)]
  0x0000021e306b2620 JavaThread "Java2D Disposer" daemon [_thread_blocked, id=17260, stack(0x00000073dc100000,0x00000073dc200000)]
  0x0000021e306b2b00 JavaThread "AWT-Shutdown" [_thread_blocked, id=16084, stack(0x00000073dc200000,0x00000073dc300000)]
  0x0000021e306b2fe0 JavaThread "AWT-Windows" daemon [_thread_in_native, id=16904, stack(0x00000073dc300000,0x00000073dc400000)]
=>0x0000021e77202010 JavaThread "AWT-EventQueue-0" [_thread_in_vm, id=15900, stack(0x00000073dc400000,0x00000073dc500000)]
  0x0000021e1552f2e0 JavaThread "DestroyJavaVM" [_thread_blocked, id=1656, stack(0x00000073dae00000,0x00000073daf00000)]
  0x0000021e776ff990 JavaThread "Image Fetcher 0" daemon [_thread_blocked, id=16896, stack(0x00000073dcb00000,0x00000073dcc00000)]
  0x0000021e778247b0 JavaThread "Image Fetcher 1" daemon [_thread_blocked, id=15776, stack(0x00000073dcc00000,0x00000073dcd00000)]
  0x0000021e7be639e0 JavaThread "Image Fetcher 2" daemon [_thread_blocked, id=14988, stack(0x00000073dd000000,0x00000073dd100000)]
  0x0000021e7be62090 JavaThread "D3D Screen Updater" daemon [_thread_blocked, id=9524, stack(0x00000073dd100000,0x00000073dd200000)]

Other Threads:
  0x0000021e3020f7f0 VMThread "VM Thread" [stack: 0x00000073db400000,0x00000073db500000] [id=16920]
  0x0000021e305787f0 WatcherThread [stack: 0x00000073dc000000,0x00000073dc100000] [id=5356]
  0x0000021e15565cc0 GCTaskThread "GC Thread#0" [stack: 0x00000073daf00000,0x00000073db000000] [id=2424]
  0x0000021e7beacb90 GCTaskThread "GC Thread#1" [stack: 0x00000073dcd00000,0x00000073dce00000] [id=6636]
  0x0000021e7beace50 GCTaskThread "GC Thread#2" [stack: 0x00000073dce00000,0x00000073dcf00000] [id=13648]
  0x0000021e77717790 GCTaskThread "GC Thread#3" [stack: 0x00000073dcf00000,0x00000073dd000000] [id=1148]
  0x0000021e1556d9d0 ConcurrentGCThread "G1 Main Marker" [stack: 0x00000073db000000,0x00000073db100000] [id=6472]
  0x0000021e1556e3e0 ConcurrentGCThread "G1 Conc#0" [stack: 0x00000073db100000,0x00000073db200000] [id=16356]
  0x0000021e155a9960 ConcurrentGCThread "G1 Refine#0" [stack: 0x00000073db200000,0x00000073db300000] [id=6964]
  0x0000021e155ab3a0 ConcurrentGCThread "G1 Service" [stack: 0x00000073db300000,0x00000073db400000] [id=11016]

Threads with active compile tasks:
C1 CompilerThread0     3950 1352       3       javax.swing.JMenu::isTopLevelMenu (8 bytes)

VM state: not at safepoint (normal execution)

VM Mutex/Monitor currently owned by a thread:  ([mutex/lock_event])
[0x0000021e1552b9f0] Metaspace_lock - owner thread: 0x0000021e77202010
[0x0000021e1552b3c0] MethodData_lock - owner thread: 0x0000021e30230aa0

Heap address: 0x00000000c9200000, size: 878 MB, Compressed Oops mode: 32-bit

CDS archive(s) mapped at: [0x0000021e31000000-0x0000021e31bd0000-0x0000021e31bd0000), size 12386304, SharedBaseAddress: 0x0000021e31000000, ArchiveRelocationMode: 1.
Compressed class space mapped at: 0x0000021e32000000-0x0000021e72000000, reserved size: 1073741824
Narrow klass base: 0x0000021e31000000, Narrow klass shift: 0, Narrow klass range: 0x100000000

GC Precious Log:
 CPUs: 4 total, 4 available
 Memory: 3504M
 Large Page Support: Disabled
 NUMA Support: Disabled
 Compressed Oops: Enabled (32-bit)
 Heap Region Size: 1M
 Heap Min Capacity: 8M
 Heap Initial Capacity: 56M
 Heap Max Capacity: 878M
 Pre-touch: Disabled
 Parallel Workers: 4
 Concurrent Workers: 1
 Concurrent Refinement Workers: 4
 Periodic GC: Disabled

Heap:
 garbage-first heap   total 57344K, used 10206K [0x00000000c9200000, 0x0000000100000000)
  region size 1024K, 6 young (6144K), 2 survivors (2048K)
 Metaspace       used 9899K, committed 10048K, reserved 1114112K
  class space    used 1166K, committed 1280K, reserved 1048576K

Heap Regions: E=young(eden), S=young(survivor), O=old, HS=humongous(starts), HC=humongous(continues), CS=collection set, F=free, OA=open archive, CA=closed archive, TAMS=top-at-mark-start (previous, next)
|   0|0x00000000c9200000, 0x00000000c9300000, 0x00000000c9300000|100%|HS|  |TAMS 0x00000000c9200000, 0x00000000c9200000| Complete 
|   1|0x00000000c9300000, 0x00000000c9400000, 0x00000000c9400000|100%|HC|  |TAMS 0x00000000c9300000, 0x00000000c9300000| Complete 
|   2|0x00000000c9400000, 0x00000000c9500000, 0x00000000c9500000|100%|HC|  |TAMS 0x00000000c9400000, 0x00000000c9400000| Complete 
|   3|0x00000000c9500000, 0x00000000c9600000, 0x00000000c9600000|100%|HC|  |TAMS 0x00000000c9500000, 0x00000000c9500000| Complete 
|   4|0x00000000c9600000, 0x00000000c96f7800, 0x00000000c9700000| 96%| O|  |TAMS 0x00000000c9600000, 0x00000000c9600000| Untracked 
|   5|0x00000000c9700000, 0x00000000c9700000, 0x00000000c9800000|  0%| F|  |TAMS 0x00000000c9700000, 0x00000000c9700000| Untracked 
|   6|0x00000000c9800000, 0x00000000c9800000, 0x00000000c9900000|  0%| F|  |TAMS 0x00000000c9800000, 0x00000000c9800000| Untracked 
|   7|0x00000000c9900000, 0x00000000c9900000, 0x00000000c9a00000|  0%| F|  |TAMS 0x00000000c9900000, 0x00000000c9900000| Untracked 
|   8|0x00000000c9a00000, 0x00000000c9a00000, 0x00000000c9b00000|  0%| F|  |TAMS 0x00000000c9a00000, 0x00000000c9a00000| Untracked 
|   9|0x00000000c9b00000, 0x00000000c9b00000, 0x00000000c9c00000|  0%| F|  |TAMS 0x00000000c9b00000, 0x00000000c9b00000| Untracked 
|  10|0x00000000c9c00000, 0x00000000c9c00000, 0x00000000c9d00000|  0%| F|  |TAMS 0x00000000c9c00000, 0x00000000c9c00000| Untracked 
|  11|0x00000000c9d00000, 0x00000000c9d00000, 0x00000000c9e00000|  0%| F|  |TAMS 0x00000000c9d00000, 0x00000000c9d00000| Untracked 
|  12|0x00000000c9e00000, 0x00000000c9e00000, 0x00000000c9f00000|  0%| F|  |TAMS 0x00000000c9e00000, 0x00000000c9e00000| Untracked 
|  13|0x00000000c9f00000, 0x00000000c9f00000, 0x00000000ca000000|  0%| F|  |TAMS 0x00000000c9f00000, 0x00000000c9f00000| Untracked 
|  14|0x00000000ca000000, 0x00000000ca000000, 0x00000000ca100000|  0%| F|  |TAMS 0x00000000ca000000, 0x00000000ca000000| Untracked 
|  15|0x00000000ca100000, 0x00000000ca100000, 0x00000000ca200000|  0%| F|  |TAMS 0x00000000ca100000, 0x00000000ca100000| Untracked 
|  16|0x00000000ca200000, 0x00000000ca200000, 0x00000000ca300000|  0%| F|  |TAMS 0x00000000ca200000, 0x00000000ca200000| Untracked 
|  17|0x00000000ca300000, 0x00000000ca300000, 0x00000000ca400000|  0%| F|  |TAMS 0x00000000ca300000, 0x00000000ca300000| Untracked 
|  18|0x00000000ca400000, 0x00000000ca400000, 0x00000000ca500000|  0%| F|  |TAMS 0x00000000ca400000, 0x00000000ca400000| Untracked 
|  19|0x00000000ca500000, 0x00000000ca500000, 0x00000000ca600000|  0%| F|  |TAMS 0x00000000ca500000, 0x00000000ca500000| Untracked 
|  20|0x00000000ca600000, 0x00000000ca600000, 0x00000000ca700000|  0%| F|  |TAMS 0x00000000ca600000, 0x00000000ca600000| Untracked 
|  21|0x00000000ca700000, 0x00000000ca700000, 0x00000000ca800000|  0%| F|  |TAMS 0x00000000ca700000, 0x00000000ca700000| Untracked 
|  22|0x00000000ca800000, 0x00000000ca800000, 0x00000000ca900000|  0%| F|  |TAMS 0x00000000ca800000, 0x00000000ca800000| Untracked 
|  23|0x00000000ca900000, 0x00000000ca900000, 0x00000000caa00000|  0%| F|  |TAMS 0x00000000ca900000, 0x00000000ca900000| Untracked 
|  24|0x00000000caa00000, 0x00000000caa00000, 0x00000000cab00000|  0%| F|  |TAMS 0x00000000caa00000, 0x00000000caa00000| Untracked 
|  25|0x00000000cab00000, 0x00000000cab00000, 0x00000000cac00000|  0%| F|  |TAMS 0x00000000cab00000, 0x00000000cab00000| Untracked 
|  26|0x00000000cac00000, 0x00000000cac00000, 0x00000000cad00000|  0%| F|  |TAMS 0x00000000cac00000, 0x00000000cac00000| Untracked 
|  27|0x00000000cad00000, 0x00000000cad00000, 0x00000000cae00000|  0%| F|  |TAMS 0x00000000cad00000, 0x00000000cad00000| Untracked 
|  28|0x00000000cae00000, 0x00000000cae00000, 0x00000000caf00000|  0%| F|  |TAMS 0x00000000cae00000, 0x00000000cae00000| Untracked 
|  29|0x00000000caf00000, 0x00000000caf00000, 0x00000000cb000000|  0%| F|  |TAMS 0x00000000caf00000, 0x00000000caf00000| Untracked 
|  30|0x00000000cb000000, 0x00000000cb000000, 0x00000000cb100000|  0%| F|  |TAMS 0x00000000cb000000, 0x00000000cb000000| Untracked 
|  31|0x00000000cb100000, 0x00000000cb100000, 0x00000000cb200000|  0%| F|  |TAMS 0x00000000cb100000, 0x00000000cb100000| Untracked 
|  32|0x00000000cb200000, 0x00000000cb200000, 0x00000000cb300000|  0%| F|  |TAMS 0x00000000cb200000, 0x00000000cb200000| Untracked 
|  33|0x00000000cb300000, 0x00000000cb300000, 0x00000000cb400000|  0%| F|  |TAMS 0x00000000cb300000, 0x00000000cb300000| Untracked 
|  34|0x00000000cb400000, 0x00000000cb400000, 0x00000000cb500000|  0%| F|  |TAMS 0x00000000cb400000, 0x00000000cb400000| Untracked 
|  35|0x00000000cb500000, 0x00000000cb500000, 0x00000000cb600000|  0%| F|  |TAMS 0x00000000cb500000, 0x00000000cb500000| Untracked 
|  36|0x00000000cb600000, 0x00000000cb600000, 0x00000000cb700000|  0%| F|  |TAMS 0x00000000cb600000, 0x00000000cb600000| Untracked 
|  37|0x00000000cb700000, 0x00000000cb700000, 0x00000000cb800000|  0%| F|  |TAMS 0x00000000cb700000, 0x00000000cb700000| Untracked 
|  38|0x00000000cb800000, 0x00000000cb800000, 0x00000000cb900000|  0%| F|  |TAMS 0x00000000cb800000, 0x00000000cb800000| Untracked 
|  39|0x00000000cb900000, 0x00000000cb900000, 0x00000000cba00000|  0%| F|  |TAMS 0x00000000cb900000, 0x00000000cb900000| Untracked 
|  40|0x00000000cba00000, 0x00000000cba00000, 0x00000000cbb00000|  0%| F|  |TAMS 0x00000000cba00000, 0x00000000cba00000| Untracked 
|  41|0x00000000cbb00000, 0x00000000cbc00000, 0x00000000cbc00000|100%| S|CS|TAMS 0x00000000cbb00000, 0x00000000cbb00000| Complete 
|  42|0x00000000cbc00000, 0x00000000cbd00000, 0x00000000cbd00000|100%| S|CS|TAMS 0x00000000cbc00000, 0x00000000cbc00000| Complete 
|  43|0x00000000cbd00000, 0x00000000cbd00000, 0x00000000cbe00000|  0%| F|  |TAMS 0x00000000cbd00000, 0x00000000cbd00000| Untracked 
|  44|0x00000000cbe00000, 0x00000000cbe00000, 0x00000000cbf00000|  0%| F|  |TAMS 0x00000000cbe00000, 0x00000000cbe00000| Untracked 
|  45|0x00000000cbf00000, 0x00000000cbf00000, 0x00000000cc000000|  0%| F|  |TAMS 0x00000000cbf00000, 0x00000000cbf00000| Untracked 
|  46|0x00000000cc000000, 0x00000000cc000000, 0x00000000cc100000|  0%| F|  |TAMS 0x00000000cc000000, 0x00000000cc000000| Untracked 
|  47|0x00000000cc100000, 0x00000000cc100000, 0x00000000cc200000|  0%| F|  |TAMS 0x00000000cc100000, 0x00000000cc100000| Untracked 
|  48|0x00000000cc200000, 0x00000000cc200000, 0x00000000cc300000|  0%| F|  |TAMS 0x00000000cc200000, 0x00000000cc200000| Untracked 
|  49|0x00000000cc300000, 0x00000000cc300000, 0x00000000cc400000|  0%| F|  |TAMS 0x00000000cc300000, 0x00000000cc300000| Untracked 
|  50|0x00000000cc400000, 0x00000000cc400000, 0x00000000cc500000|  0%| F|  |TAMS 0x00000000cc400000, 0x00000000cc400000| Untracked 
|  51|0x00000000cc500000, 0x00000000cc500000, 0x00000000cc600000|  0%| F|  |TAMS 0x00000000cc500000, 0x00000000cc500000| Untracked 
|  52|0x00000000cc600000, 0x00000000cc6e4660, 0x00000000cc700000| 89%| E|  |TAMS 0x00000000cc600000, 0x00000000cc600000| Complete 
|  53|0x00000000cc700000, 0x00000000cc800000, 0x00000000cc800000|100%| E|CS|TAMS 0x00000000cc700000, 0x00000000cc700000| Complete 
|  54|0x00000000cc800000, 0x00000000cc900000, 0x00000000cc900000|100%| E|CS|TAMS 0x00000000cc800000, 0x00000000cc800000| Complete 
|  55|0x00000000cc900000, 0x00000000cca00000, 0x00000000cca00000|100%| E|CS|TAMS 0x00000000cc900000, 0x00000000cc900000| Complete 

Card table byte_map: [0x0000021e2bde0000,0x0000021e2bfa0000] _byte_map_base: 0x0000021e2b797000

Marking Bits (Prev, Next): (CMBitMap*) 0x0000021e155662e0, (CMBitMap*) 0x0000021e15566320
 Prev Bits: [0x0000021e2c160000, 0x0000021e2cf18000)
 Next Bits: [0x0000021e2cf20000, 0x0000021e2dcd8000)

Polling page: 0x0000021e134a0000

Metaspace:

Usage:
  Non-class:      8.53 MB used.
      Class:      1.14 MB used.
       Both:      9.67 MB used.

Virtual space:
  Non-class space:       64.00 MB reserved,       8.56 MB ( 13%) committed,  1 nodes.
      Class space:        1.00 GB reserved,       1.25 MB ( <1%) committed,  1 nodes.
             Both:        1.06 GB reserved,       9.81 MB ( <1%) committed. 

Chunk freelists:
   Non-Class:  7.00 MB
       Class:  14.74 MB
        Both:  21.74 MB

MaxMetaspaceSize: unlimited
CompressedClassSpaceSize: 1.00 GB
Initial GC threshold: 21.00 MB
Current GC threshold: 21.00 MB
CDS: on
MetaspaceReclaimPolicy: balanced
 - commit_granule_bytes: 65536.
 - commit_granule_words: 8192.
 - virtual_space_node_default_size: 8388608.
 - enlarge_chunks_in_place: 1.
 - new_chunks_are_fully_committed: 0.
 - uncommit_free_chunks: 1.
 - use_allocation_guard: 0.
 - handle_deallocations: 1.


Internal statistics:

num_allocs_failed_limit: 0.
num_arena_births: 120.
num_arena_deaths: 0.
num_vsnodes_births: 2.
num_vsnodes_deaths: 0.
num_space_committed: 157.
num_space_uncommitted: 0.
num_chunks_returned_to_freelist: 0.
num_chunks_taken_from_freelist: 196.
num_chunk_merges: 0.
num_chunk_splits: 99.
num_chunks_enlarged: 27.
num_inconsistent_stats: 0.

CodeHeap 'non-profiled nmethods': size=120000Kb used=409Kb max_used=409Kb free=119590Kb
 bounds [0x0000021e248b0000, 0x0000021e24b20000, 0x0000021e2bde0000]
CodeHeap 'profiled nmethods': size=120000Kb used=2327Kb max_used=2327Kb free=117672Kb
 bounds [0x0000021e1cde0000, 0x0000021e1d050000, 0x0000021e24310000]
CodeHeap 'non-nmethods': size=5760Kb used=1303Kb max_used=1317Kb free=4456Kb
 bounds [0x0000021e24310000, 0x0000021e24580000, 0x0000021e248b0000]
 total_blobs=1986 nmethods=1349 adapters=550
 compilation: enabled
              stopped_count=0, restarted_count=0
 full_count=0

Compilation events (20 events):
Event: 3.722 Thread 0x0000021e30230aa0 nmethod 1339 0x0000021e1d016010 code [0x0000021e1d0161a0, 0x0000021e1d0162b8]
Event: 3.722 Thread 0x0000021e30230aa0 1340       1       javax.swing.AbstractButton::getVerticalAlignment (5 bytes)
Event: 3.722 Thread 0x0000021e30230aa0 nmethod 1340 0x0000021e24914b90 code [0x0000021e24914d20, 0x0000021e24914df8]
Event: 3.722 Thread 0x0000021e30230aa0 1341       1       javax.swing.AbstractButton::getHorizontalAlignment (5 bytes)
Event: 3.722 Thread 0x0000021e30230aa0 nmethod 1341 0x0000021e24914e90 code [0x0000021e24915020, 0x0000021e249150f8]
Event: 3.722 Thread 0x0000021e30230aa0 1342       1       javax.swing.AbstractButton::getVerticalTextPosition (5 bytes)
Event: 3.722 Thread 0x0000021e30230aa0 nmethod 1342 0x0000021e24915190 code [0x0000021e24915320, 0x0000021e249153f8]
Event: 3.722 Thread 0x0000021e30230aa0 1343       1       javax.swing.AbstractButton::getHorizontalTextPosition (5 bytes)
Event: 3.722 Thread 0x0000021e30230aa0 nmethod 1343 0x0000021e24915490 code [0x0000021e24915620, 0x0000021e249156f8]
Event: 3.722 Thread 0x0000021e30230aa0 1344       1       javax.swing.ImageIcon::getIconWidth (5 bytes)
Event: 3.722 Thread 0x0000021e30230aa0 nmethod 1344 0x0000021e24915790 code [0x0000021e24915920, 0x0000021e249159f8]
Event: 3.722 Thread 0x0000021e30230aa0 1345       1       javax.swing.ImageIcon::getIconHeight (5 bytes)
Event: 3.722 Thread 0x0000021e30230aa0 nmethod 1345 0x0000021e24915a90 code [0x0000021e24915c20, 0x0000021e24915cf8]
Event: 3.722 Thread 0x0000021e30230aa0 1346       1       java.awt.FontMetrics::getFont (5 bytes)
Event: 3.723 Thread 0x0000021e30230aa0 nmethod 1346 0x0000021e24915d90 code [0x0000021e24915f20, 0x0000021e24915ff8]
Event: 3.723 Thread 0x0000021e30230aa0 1347       1       sun.swing.MenuItemLayoutHelper$RectSize::setMaxWidth (6 bytes)
Event: 3.723 Thread 0x0000021e30230aa0 nmethod 1347 0x0000021e24916090 code [0x0000021e24916220, 0x0000021e249162f8]
Event: 3.723 Thread 0x0000021e30230aa0 1348       1       sun.swing.MenuItemLayoutHelper::setLeadingGap (6 bytes)
Event: 3.723 Thread 0x0000021e30230aa0 nmethod 1348 0x0000021e24916390 code [0x0000021e24916520, 0x0000021e249165f8]
Event: 3.751 Thread 0x0000021e30230aa0 1349       3       javax.swing.plaf.nimbus.NimbusStyle::validate (1150 bytes)

GC Heap History (2 events):
Event: 2.553 GC heap before
{Heap before GC invocations=0 (full 0):
 garbage-first heap   total 57344K, used 17408K [0x00000000c9200000, 0x0000000100000000)
  region size 1024K, 13 young (13312K), 0 survivors (0K)
 Metaspace       used 7833K, committed 8064K, reserved 1114112K
  class space    used 929K, committed 1024K, reserved 1048576K
}
Event: 2.576 GC heap after
{Heap after GC invocations=1 (full 0):
 garbage-first heap   total 57344K, used 7134K [0x00000000c9200000, 0x0000000100000000)
  region size 1024K, 2 young (2048K), 2 survivors (2048K)
 Metaspace       used 7833K, committed 8064K, reserved 1114112K
  class space    used 929K, committed 1024K, reserved 1048576K
}

Deoptimization events (20 events):
Event: 1.950 Thread 0x0000021e77202010 Uncommon trap: trap_request=0xffffff45 fr.pc=0x0000021e248e2448 relative=0x0000000000000228
Event: 1.950 Thread 0x0000021e77202010 Uncommon trap: reason=unstable_if action=reinterpret pc=0x0000021e248e2448 method=java.util.HashMap.getNode(Ljava/lang/Object;)Ljava/util/HashMap$Node; @ 85 c2
Event: 1.950 Thread 0x0000021e77202010 DEOPT PACKING pc=0x0000021e248e2448 sp=0x00000073dc4fd730
Event: 1.951 Thread 0x0000021e77202010 DEOPT UNPACKING pc=0x0000021e243623a3 sp=0x00000073dc4fd640 mode 2
Event: 2.579 Thread 0x0000021e77202010 Uncommon trap: trap_request=0xffffff45 fr.pc=0x0000021e248f4dd8 relative=0x00000000000000d8
Event: 2.579 Thread 0x0000021e77202010 Uncommon trap: reason=unstable_if action=reinterpret pc=0x0000021e248f4dd8 method=java.lang.ref.SoftReference.get()Ljava/lang/Object; @ 17 c2
Event: 2.579 Thread 0x0000021e77202010 DEOPT PACKING pc=0x0000021e248f4dd8 sp=0x00000073dc4fe8b0
Event: 2.579 Thread 0x0000021e77202010 DEOPT UNPACKING pc=0x0000021e243623a3 sp=0x00000073dc4fe868 mode 2
Event: 2.647 Thread 0x0000021e778247b0 DEOPT PACKING pc=0x0000021e1cf6295e sp=0x00000073dccff2a0
Event: 2.647 Thread 0x0000021e778247b0 DEOPT UNPACKING pc=0x0000021e24362b43 sp=0x00000073dccfe740 mode 0
Event: 3.310 Thread 0x0000021e77202010 DEOPT PACKING pc=0x0000021e1cfd9ce2 sp=0x00000073dc4fd8d0
Event: 3.310 Thread 0x0000021e77202010 DEOPT UNPACKING pc=0x0000021e24362b43 sp=0x00000073dc4fcd58 mode 0
Event: 3.415 Thread 0x0000021e77202010 Uncommon trap: trap_request=0xffffff76 fr.pc=0x0000021e24909d7c relative=0x000000000000025c
Event: 3.415 Thread 0x0000021e77202010 Uncommon trap: reason=predicate action=maybe_recompile pc=0x0000021e24909d7c method=java.util.ArrayList.indexOfRange(Ljava/lang/Object;II)I @ 45 c2
Event: 3.415 Thread 0x0000021e77202010 DEOPT PACKING pc=0x0000021e24909d7c sp=0x00000073dc4fea70
Event: 3.415 Thread 0x0000021e77202010 DEOPT UNPACKING pc=0x0000021e243623a3 sp=0x00000073dc4fe9f8 mode 2
Event: 3.420 Thread 0x0000021e77202010 Uncommon trap: trap_request=0xffffff45 fr.pc=0x0000021e248ee740 relative=0x0000000000002280
Event: 3.420 Thread 0x0000021e77202010 Uncommon trap: reason=unstable_if action=reinterpret pc=0x0000021e248ee740 method=java.lang.ref.SoftReference.get()Ljava/lang/Object; @ 17 c2
Event: 3.420 Thread 0x0000021e77202010 DEOPT PACKING pc=0x0000021e248ee740 sp=0x00000073dc4fdad0
Event: 3.420 Thread 0x0000021e77202010 DEOPT UNPACKING pc=0x0000021e243623a3 sp=0x00000073dc4fd848 mode 2

Classes unloaded (0 events):
No events

Classes redefined (0 events):
No events

Internal exceptions (20 events):
Event: 1.229 Thread 0x0000021e1552f2e0 Exception <a 'java/lang/ClassNotFoundException'{0x00000000cc5dfce8}: ToolBar> (0x00000000cc5dfce8) 
thrown [s\open\src\hotspot\share\classfile\systemDictionary.cpp, line 256]
Event: 1.229 Thread 0x0000021e1552f2e0 Exception <a 'java/lang/ClassNotFoundException'{0x00000000cc5e0058}: ToggleButton> (0x00000000cc5e0058) 
thrown [s\open\src\hotspot\share\classfile\systemDictionary.cpp, line 256]
Event: 1.229 Thread 0x0000021e1552f2e0 Exception <a 'java/lang/ClassNotFoundException'{0x00000000cc5e0498}: javax/swing/JToolBarSeparator> (0x00000000cc5e0498) 
thrown [s\open\src\hotspot\share\classfile\systemDictionary.cpp, line 256]
Event: 1.229 Thread 0x0000021e1552f2e0 Exception <a 'java/lang/ClassNotFoundException'{0x00000000cc5e07a0}: ToolBarSeparator> (0x00000000cc5e07a0) 
thrown [s\open\src\hotspot\share\classfile\systemDictionary.cpp, line 256]
Event: 1.230 Thread 0x0000021e1552f2e0 Exception <a 'java/lang/ClassNotFoundException'{0x00000000cc5e0cb8}: ToolTip> (0x00000000cc5e0cb8) 
thrown [s\open\src\hotspot\share\classfile\systemDictionary.cpp, line 256]
Event: 1.232 Thread 0x0000021e1552f2e0 Exception <a 'java/lang/ClassNotFoundException'{0x00000000cc5e1608}: Tree> (0x00000000cc5e1608) 
thrown [s\open\src\hotspot\share\classfile\systemDictionary.cpp, line 256]
Event: 1.232 Thread 0x0000021e1552f2e0 Exception <a 'java/lang/ClassNotFoundException'{0x00000000cc5e1b00}: Tree> (0x00000000cc5e1b00) 
thrown [s\open\src\hotspot\share\classfile\systemDictionary.cpp, line 256]
Event: 1.232 Thread 0x0000021e1552f2e0 Exception <a 'java/lang/ClassNotFoundException'{0x00000000cc5e1e70}: javax/swing/JTreeCell> (0x00000000cc5e1e70) 
thrown [s\open\src\hotspot\share\classfile\systemDictionary.cpp, line 256]
Event: 1.232 Thread 0x0000021e1552f2e0 Exception <a 'java/lang/ClassNotFoundException'{0x00000000cc5e2170}: TreeCell> (0x00000000cc5e2170) 
thrown [s\open\src\hotspot\share\classfile\systemDictionary.cpp, line 256]
Event: 1.233 Thread 0x0000021e1552f2e0 Exception <a 'java/lang/ClassNotFoundException'{0x00000000cc5e2930}: RootPane> (0x00000000cc5e2930) 
thrown [s\open\src\hotspot\share\classfile\systemDictionary.cpp, line 256]
Event: 1.239 Thread 0x0000021e1552f2e0 Exception <a 'java/lang/ClassNotFoundException'{0x00000000cc5e5780}: com/sun/swing/internal/plaf/metal/resources/spi/metalProvider> (0x00000000cc5e5780) 
thrown [s\open\src\hotspot\share\classfile\systemDictionary.cpp, line 256]
Event: 1.242 Thread 0x0000021e1552f2e0 Exception <a 'java/lang/ClassNotFoundException'{0x00000000cc5e9330}: com/sun/swing/internal/plaf/basic/resources/spi/basicProvider> (0x00000000cc5e9330) 
thrown [s\open\src\hotspot\share\classfile\systemDictionary.cpp, line 256]
Event: 1.498 Thread 0x0000021e77202010 Exception <a 'java/lang/ClassNotFoundException'{0x00000000cc49b838}: com/sun/swing/internal/plaf/synth/resources/spi/synthProvider> (0x00000000cc49b838) 
thrown [s\open\src\hotspot\share\classfile\systemDictionary.cpp, line 256]
Event: 1.707 Thread 0x0000021e776ff990 Exception <a 'java/lang/NoSuchMethodError'{0x00000000cc2799c8}: 'java.lang.Object java.lang.invoke.DirectMethodHandle$Holder.newInvokeSpecial(java.lang.Object, java.lang.Object, java.lang.Object, int, int, int, int, int)'> (0x00000000cc2799c8) 
thrown [s\open\src\hotspot\share\interpreter\linkResolver.cpp, line 759]
Event: 2.783 Thread 0x0000021e306b2fe0 Exception <a 'java/lang/NoSuchMethodError'{0x00000000cc8084a8}: 'void java.lang.invoke.DirectMethodHandle$Holder.invokeVirtual(java.lang.Object, java.lang.Object)'> (0x00000000cc8084a8) 
thrown [s\open\src\hotspot\share\interpreter\linkResolver.cpp, line 759]
Event: 2.833 Thread 0x0000021e77202010 Exception <a 'java/lang/NoSuchMethodError'{0x00000000cc85ced8}: 'void java.lang.invoke.DirectMethodHandle$Holder.invokeStaticInit(java.lang.Object)'> (0x00000000cc85ced8) 
thrown [s\open\src\hotspot\share\interpreter\linkResolver.cpp, line 759]
Event: 3.182 Thread 0x0000021e77202010 Exception <a 'java/io/FileNotFoundException'{0x00000000cc716090}> (0x00000000cc716090) 
thrown [s\open\src\hotspot\share\prims\jni.cpp, line 516]
Event: 3.200 Thread 0x0000021e77202010 Exception <a 'java/io/FileNotFoundException'{0x00000000cc72e5d0}> (0x00000000cc72e5d0) 
thrown [s\open\src\hotspot\share\prims\jni.cpp, line 516]
Event: 3.286 Thread 0x0000021e77202010 Exception <a 'java/io/FileNotFoundException'{0x00000000cc7a90d8}> (0x00000000cc7a90d8) 
thrown [s\open\src\hotspot\share\prims\jni.cpp, line 516]
Event: 3.296 Thread 0x0000021e77202010 Exception <a 'java/io/FileNotFoundException'{0x00000000cc7c0e10}> (0x00000000cc7c0e10) 
thrown [s\open\src\hotspot\share\prims\jni.cpp, line 516]

VM Operations (16 events):
Event: 0.325 Executing VM operation: HandshakeAllThreads
Event: 0.325 Executing VM operation: HandshakeAllThreads done
Event: 1.125 Executing VM operation: HandshakeAllThreads
Event: 1.125 Executing VM operation: HandshakeAllThreads done
Event: 1.899 Executing VM operation: HandshakeAllThreads
Event: 1.899 Executing VM operation: HandshakeAllThreads done
Event: 1.899 Executing VM operation: Cleanup
Event: 1.900 Executing VM operation: Cleanup done
Event: 2.552 Executing VM operation: G1CollectForAllocation
Event: 2.576 Executing VM operation: G1CollectForAllocation done
Event: 3.110 Executing VM operation: HandshakeAllThreads
Event: 3.111 Executing VM operation: HandshakeAllThreads done
Event: 3.336 Executing VM operation: HandshakeAllThreads
Event: 3.336 Executing VM operation: HandshakeAllThreads done
Event: 3.526 Executing VM operation: HandshakeAllThreads
Event: 3.526 Executing VM operation: HandshakeAllThreads done

Events (20 events):
Event: 3.534 loading class sun/java2d/marlin/MarlinTileGenerator
Event: 3.534 loading class sun/java2d/pipe/AATileGenerator
Event: 3.535 loading class sun/java2d/pipe/AATileGenerator done
Event: 3.535 loading class sun/java2d/marlin/MarlinTileGenerator done
Event: 3.535 loading class sun/java2d/marlin/Stroker
Event: 3.535 loading class sun/java2d/marlin/Stroker done
Event: 3.535 loading class sun/java2d/marlin/Dasher
Event: 3.536 loading class sun/java2d/marlin/Dasher done
Event: 3.536 loading class sun/java2d/marlin/Dasher$LengthIterator
Event: 3.536 loading class sun/java2d/marlin/Dasher$LengthIterator done
Event: 3.582 loading class sun/java2d/marlin/ArrayCacheConst
Event: 3.582 loading class sun/java2d/marlin/ArrayCacheConst done
Event: 3.583 loading class sun/swing/MenuItemLayoutHelper$LayoutResult
Event: 3.583 loading class sun/swing/MenuItemLayoutHelper$LayoutResult done
Event: 3.600 loading class java/awt/PrintGraphics
Event: 3.600 loading class java/awt/PrintGraphics done
Event: 3.600 loading class sun/java2d/loops/FontInfo
Event: 3.600 loading class sun/java2d/loops/FontInfo done
Event: 3.761 loading class java/awt/DefaultKeyboardFocusManager$DefaultKeyboardFocusManagerSentEvent
Event: 3.761 loading class java/awt/SentEvent


Dynamic libraries:
0x00007ff6f3510000 - 0x00007ff6f3520000 	C:\Program Files\Java\jdk-17\bin\java.exe
0x00007ffc4e830000 - 0x00007ffc4ea47000 	C:\WINDOWS\SYSTEM32\ntdll.dll
0x00007ffc4d560000 - 0x00007ffc4d624000 	C:\WINDOWS\System32\KERNEL32.DLL
0x00007ffc4bc70000 - 0x00007ffc4c029000 	C:\WINDOWS\System32\KERNELBASE.dll
0x00007ffc4c400000 - 0x00007ffc4c511000 	C:\WINDOWS\System32\ucrtbase.dll
0x00007ffc015a0000 - 0x00007ffc015b9000 	C:\Program Files\Java\jdk-17\bin\jli.dll
0x00007ffc4cf80000 - 0x00007ffc4d032000 	C:\WINDOWS\System32\ADVAPI32.dll
0x00007ffc4dab0000 - 0x00007ffc4db57000 	C:\WINDOWS\System32\msvcrt.dll
0x00007ffc4d920000 - 0x00007ffc4d9c7000 	C:\WINDOWS\System32\sechost.dll
0x00007ffc4c520000 - 0x00007ffc4c548000 	C:\WINDOWS\System32\bcrypt.dll
0x00007ffc4c9e0000 - 0x00007ffc4caf4000 	C:\WINDOWS\System32\RPCRT4.dll
0x00007ffc1cbb0000 - 0x00007ffc1cbcb000 	C:\Program Files\Java\jdk-17\bin\VCRUNTIME140.dll
0x00007ffc4e5c0000 - 0x00007ffc4e76e000 	C:\WINDOWS\System32\USER32.dll
0x00007ffc4c030000 - 0x00007ffc4c056000 	C:\WINDOWS\System32\win32u.dll
0x00007ffc4d630000 - 0x00007ffc4d659000 	C:\WINDOWS\System32\GDI32.dll
0x00007ffc4c060000 - 0x00007ffc4c17b000 	C:\WINDOWS\System32\gdi32full.dll
0x00007ffc4c2f0000 - 0x00007ffc4c38a000 	C:\WINDOWS\System32\msvcp_win.dll
0x00007ffc20970000 - 0x00007ffc20c02000 	C:\WINDOWS\WinSxS\amd64_microsoft.windows.common-controls_6595b64144ccf1df_6.0.22621.4391_none_2715d37f73803e96\COMCTL32.dll
0x00007ffc423b0000 - 0x00007ffc423ba000 	C:\WINDOWS\SYSTEM32\VERSION.dll
0x00007ffc4db60000 - 0x00007ffc4db91000 	C:\WINDOWS\System32\IMM32.DLL
0x00007ffc22d10000 - 0x00007ffc22d1c000 	C:\Program Files\Java\jdk-17\bin\vcruntime140_1.dll
0x00007ffc14890000 - 0x00007ffc1491e000 	C:\Program Files\Java\jdk-17\bin\msvcp140.dll
0x00007ffbbb8b0000 - 0x00007ffbbc48f000 	C:\Program Files\Java\jdk-17\bin\server\jvm.dll
0x00007ffc4c5b0000 - 0x00007ffc4c5b8000 	C:\WINDOWS\System32\PSAPI.DLL
0x00007ffc47e70000 - 0x00007ffc47ea4000 	C:\WINDOWS\SYSTEM32\WINMM.dll
0x00007ffc1f660000 - 0x00007ffc1f669000 	C:\WINDOWS\SYSTEM32\WSOCK32.dll
0x00007ffc4c950000 - 0x00007ffc4c9c1000 	C:\WINDOWS\System32\WS2_32.dll
0x00007ffc4ac60000 - 0x00007ffc4ac78000 	C:\WINDOWS\SYSTEM32\kernel.appcore.dll
0x00007ffc20c10000 - 0x00007ffc20c1a000 	C:\Program Files\Java\jdk-17\bin\jimage.dll
0x00007ffc439e0000 - 0x00007ffc43c12000 	C:\WINDOWS\SYSTEM32\DBGHELP.DLL
0x00007ffc4c5c0000 - 0x00007ffc4c94f000 	C:\WINDOWS\System32\combase.dll
0x00007ffc4d9d0000 - 0x00007ffc4daa7000 	C:\WINDOWS\System32\OLEAUT32.dll
0x00007ffc39400000 - 0x00007ffc39432000 	C:\WINDOWS\SYSTEM32\dbgcore.DLL
0x00007ffc4bbf0000 - 0x00007ffc4bc6b000 	C:\WINDOWS\System32\bcryptPrimitives.dll
0x00007ffc17df0000 - 0x00007ffc17e15000 	C:\Program Files\Java\jdk-17\bin\java.dll
0x00007ffc15880000 - 0x00007ffc15957000 	C:\Program Files\Java\jdk-17\bin\jsvml.dll
0x00007ffc4dba0000 - 0x00007ffc4e416000 	C:\WINDOWS\System32\SHELL32.dll
0x00007ffc49a80000 - 0x00007ffc4a383000 	C:\WINDOWS\SYSTEM32\windows.storage.dll
0x00007ffc49940000 - 0x00007ffc49a7f000 	C:\WINDOWS\SYSTEM32\wintypes.dll
0x00007ffc4d670000 - 0x00007ffc4d769000 	C:\WINDOWS\System32\SHCORE.dll
0x00007ffc4d040000 - 0x00007ffc4d09e000 	C:\WINDOWS\System32\shlwapi.dll
0x00007ffc4ba60000 - 0x00007ffc4ba8b000 	C:\WINDOWS\SYSTEM32\profapi.dll
0x00007ffc1a430000 - 0x00007ffc1a449000 	C:\Program Files\Java\jdk-17\bin\net.dll
0x00007ffc47540000 - 0x00007ffc47676000 	C:\WINDOWS\SYSTEM32\WINHTTP.dll
0x00007ffc4b0e0000 - 0x00007ffc4b149000 	C:\WINDOWS\system32\mswsock.dll
0x00007ffc182c0000 - 0x00007ffc182d6000 	C:\Program Files\Java\jdk-17\bin\nio.dll
0x00007ffc17040000 - 0x00007ffc17058000 	C:\Program Files\Java\jdk-17\bin\zip.dll
0x00007ffc00db0000 - 0x00007ffc00f41000 	C:\Program Files\Java\jdk-17\bin\awt.dll
0x00007ffc47940000 - 0x00007ffc479d7000 	C:\WINDOWS\SYSTEM32\apphelp.dll
0x00007ffc48f80000 - 0x00007ffc49031000 	C:\WINDOWS\system32\uxtheme.dll
0x00007ffc4d0c0000 - 0x00007ffc4d220000 	C:\WINDOWS\System32\MSCTF.dll
0x00007ffc4d770000 - 0x00007ffc4d915000 	C:\WINDOWS\System32\ole32.dll
0x00007ffc492c0000 - 0x00007ffc492eb000 	C:\WINDOWS\system32\DWMAPI.DLL
0x00007ffc00c20000 - 0x00007ffc00ca7000 	C:\Program Files\Java\jdk-17\bin\freetype.dll
0x00007ffbf3390000 - 0x00007ffbf3463000 	C:\Program Files\Java\jdk-17\bin\fontmanager.dll
0x00007ffc00cb0000 - 0x00007ffc00db0000 	C:\WINDOWS\system32\opengl32.dll
0x00007ffc16990000 - 0x00007ffc169bd000 	C:\WINDOWS\SYSTEM32\GLU32.dll
0x00007ffc49150000 - 0x00007ffc49187000 	C:\WINDOWS\SYSTEM32\dxcore.dll
0x00007ffbf74b0000 - 0x00007ffbf7658000 	C:\WINDOWS\system32\d3d9.dll
0x00007ffc3f830000 - 0x00007ffc3f9eb000 	C:\WINDOWS\System32\DriverStore\FileRepository\u0385801.inf_amd64_14d64460460e078e\B385477\aticfx64.dll
0x00007ffc15960000 - 0x00007ffc15994000 	C:\WINDOWS\System32\DriverStore\FileRepository\u0385801.inf_amd64_14d64460460e078e\B385477\atiu9p64.dll
0x00007ffb7aaf0000 - 0x00007ffb7b845000 	C:\WINDOWS\System32\DriverStore\FileRepository\u0385801.inf_amd64_14d64460460e078e\B385477\atiumd64.dll
0x0000000069a00000 - 0x000000006a927000 	C:\WINDOWS\System32\DriverStore\FileRepository\u0385801.inf_amd64_14d64460460e078e\B385477\atiumd6a.dll
0x00007ffc4cb00000 - 0x00007ffc4cf74000 	C:\WINDOWS\System32\SETUPAPI.dll
0x00007ffc4a9c0000 - 0x00007ffc4aa0d000 	C:\WINDOWS\SYSTEM32\POWRPROF.dll
0x00007ffc4a9a0000 - 0x00007ffc4a9b3000 	C:\WINDOWS\SYSTEM32\UMPDC.dll
0x00007ffc3ecb0000 - 0x00007ffc3ece5000 	C:\WINDOWS\SYSTEM32\amdihk64.dll
0x00007ffc43550000 - 0x00007ffc43599000 	C:\WINDOWS\SYSTEM32\directxdatabasehelper.dll
0x00007ffc24fa0000 - 0x00007ffc24fce000 	C:\Program Files\Java\jdk-17\bin\javajpeg.dll
0x00007ffc26cc0000 - 0x00007ffc26e05000 	C:\WINDOWS\SYSTEM32\textinputframework.dll
0x00007ffc1c040000 - 0x00007ffc1c489000 	C:\WINDOWS\SYSTEM32\uiautomationcore.dll
0x00007ffc1ed00000 - 0x00007ffc1ed69000 	C:\WINDOWS\SYSTEM32\OLEACC.dll
0x00007ffc4d430000 - 0x00007ffc4d4e0000 	C:\WINDOWS\System32\clbcatq.dll
0x00007ffc1a450000 - 0x00007ffc1a465000 	C:\Windows\System32\threadpoolwinrt.dll

dbghelp: loaded successfully - version: 4.0.5 - missing functions: none
symbol engine: initialized successfully - sym options: 0x614 - pdb path: .;C:\Program Files\Java\jdk-17\bin;C:\WINDOWS\SYSTEM32;C:\WINDOWS\WinSxS\amd64_microsoft.windows.common-controls_6595b64144ccf1df_6.0.22621.4391_none_2715d37f73803e96;C:\Program Files\Java\jdk-17\bin\server;C:\WINDOWS\System32\DriverStore\FileRepository\u0385801.inf_amd64_14d64460460e078e\B385477

VM Arguments:
jvm_args: -Dfile.encoding=UTF-8 --module-path=D:\Documentos, Trabajos o Proyectos de UTP\Proyecto Final POO\ELECTRO ADMIN\Electro-Admin\build\classes 
java_command: Formularios.Menu
java_class_path (initial): C:\Program Files\NetBeans-19\netbeans\java\modules\ext\AbsoluteLayout.jar;D:\Documentos, Trabajos o Proyectos de UTP\Proyecto Final POO\ELECTRO ADMIN\Electro-Admin\src\Conectores\mysql-connector-java-5.1.46-bin.jar;D:\Documentos, Trabajos o Proyectos de UTP\Proyecto Final POO\ELECTRO ADMIN\Electro-Admin\build\classes
Launcher Type: SUN_STANDARD

[Global flags]
     intx CICompilerCount                          = 3                                         {product} {ergonomic}
     uint ConcGCThreads                            = 1                                         {product} {ergonomic}
     uint G1ConcRefinementThreads                  = 4                                         {product} {ergonomic}
   size_t G1HeapRegionSize                         = 1048576                                   {product} {ergonomic}
    uintx GCDrainStackTargetSize                   = 64                                        {product} {ergonomic}
   size_t InitialHeapSize                          = 58720256                                  {product} {ergonomic}
   size_t MarkStackSize                            = 4194304                                   {product} {ergonomic}
   size_t MaxHeapSize                              = 920649728                                 {product} {ergonomic}
   size_t MaxNewSize                               = 551550976                                 {product} {ergonomic}
   size_t MinHeapDeltaBytes                        = 1048576                                   {product} {ergonomic}
   size_t MinHeapSize                              = 8388608                                   {product} {ergonomic}
    uintx NonNMethodCodeHeapSize                   = 5832780                                {pd product} {ergonomic}
    uintx NonProfiledCodeHeapSize                  = 122912730                              {pd product} {ergonomic}
    uintx ProfiledCodeHeapSize                     = 122912730                              {pd product} {ergonomic}
    uintx ReservedCodeCacheSize                    = 251658240                              {pd product} {ergonomic}
     bool SegmentedCodeCache                       = true                                      {product} {ergonomic}
   size_t SoftMaxHeapSize                          = 920649728                              {manageable} {ergonomic}
     bool UseCompressedClassPointers               = true                           {product lp64_product} {ergonomic}
     bool UseCompressedOops                        = true                           {product lp64_product} {ergonomic}
     bool UseG1GC                                  = true                                      {product} {ergonomic}
     bool UseLargePagesIndividualAllocation        = false                                  {pd product} {ergonomic}

Logging:
Log output configuration:
 #0: stdout all=warning uptime,level,tags
 #1: stderr all=off uptime,level,tags

Environment Variables:
PATH=C:\Program Files\Common Files\Oracle\Java\javapath;C:\WINDOWS\system32;C:\WINDOWS;C:\WINDOWS\System32\Wbem;C:\WINDOWS\System32\WindowsPowerShell\v1.0\;C:\WINDOWS\System32\OpenSSH\;C:\Program Files (x86)\Microsoft SQL Server\160\Tools\Binn\;C:\Program Files\Microsoft SQL Server\160\Tools\Binn\;C:\Program Files\Microsoft SQL Server\Client SDK\ODBC\170\Tools\Binn\;C:\Program Files\Microsoft SQL Server\160\DTS\Binn\;C:\Program Files (x86)\Microsoft SQL Server\160\DTS\Binn\;C:\Program Files\Git\cmd;C:\Users\JOSUE\AppData\Local\Microsoft\WindowsApps;
USERNAME=JOSUE
OS=Windows_NT
PROCESSOR_IDENTIFIER=AMD64 Family 23 Model 24 Stepping 1, AuthenticAMD



---------------  S Y S T E M  ---------------

OS:
 Windows 11 , 64 bit Build 22621 (10.0.22621.4391)
OS uptime: 0 days 23:44 hours

CPU: total 4 (initial active 4) (4 cores per cpu, 2 threads per core) family 23 model 24 stepping 1 microcode 0x0, cx8, cmov, fxsr, ht, mmx, 3dnowpref, sse, sse2, sse3, ssse3, sse4a, sse4.1, sse4.2, popcnt, lzcnt, tsc, tscinvbit, avx, avx2, aes, clmul, bmi1, bmi2, adx, sha, fma, vzeroupper, clflush, clflushopt

Memory: 4k page, system-wide physical 3504M (125M free)
TotalPageFile size 14256M (AvailPageFile size 0M)
current process WorkingSet (physical memory assigned to process): 114M, peak: 114M
current process commit charge ("private bytes"): 191M, peak: 192M

vm_info: Java HotSpot(TM) 64-Bit Server VM (17.0.10+11-LTS-240) for windows-amd64 JRE (17.0.10+11-LTS-240), built on Dec 19 2023 21:47:25 by "mach5one" with MS VC++ 17.1 (VS2022)

END.
