#
# There is insufficient memory for the Java Runtime Environment to continue.
# Native memory allocation (malloc) failed to allocate 32744 bytes for ChunkPool::allocate
# Possible reasons:
#   The system is out of physical RAM or swap space
#   The process is running with CompressedOops enabled, and the Java Heap may be blocking the growth of the native heap
# Possible solutions:
#   Reduce memory load on the system
#   Increase physical memory or swap space
#   Check if swap backing store is full
#   Decrease Java heap size (-Xmx/-Xms)
#   Decrease number of Java threads
#   Decrease Java thread stack sizes (-Xss)
#   Set larger code cache with -XX:ReservedCodeCacheSize=
#   JVM is running with Unscaled Compressed Oops mode in which the Java heap is
#     placed in the first 4GB address space. The Java Heap base address is the
#     maximum limit for the native heap growth. Please use -XX:HeapBaseMinAddress
#     to set the Java Heap base and to place the Java Heap above 4GB virtual address.
# This output file may be truncated or incomplete.
#
#  Out of Memory Error (arena.cpp:78), pid=4528, tid=7588
#
# JRE version: Java(TM) SE Runtime Environment (17.0.10+11) (build 17.0.10+11-LTS-240)
# Java VM: Java HotSpot(TM) 64-Bit Server VM (17.0.10+11-LTS-240, mixed mode, sharing, tiered, compressed oops, compressed class ptrs, g1 gc, windows-amd64)
# No core dump will be written. Minidumps are not enabled by default on client versions of Windows
#

---------------  S U M M A R Y ------------

Command Line: -Dfile.encoding=UTF-8 --module-path=D:\Documentos, Trabajos o Proyectos de UTP\Proyecto Final POO\ELECTRO ADMIN\Electro-Admin\build\classes Formularios.Login

Host: AMD Ryzen 3 3250U with Radeon Graphics         , 4 cores, 3G,  Windows 11 , 64 bit Build 22621 (10.0.22621.3958)
Time: Tue Nov 12 20:33:07 2024 Hora est. Pacífico, Sudamérica elapsed time: 122.693202 seconds (0d 0h 2m 2s)

---------------  T H R E A D  ---------------

Current thread (0x00000246ac02f2c0):  JavaThread "C2 CompilerThread0" daemon [_thread_in_native, id=7588, stack(0x000000acf7000000,0x000000acf7100000)]


Current CompileTask:
C2: 122693 3563       4       javax.swing.plaf.nimbus.NimbusStyle::get (241 bytes)

Stack: [0x000000acf7000000,0x000000acf7100000]
Native frames: (J=compiled Java code, j=interpreted, Vv=VM code, C=native code)
V  [jvm.dll+0x677a5a]
V  [jvm.dll+0x7d8b2d]
V  [jvm.dll+0x7da48e]
V  [jvm.dll+0x7daaf3]
V  [jvm.dll+0x2455ff]
V  [jvm.dll+0xaad50]
V  [jvm.dll+0xab09c]
V  [jvm.dll+0x342972]
V  [jvm.dll+0x3486d5]
V  [jvm.dll+0x68afe6]
V  [jvm.dll+0x68c70c]
V  [jvm.dll+0x69005c]
V  [jvm.dll+0x688056]
V  [jvm.dll+0x6876a0]
V  [jvm.dll+0x6855aa]
V  [jvm.dll+0x1a666c]
V  [jvm.dll+0x2aa21c]
V  [jvm.dll+0x690083]
V  [jvm.dll+0x688056]
V  [jvm.dll+0x6876a0]
V  [jvm.dll+0x6855aa]
V  [jvm.dll+0x1a666c]
V  [jvm.dll+0x2aa21c]
V  [jvm.dll+0x690083]
V  [jvm.dll+0x688056]
V  [jvm.dll+0x6876a0]
V  [jvm.dll+0x6855aa]
V  [jvm.dll+0x1a666c]
V  [jvm.dll+0x2aa21c]
V  [jvm.dll+0x690083]
V  [jvm.dll+0x688056]
V  [jvm.dll+0x6876a0]
V  [jvm.dll+0x6855aa]
V  [jvm.dll+0x1a666c]
V  [jvm.dll+0x2aa21c]
V  [jvm.dll+0x690083]
V  [jvm.dll+0x688056]
V  [jvm.dll+0x6876a0]
V  [jvm.dll+0x6855aa]
V  [jvm.dll+0x1a666c]
V  [jvm.dll+0x2aa21c]
V  [jvm.dll+0x690083]
V  [jvm.dll+0x688056]
V  [jvm.dll+0x6876a0]
V  [jvm.dll+0x6855aa]
V  [jvm.dll+0x1a666c]
V  [jvm.dll+0x2aa21c]
V  [jvm.dll+0x690083]
V  [jvm.dll+0x688056]
V  [jvm.dll+0x6876a0]
V  [jvm.dll+0x6855aa]
V  [jvm.dll+0x1a666c]
V  [jvm.dll+0x216938]
V  [jvm.dll+0x1a3410]
V  [jvm.dll+0x226aeb]
V  [jvm.dll+0x224cab]
V  [jvm.dll+0x78e45c]
V  [jvm.dll+0x78888a]
V  [jvm.dll+0x676935]
C  [ucrtbase.dll+0x29333]
C  [KERNEL32.DLL+0x1257d]
C  [ntdll.dll+0x5af08]


---------------  P R O C E S S  ---------------

Threads class SMR info:
_java_thread_list=0x0000024712d78ba0, length=19, elements={
0x00000246ac0152d0, 0x00000246ac016e00, 0x00000246ac02b090, 0x00000246ac02b960,
0x00000246ac02d240, 0x00000246ac02df20, 0x00000246ac02f2c0, 0x00000246ac032a40,
0x00000246ac035bc0, 0x00000246ac001f70, 0x000002470c08c650, 0x000002470c294ab0,
0x000002470c294f90, 0x000002470c2c8040, 0x000002470c348480, 0x00000246abf6f730,
0x000002470df72d70, 0x000002470def7330, 0x000002470def7d50
}

Java Threads: ( => current thread )
  0x00000246ac0152d0 JavaThread "Reference Handler" daemon [_thread_blocked, id=5864, stack(0x000000acf6a00000,0x000000acf6b00000)]
  0x00000246ac016e00 JavaThread "Finalizer" daemon [_thread_blocked, id=10056, stack(0x000000acf6b00000,0x000000acf6c00000)]
  0x00000246ac02b090 JavaThread "Signal Dispatcher" daemon [_thread_blocked, id=17596, stack(0x000000acf6c00000,0x000000acf6d00000)]
  0x00000246ac02b960 JavaThread "Attach Listener" daemon [_thread_blocked, id=2644, stack(0x000000acf6d00000,0x000000acf6e00000)]
  0x00000246ac02d240 JavaThread "Service Thread" daemon [_thread_blocked, id=7148, stack(0x000000acf6e00000,0x000000acf6f00000)]
  0x00000246ac02df20 JavaThread "Monitor Deflation Thread" daemon [_thread_blocked, id=10128, stack(0x000000acf6f00000,0x000000acf7000000)]
=>0x00000246ac02f2c0 JavaThread "C2 CompilerThread0" daemon [_thread_in_native, id=7588, stack(0x000000acf7000000,0x000000acf7100000)]
  0x00000246ac032a40 JavaThread "C1 CompilerThread0" daemon [_thread_blocked, id=16716, stack(0x000000acf7100000,0x000000acf7200000)]
  0x00000246ac035bc0 JavaThread "Sweeper thread" daemon [_thread_blocked, id=8444, stack(0x000000acf7200000,0x000000acf7300000)]
  0x00000246ac001f70 JavaThread "Common-Cleaner" daemon [_thread_blocked, id=13232, stack(0x000000acf7300000,0x000000acf7400000)]
  0x000002470c08c650 JavaThread "Notification Thread" daemon [_thread_blocked, id=5948, stack(0x000000acf7400000,0x000000acf7500000)]
  0x000002470c294ab0 JavaThread "Java2D Disposer" daemon [_thread_blocked, id=9528, stack(0x000000acf7600000,0x000000acf7700000)]
  0x000002470c294f90 JavaThread "AWT-Shutdown" [_thread_blocked, id=8752, stack(0x000000acf7700000,0x000000acf7800000)]
  0x000002470c2c8040 JavaThread "AWT-Windows" daemon [_thread_in_native, id=13128, stack(0x000000acf7800000,0x000000acf7900000)]
  0x000002470c348480 JavaThread "AWT-EventQueue-0" [_thread_blocked, id=17880, stack(0x000000acf7900000,0x000000acf7a00000)]
  0x00000246abf6f730 JavaThread "DestroyJavaVM" [_thread_blocked, id=11656, stack(0x000000acf6300000,0x000000acf6400000)]
  0x000002470df72d70 JavaThread "TimerQueue" daemon [_thread_blocked, id=16280, stack(0x000000acf8100000,0x000000acf8200000)]
  0x000002470def7330 JavaThread "D3D Screen Updater" daemon [_thread_in_native, id=12704, stack(0x000000acf8300000,0x000000acf8400000)]
  0x000002470def7d50 JavaThread "Abandoned connection cleanup thread" daemon [_thread_blocked, id=17684, stack(0x000000acf6000000,0x000000acf6100000)]

Other Threads:
  0x00000246ac00f020 VMThread "VM Thread" [stack: 0x000000acf6900000,0x000000acf6a00000] [id=14216]
  0x000002470c0e6080 WatcherThread [stack: 0x000000acf7500000,0x000000acf7600000] [id=11792]
  0x00000246abfa8b10 GCTaskThread "GC Thread#0" [stack: 0x000000acf6400000,0x000000acf6500000] [id=7496]
  0x000002470db2e4c0 GCTaskThread "GC Thread#1" [stack: 0x000000acf7f00000,0x000000acf8000000] [id=12776]
  0x00000246abf7dcb0 GCTaskThread "GC Thread#2" [stack: 0x000000acf8900000,0x000000acf8a00000] [id=8824]
  0x00000246abf7df70 GCTaskThread "GC Thread#3" [stack: 0x000000acf8a00000,0x000000acf8b00000] [id=4456]
  0x00000246abfb0720 ConcurrentGCThread "G1 Main Marker" [stack: 0x000000acf6500000,0x000000acf6600000] [id=14448]
  0x00000246abfb17d0 ConcurrentGCThread "G1 Conc#0" [stack: 0x000000acf6600000,0x000000acf6700000] [id=14868]
  0x00000246abfeda30 ConcurrentGCThread "G1 Refine#0" [stack: 0x000000acf6700000,0x000000acf6800000] [id=14472]
  0x000002470dbd30b0 ConcurrentGCThread "G1 Refine#1" [stack: 0x000000acf8b00000,0x000000acf8c00000] [id=14212]
  0x00000246abfee360 ConcurrentGCThread "G1 Service" [stack: 0x000000acf6800000,0x000000acf6900000] [id=16232]

Threads with active compile tasks:
C2 CompilerThread0   122777 3563       4       javax.swing.plaf.nimbus.NimbusStyle::get (241 bytes)

VM state: not at safepoint (normal execution)

VM Mutex/Monitor currently owned by a thread: None

Heap address: 0x00000000c9200000, size: 878 MB, Compressed Oops mode: 32-bit

CDS archive(s) mapped at: [0x00000246c7000000-0x00000246c7bd0000-0x00000246c7bd0000), size 12386304, SharedBaseAddress: 0x00000246c7000000, ArchiveRelocationMode: 1.
Compressed class space mapped at: 0x00000246c8000000-0x0000024708000000, reserved size: 1073741824
Narrow klass base: 0x00000246c7000000, Narrow klass shift: 0, Narrow klass range: 0x100000000

GC Precious Log:
 CPUs: 4 total, 4 available
 Memory: 3504M
 Large Page Support: Disabled
 NUMA Support: Disabled
 Compressed Oops: Enabled (32-bit)
 Heap Region Size: 1M
 Heap Min Capacity: 8M
 Heap Initial Capacity: 56M
 Heap Max Capacity: 878M
 Pre-touch: Disabled
 Parallel Workers: 4
 Concurrent Workers: 1
 Concurrent Refinement Workers: 4
 Periodic GC: Disabled

Heap:
 garbage-first heap   total 57344K, used 34927K [0x00000000c9200000, 0x0000000100000000)
  region size 1024K, 18 young (18432K), 2 survivors (2048K)
 Metaspace       used 17361K, committed 17600K, reserved 1114112K
  class space    used 1891K, committed 1984K, reserved 1048576K

Heap Regions: E=young(eden), S=young(survivor), O=old, HS=humongous(starts), HC=humongous(continues), CS=collection set, F=free, OA=open archive, CA=closed archive, TAMS=top-at-mark-start (previous, next)
|   0|0x00000000c9200000, 0x00000000c9300000, 0x00000000c9300000|100%| O|  |TAMS 0x00000000c9200000, 0x00000000c9200000| Untracked 
|   1|0x00000000c9300000, 0x00000000c9400000, 0x00000000c9400000|100%| O|  |TAMS 0x00000000c9300000, 0x00000000c9300000| Untracked 
|   2|0x00000000c9400000, 0x00000000c9500000, 0x00000000c9500000|100%| O|  |TAMS 0x00000000c9400000, 0x00000000c9400000| Untracked 
|   3|0x00000000c9500000, 0x00000000c9600000, 0x00000000c9600000|100%|HS|  |TAMS 0x00000000c9500000, 0x00000000c9500000| Complete 
|   4|0x00000000c9600000, 0x00000000c9700000, 0x00000000c9700000|100%|HC|  |TAMS 0x00000000c9600000, 0x00000000c9600000| Complete 
|   5|0x00000000c9700000, 0x00000000c9800000, 0x00000000c9800000|100%|HC|  |TAMS 0x00000000c9700000, 0x00000000c9700000| Complete 
|   6|0x00000000c9800000, 0x00000000c9800000, 0x00000000c9900000|  0%| F|  |TAMS 0x00000000c9800000, 0x00000000c9800000| Untracked 
|   7|0x00000000c9900000, 0x00000000c9900000, 0x00000000c9a00000|  0%| F|  |TAMS 0x00000000c9900000, 0x00000000c9900000| Untracked 
|   8|0x00000000c9a00000, 0x00000000c9a00000, 0x00000000c9b00000|  0%| F|  |TAMS 0x00000000c9a00000, 0x00000000c9a00000| Untracked 
|   9|0x00000000c9b00000, 0x00000000c9c00000, 0x00000000c9c00000|100%| O|  |TAMS 0x00000000c9b00000, 0x00000000c9b00000| Untracked 
|  10|0x00000000c9c00000, 0x00000000c9d00000, 0x00000000c9d00000|100%| O|  |TAMS 0x00000000c9c00000, 0x00000000c9c00000| Untracked 
|  11|0x00000000c9d00000, 0x00000000c9d1be00, 0x00000000c9e00000| 10%| O|  |TAMS 0x00000000c9d00000, 0x00000000c9d00000| Untracked 
|  12|0x00000000c9e00000, 0x00000000c9f00000, 0x00000000c9f00000|100%|HS|  |TAMS 0x00000000c9e00000, 0x00000000c9e00000| Complete 
|  13|0x00000000c9f00000, 0x00000000ca000000, 0x00000000ca000000|100%|HC|  |TAMS 0x00000000c9f00000, 0x00000000c9f00000| Complete 
|  14|0x00000000ca000000, 0x00000000ca100000, 0x00000000ca100000|100%|HC|  |TAMS 0x00000000ca000000, 0x00000000ca000000| Complete 
|  15|0x00000000ca100000, 0x00000000ca200000, 0x00000000ca200000|100%|HC|  |TAMS 0x00000000ca100000, 0x00000000ca100000| Complete 
|  16|0x00000000ca200000, 0x00000000ca300000, 0x00000000ca300000|100%|HC|  |TAMS 0x00000000ca200000, 0x00000000ca200000| Complete 
|  17|0x00000000ca300000, 0x00000000ca400000, 0x00000000ca400000|100%|HS|  |TAMS 0x00000000ca300000, 0x00000000ca300000| Complete 
|  18|0x00000000ca400000, 0x00000000ca500000, 0x00000000ca500000|100%|HC|  |TAMS 0x00000000ca400000, 0x00000000ca400000| Complete 
|  19|0x00000000ca500000, 0x00000000ca600000, 0x00000000ca600000|100%|HC|  |TAMS 0x00000000ca500000, 0x00000000ca500000| Complete 
|  20|0x00000000ca600000, 0x00000000ca700000, 0x00000000ca700000|100%|HC|  |TAMS 0x00000000ca600000, 0x00000000ca600000| Complete 
|  21|0x00000000ca700000, 0x00000000ca700000, 0x00000000ca800000|  0%| F|  |TAMS 0x00000000ca700000, 0x00000000ca700000| Untracked 
|  22|0x00000000ca800000, 0x00000000ca800000, 0x00000000ca900000|  0%| F|  |TAMS 0x00000000ca800000, 0x00000000ca800000| Untracked 
|  23|0x00000000ca900000, 0x00000000ca900000, 0x00000000caa00000|  0%| F|  |TAMS 0x00000000ca900000, 0x00000000ca900000| Untracked 
|  24|0x00000000caa00000, 0x00000000caa00000, 0x00000000cab00000|  0%| F|  |TAMS 0x00000000caa00000, 0x00000000caa00000| Untracked 
|  25|0x00000000cab00000, 0x00000000cab00000, 0x00000000cac00000|  0%| F|  |TAMS 0x00000000cab00000, 0x00000000cab00000| Untracked 
|  26|0x00000000cac00000, 0x00000000cac00000, 0x00000000cad00000|  0%| F|  |TAMS 0x00000000cac00000, 0x00000000cac00000| Untracked 
|  27|0x00000000cad00000, 0x00000000cad00000, 0x00000000cae00000|  0%| F|  |TAMS 0x00000000cad00000, 0x00000000cad00000| Untracked 
|  28|0x00000000cae00000, 0x00000000cae00000, 0x00000000caf00000|  0%| F|  |TAMS 0x00000000cae00000, 0x00000000cae00000| Untracked 
|  29|0x00000000caf00000, 0x00000000caf00000, 0x00000000cb000000|  0%| F|  |TAMS 0x00000000caf00000, 0x00000000caf00000| Untracked 
|  30|0x00000000cb000000, 0x00000000cb000000, 0x00000000cb100000|  0%| F|  |TAMS 0x00000000cb000000, 0x00000000cb000000| Untracked 
|  31|0x00000000cb100000, 0x00000000cb100000, 0x00000000cb200000|  0%| F|  |TAMS 0x00000000cb100000, 0x00000000cb100000| Untracked 
|  32|0x00000000cb200000, 0x00000000cb200000, 0x00000000cb300000|  0%| F|  |TAMS 0x00000000cb200000, 0x00000000cb200000| Untracked 
|  33|0x00000000cb300000, 0x00000000cb300000, 0x00000000cb400000|  0%| F|  |TAMS 0x00000000cb300000, 0x00000000cb300000| Untracked 
|  34|0x00000000cb400000, 0x00000000cb400000, 0x00000000cb500000|  0%| F|  |TAMS 0x00000000cb400000, 0x00000000cb400000| Untracked 
|  35|0x00000000cb500000, 0x00000000cb500000, 0x00000000cb600000|  0%| F|  |TAMS 0x00000000cb500000, 0x00000000cb500000| Untracked 
|  36|0x00000000cb600000, 0x00000000cb600000, 0x00000000cb700000|  0%| F|  |TAMS 0x00000000cb600000, 0x00000000cb600000| Untracked 
|  37|0x00000000cb700000, 0x00000000cb800000, 0x00000000cb800000|100%| S|CS|TAMS 0x00000000cb700000, 0x00000000cb700000| Complete 
|  38|0x00000000cb800000, 0x00000000cb900000, 0x00000000cb900000|100%| S|CS|TAMS 0x00000000cb800000, 0x00000000cb800000| Complete 
|  39|0x00000000cb900000, 0x00000000cb900000, 0x00000000cba00000|  0%| F|  |TAMS 0x00000000cb900000, 0x00000000cb900000| Untracked 
|  40|0x00000000cba00000, 0x00000000cbaac648, 0x00000000cbb00000| 67%| E|  |TAMS 0x00000000cba00000, 0x00000000cba00000| Complete 
|  41|0x00000000cbb00000, 0x00000000cbc00000, 0x00000000cbc00000|100%| E|CS|TAMS 0x00000000cbb00000, 0x00000000cbb00000| Complete 
|  42|0x00000000cbc00000, 0x00000000cbd00000, 0x00000000cbd00000|100%| E|CS|TAMS 0x00000000cbc00000, 0x00000000cbc00000| Complete 
|  43|0x00000000cbd00000, 0x00000000cbe00000, 0x00000000cbe00000|100%| E|CS|TAMS 0x00000000cbd00000, 0x00000000cbd00000| Complete 
|  44|0x00000000cbe00000, 0x00000000cbf00000, 0x00000000cbf00000|100%| E|CS|TAMS 0x00000000cbe00000, 0x00000000cbe00000| Complete 
|  45|0x00000000cbf00000, 0x00000000cc000000, 0x00000000cc000000|100%| E|CS|TAMS 0x00000000cbf00000, 0x00000000cbf00000| Complete 
|  46|0x00000000cc000000, 0x00000000cc100000, 0x00000000cc100000|100%| E|CS|TAMS 0x00000000cc000000, 0x00000000cc000000| Complete 
|  47|0x00000000cc100000, 0x00000000cc200000, 0x00000000cc200000|100%| E|CS|TAMS 0x00000000cc100000, 0x00000000cc100000| Complete 
|  48|0x00000000cc200000, 0x00000000cc300000, 0x00000000cc300000|100%| E|CS|TAMS 0x00000000cc200000, 0x00000000cc200000| Complete 
|  49|0x00000000cc300000, 0x00000000cc400000, 0x00000000cc400000|100%| E|CS|TAMS 0x00000000cc300000, 0x00000000cc300000| Complete 
|  50|0x00000000cc400000, 0x00000000cc500000, 0x00000000cc500000|100%| E|CS|TAMS 0x00000000cc400000, 0x00000000cc400000| Complete 
|  51|0x00000000cc500000, 0x00000000cc600000, 0x00000000cc600000|100%| E|CS|TAMS 0x00000000cc500000, 0x00000000cc500000| Complete 
|  52|0x00000000cc600000, 0x00000000cc700000, 0x00000000cc700000|100%| E|CS|TAMS 0x00000000cc600000, 0x00000000cc600000| Complete 
|  53|0x00000000cc700000, 0x00000000cc800000, 0x00000000cc800000|100%| E|CS|TAMS 0x00000000cc700000, 0x00000000cc700000| Complete 
|  54|0x00000000cc800000, 0x00000000cc900000, 0x00000000cc900000|100%| E|CS|TAMS 0x00000000cc800000, 0x00000000cc800000| Complete 
|  55|0x00000000cc900000, 0x00000000cca00000, 0x00000000cca00000|100%| E|CS|TAMS 0x00000000cc900000, 0x00000000cc900000| Complete 

Card table byte_map: [0x00000246c2820000,0x00000246c29e0000] _byte_map_base: 0x00000246c21d7000

Marking Bits (Prev, Next): (CMBitMap*) 0x00000246abfa9030, (CMBitMap*) 0x00000246abfa9070
 Prev Bits: [0x00000246c2ba0000, 0x00000246c3958000)
 Next Bits: [0x00000246c3960000, 0x00000246c4718000)

Polling page: 0x00000246a9f60000

Metaspace:

Usage:
  Non-class:     15.11 MB used.
      Class:      1.85 MB used.
       Both:     16.95 MB used.

Virtual space:
  Non-class space:       64.00 MB reserved,      15.25 MB ( 24%) committed,  1 nodes.
      Class space:        1.00 GB reserved,       1.94 MB ( <1%) committed,  1 nodes.
             Both:        1.06 GB reserved,      17.19 MB (  2%) committed. 

Chunk freelists:
   Non-Class:  429.00 KB
       Class:  14.10 MB
        Both:  14.52 MB

MaxMetaspaceSize: unlimited
CompressedClassSpaceSize: 1.00 GB
Initial GC threshold: 21.00 MB
Current GC threshold: 21.00 MB
CDS: on
MetaspaceReclaimPolicy: balanced
 - commit_granule_bytes: 65536.
 - commit_granule_words: 8192.
 - virtual_space_node_default_size: 8388608.
 - enlarge_chunks_in_place: 1.
 - new_chunks_are_fully_committed: 0.
 - uncommit_free_chunks: 1.
 - use_allocation_guard: 0.
 - handle_deallocations: 1.


Internal statistics:

num_allocs_failed_limit: 0.
num_arena_births: 136.
num_arena_deaths: 0.
num_vsnodes_births: 2.
num_vsnodes_deaths: 0.
num_space_committed: 275.
num_space_uncommitted: 0.
num_chunks_returned_to_freelist: 0.
num_chunks_taken_from_freelist: 315.
num_chunk_merges: 0.
num_chunk_splits: 186.
num_chunks_enlarged: 96.
num_inconsistent_stats: 0.

CodeHeap 'non-profiled nmethods': size=120000Kb used=1746Kb max_used=1746Kb free=118253Kb
 bounds [0x00000246bb2f0000, 0x00000246bb560000, 0x00000246c2820000]
CodeHeap 'profiled nmethods': size=120000Kb used=7276Kb max_used=7276Kb free=112723Kb
 bounds [0x00000246b3820000, 0x00000246b3f40000, 0x00000246bad50000]
CodeHeap 'non-nmethods': size=5760Kb used=1391Kb max_used=1431Kb free=4368Kb
 bounds [0x00000246bad50000, 0x00000246bafc0000, 0x00000246bb2f0000]
 total_blobs=4323 nmethods=3573 adapters=661
 compilation: enabled
              stopped_count=0, restarted_count=0
 full_count=0

Compilation events (20 events):
Event: 122.035 Thread 0x00000246ac032a40 3554       3       jdk.internal.reflect.ByteVectorImpl::get (26 bytes)
Event: 122.036 Thread 0x00000246ac032a40 nmethod 3554 0x00000246b3f33590 code [0x00000246b3f33740, 0x00000246b3f33908]
Event: 122.036 Thread 0x00000246ac02f2c0 nmethod 3551 0x00000246bb4a3690 code [0x00000246bb4a3800, 0x00000246bb4a3898]
Event: 122.037 Thread 0x00000246ac032a40 3555       3       com.mysql.jdbc.ConnectionImpl::getConnectionMutex (19 bytes)
Event: 122.037 Thread 0x00000246ac032a40 nmethod 3555 0x00000246b3f33a10 code [0x00000246b3f33bc0, 0x00000246b3f33e18]
Event: 122.037 Thread 0x00000246ac032a40 3556       3       com.mysql.jdbc.Buffer::readInt (44 bytes)
Event: 122.038 Thread 0x00000246ac032a40 nmethod 3556 0x00000246b3f33f10 code [0x00000246b3f340a0, 0x00000246b3f34218]
Event: 122.038 Thread 0x00000246ac032a40 3557       3       com.mysql.jdbc.ConnectionImpl::checkClosed (12 bytes)
Event: 122.038 Thread 0x00000246ac032a40 nmethod 3557 0x00000246b3f34310 code [0x00000246b3f344e0, 0x00000246b3f34918]
Event: 122.041 Thread 0x00000246ac032a40 3558       3       javax.swing.text.SegmentCache::getSharedSegment (7 bytes)
Event: 122.042 Thread 0x00000246ac032a40 nmethod 3558 0x00000246b3f34a90 code [0x00000246b3f34c40, 0x00000246b3f34dc8]
Event: 122.042 Thread 0x00000246ac032a40 3559       3       javax.swing.text.SegmentCache::releaseSharedSegment (8 bytes)
Event: 122.042 Thread 0x00000246ac032a40 nmethod 3559 0x00000246b3f34e90 code [0x00000246b3f35040, 0x00000246b3f351c8]
Event: 122.049 Thread 0x00000246ac032a40 3560       3       java.util.Hashtable::rehash (142 bytes)
Event: 122.050 Thread 0x00000246ac032a40 nmethod 3560 0x00000246b3f35290 code [0x00000246b3f354a0, 0x00000246b3f35ba8]
Event: 122.445 Thread 0x00000246ac032a40 3561       3       javax.swing.Timer::timerQueue (4 bytes)
Event: 122.445 Thread 0x00000246ac032a40 nmethod 3561 0x00000246b3f35e10 code [0x00000246b3f35fa0, 0x00000246b3f360c8]
Event: 122.445 Thread 0x00000246ac032a40 3562   !   3       javax.swing.TimerQueue::sharedInstance (44 bytes)
Event: 122.446 Thread 0x00000246ac032a40 nmethod 3562 0x00000246b3f36190 code [0x00000246b3f36400, 0x00000246b3f36f58]
Event: 122.647 Thread 0x00000246ac02f2c0 3563       4       javax.swing.plaf.nimbus.NimbusStyle::get (241 bytes)

GC Heap History (6 events):
Event: 22.364 GC heap before
{Heap before GC invocations=0 (full 0):
 garbage-first heap   total 57344K, used 13312K [0x00000000c9200000, 0x0000000100000000)
  region size 1024K, 13 young (13312K), 0 survivors (0K)
 Metaspace       used 10748K, committed 10944K, reserved 1114112K
  class space    used 1237K, committed 1344K, reserved 1048576K
}
Event: 22.411 GC heap after
{Heap after GC invocations=1 (full 0):
 garbage-first heap   total 57344K, used 5041K [0x00000000c9200000, 0x0000000100000000)
  region size 1024K, 2 young (2048K), 2 survivors (2048K)
 Metaspace       used 10748K, committed 10944K, reserved 1114112K
  class space    used 1237K, committed 1344K, reserved 1048576K
}
Event: 102.206 GC heap before
{Heap before GC invocations=1 (full 0):
 garbage-first heap   total 57344K, used 16305K [0x00000000c9200000, 0x0000000100000000)
  region size 1024K, 7 young (7168K), 2 survivors (2048K)
 Metaspace       used 12508K, committed 12736K, reserved 1114112K
  class space    used 1353K, committed 1472K, reserved 1048576K
}
Event: 102.217 GC heap after
{Heap after GC invocations=2 (full 0):
 garbage-first heap   total 57344K, used 12069K [0x00000000c9200000, 0x0000000100000000)
  region size 1024K, 1 young (1024K), 1 survivors (1024K)
 Metaspace       used 12508K, committed 12736K, reserved 1114112K
  class space    used 1353K, committed 1472K, reserved 1048576K
}
Event: 110.121 GC heap before
{Heap before GC invocations=2 (full 0):
 garbage-first heap   total 57344K, used 36645K [0x00000000c9200000, 0x0000000100000000)
  region size 1024K, 17 young (17408K), 1 survivors (1024K)
 Metaspace       used 15775K, committed 16000K, reserved 1114112K
  class space    used 1733K, committed 1856K, reserved 1048576K
}
Event: 110.126 GC heap after
{Heap after GC invocations=3 (full 0):
 garbage-first heap   total 57344K, used 19567K [0x00000000c9200000, 0x0000000100000000)
  region size 1024K, 2 young (2048K), 2 survivors (2048K)
 Metaspace       used 15775K, committed 16000K, reserved 1114112K
  class space    used 1733K, committed 1856K, reserved 1048576K
}

Deoptimization events (20 events):
Event: 119.115 Thread 0x000002470c348480 DEOPT PACKING pc=0x00000246b3eae6f2 sp=0x000000acf79fc250
Event: 119.115 Thread 0x000002470c348480 DEOPT UNPACKING pc=0x00000246bada2b43 sp=0x000000acf79fb650 mode 0
Event: 119.135 Thread 0x000002470c348480 DEOPT PACKING pc=0x00000246b3eae915 sp=0x000000acf79fd140
Event: 119.135 Thread 0x000002470c348480 DEOPT UNPACKING pc=0x00000246bada2b43 sp=0x000000acf79fc538 mode 0
Event: 119.137 Thread 0x000002470c348480 DEOPT PACKING pc=0x00000246b3eae994 sp=0x000000acf79fd1d0
Event: 119.137 Thread 0x000002470c348480 DEOPT UNPACKING pc=0x00000246bada2b43 sp=0x000000acf79fc5d0 mode 0
Event: 119.159 Thread 0x000002470c348480 DEOPT PACKING pc=0x00000246b3eae994 sp=0x000000acf79fd1d0
Event: 119.159 Thread 0x000002470c348480 DEOPT UNPACKING pc=0x00000246bada2b43 sp=0x000000acf79fc5d0 mode 0
Event: 119.192 Thread 0x000002470c348480 DEOPT PACKING pc=0x00000246b3eae994 sp=0x000000acf79fd1d0
Event: 119.192 Thread 0x000002470c348480 DEOPT UNPACKING pc=0x00000246bada2b43 sp=0x000000acf79fc5d0 mode 0
Event: 119.223 Thread 0x000002470c348480 DEOPT PACKING pc=0x00000246b3eae6f2 sp=0x000000acf79fd140
Event: 119.223 Thread 0x000002470c348480 DEOPT UNPACKING pc=0x00000246bada2b43 sp=0x000000acf79fc540 mode 0
Event: 119.229 Thread 0x000002470c348480 DEOPT PACKING pc=0x00000246b3eae915 sp=0x000000acf79fd1d0
Event: 119.229 Thread 0x000002470c348480 DEOPT UNPACKING pc=0x00000246bada2b43 sp=0x000000acf79fc5c8 mode 0
Event: 119.525 Thread 0x000002470c348480 DEOPT PACKING pc=0x00000246b3e15458 sp=0x000000acf79fd250
Event: 119.525 Thread 0x000002470c348480 DEOPT UNPACKING pc=0x00000246bada2b43 sp=0x000000acf79fc720 mode 0
Event: 120.679 Thread 0x000002470c348480 Uncommon trap: trap_request=0xffffff6e fr.pc=0x00000246bb44e8dc relative=0x000000000000403c
Event: 120.679 Thread 0x000002470c348480 Uncommon trap: reason=loop_limit_check action=maybe_recompile pc=0x00000246bb44e8dc method=javax.swing.plaf.nimbus.NimbusStyle.getNextState([Ljavax/swing/plaf/nimbus/NimbusStyle$RuntimeState;[II)Ljavax/swing/plaf/nimbus/NimbusStyle$RuntimeState; @ 94 c2
Event: 120.679 Thread 0x000002470c348480 DEOPT PACKING pc=0x00000246bb44e8dc sp=0x000000acf79fd8e0
Event: 120.679 Thread 0x000002470c348480 DEOPT UNPACKING pc=0x00000246bada23a3 sp=0x000000acf79fd828 mode 2

Classes unloaded (0 events):
No events

Classes redefined (0 events):
No events

Internal exceptions (20 events):
Event: 0.868 Thread 0x00000246abf6f730 Exception <a 'java/lang/ClassNotFoundException'{0x00000000cc5a6c68}: Tree> (0x00000000cc5a6c68) 
thrown [s\open\src\hotspot\share\classfile\systemDictionary.cpp, line 256]
Event: 0.868 Thread 0x00000246abf6f730 Exception <a 'java/lang/ClassNotFoundException'{0x00000000cc5a6fd8}: javax/swing/JTreeCell> (0x00000000cc5a6fd8) 
thrown [s\open\src\hotspot\share\classfile\systemDictionary.cpp, line 256]
Event: 0.868 Thread 0x00000246abf6f730 Exception <a 'java/lang/ClassNotFoundException'{0x00000000cc5a72d8}: TreeCell> (0x00000000cc5a72d8) 
thrown [s\open\src\hotspot\share\classfile\systemDictionary.cpp, line 256]
Event: 0.869 Thread 0x00000246abf6f730 Exception <a 'java/lang/ClassNotFoundException'{0x00000000cc5a7a98}: RootPane> (0x00000000cc5a7a98) 
thrown [s\open\src\hotspot\share\classfile\systemDictionary.cpp, line 256]
Event: 0.871 Thread 0x00000246abf6f730 Exception <a 'java/lang/ClassNotFoundException'{0x00000000cc5aa8e8}: com/sun/swing/internal/plaf/metal/resources/spi/metalProvider> (0x00000000cc5aa8e8) 
thrown [s\open\src\hotspot\share\classfile\systemDictionary.cpp, line 256]
Event: 0.873 Thread 0x00000246abf6f730 Exception <a 'java/lang/ClassNotFoundException'{0x00000000cc5ae498}: com/sun/swing/internal/plaf/basic/resources/spi/basicProvider> (0x00000000cc5ae498) 
thrown [s\open\src\hotspot\share\classfile\systemDictionary.cpp, line 256]
Event: 1.020 Thread 0x000002470c348480 Exception <a 'java/lang/ClassNotFoundException'{0x00000000cc4169e0}: com/sun/swing/internal/plaf/synth/resources/spi/synthProvider> (0x00000000cc4169e0) 
thrown [s\open\src\hotspot\share\classfile\systemDictionary.cpp, line 256]
Event: 1.203 Thread 0x000002470db2b7e0 Exception <a 'java/lang/NoSuchMethodError'{0x00000000cc24be48}: 'java.lang.Object java.lang.invoke.DirectMethodHandle$Holder.newInvokeSpecial(java.lang.Object, java.lang.Object, java.lang.Object, int, int, int, int, int)'> (0x00000000cc24be48) 
thrown [s\open\src\hotspot\share\interpreter\linkResolver.cpp, line 759]
Event: 1.460 Thread 0x000002470c348480 Exception <a 'java/lang/NoSuchMethodError'{0x00000000cc02d2b8}: 'void java.lang.invoke.DirectMethodHandle$Holder.invokeStaticInit(java.lang.Object)'> (0x00000000cc02d2b8) 
thrown [s\open\src\hotspot\share\interpreter\linkResolver.cpp, line 759]
Event: 1.647 Thread 0x000002470c348480 Exception <a 'java/io/FileNotFoundException'{0x00000000cbf96b38}> (0x00000000cbf96b38) 
thrown [s\open\src\hotspot\share\prims\jni.cpp, line 516]
Event: 1.671 Thread 0x000002470c348480 Exception <a 'java/io/FileNotFoundException'{0x00000000cbfaee38}> (0x00000000cbfaee38) 
thrown [s\open\src\hotspot\share\prims\jni.cpp, line 516]
Event: 1.757 Thread 0x000002470c348480 Exception <a 'java/io/FileNotFoundException'{0x00000000cbe2a400}> (0x00000000cbe2a400) 
thrown [s\open\src\hotspot\share\prims\jni.cpp, line 516]
Event: 1.768 Thread 0x000002470c348480 Exception <a 'java/io/FileNotFoundException'{0x00000000cbe42138}> (0x00000000cbe42138) 
thrown [s\open\src\hotspot\share\prims\jni.cpp, line 516]
Event: 1.822 Thread 0x000002470c2c8040 Exception <a 'java/lang/NoSuchMethodError'{0x00000000cc60fa00}: 'void java.lang.invoke.DirectMethodHandle$Holder.invokeVirtual(java.lang.Object, java.lang.Object)'> (0x00000000cc60fa00) 
thrown [s\open\src\hotspot\share\interpreter\linkResolver.cpp, line 759]
Event: 102.055 Thread 0x000002470c348480 Implicit null exception at 0x00000246bb375a04 to 0x00000246bb375c18
Event: 102.092 Thread 0x000002470c348480 Exception <a 'java/lang/NoSuchMethodError'{0x00000000cc6983d0}: 'java.lang.Object java.lang.invoke.DirectMethodHandle$Holder.invokeInterface(java.lang.Object, java.lang.Object)'> (0x00000000cc6983d0) 
thrown [s\open\src\hotspot\share\interpreter\linkResolver.cpp, line 759]
Event: 102.597 Thread 0x000002470c348480 Exception <a 'java/lang/NoSuchMethodError'{0x00000000cc69f7f8}: 'void java.lang.invoke.DirectMethodHandle$Holder.invokeStatic(java.lang.Object, java.lang.Object)'> (0x00000000cc69f7f8) 
thrown [s\open\src\hotspot\share\interpreter\linkResolver.cpp, line 759]
Event: 103.038 Thread 0x000002470c348480 Implicit null exception at 0x00000246bb30fd8f to 0x00000246bb30fe09
Event: 103.072 Thread 0x000002470def96a0 Implicit null exception at 0x00000246bb330f8d to 0x00000246bb332f80
Event: 116.907 Thread 0x000002470c348480 Implicit null exception at 0x00000246bb3c30da to 0x00000246bb3c3450

VM Operations (20 events):
Event: 116.912 Executing VM operation: HandshakeAllThreads
Event: 116.913 Executing VM operation: HandshakeAllThreads done
Event: 117.051 Executing VM operation: HandshakeAllThreads
Event: 117.051 Executing VM operation: HandshakeAllThreads done
Event: 117.081 Executing VM operation: HandshakeAllThreads
Event: 117.081 Executing VM operation: HandshakeAllThreads done
Event: 117.115 Executing VM operation: HandshakeAllThreads
Event: 117.115 Executing VM operation: HandshakeAllThreads done
Event: 118.122 Executing VM operation: Cleanup
Event: 118.122 Executing VM operation: Cleanup done
Event: 119.128 Executing VM operation: Cleanup
Event: 119.128 Executing VM operation: Cleanup done
Event: 120.142 Executing VM operation: Cleanup
Event: 120.143 Executing VM operation: Cleanup done
Event: 120.331 Executing VM operation: HandshakeAllThreads
Event: 120.331 Executing VM operation: HandshakeAllThreads done
Event: 121.343 Executing VM operation: Cleanup
Event: 121.343 Executing VM operation: Cleanup done
Event: 122.358 Executing VM operation: Cleanup
Event: 122.358 Executing VM operation: Cleanup done

Events (20 events):
Event: 121.261 loading class javax/swing/JTable$CellEditorRemover
Event: 121.261 loading class javax/swing/JTable$CellEditorRemover done
Event: 121.261 loading class javax/swing/JTable$GenericEditor
Event: 121.262 loading class javax/swing/JTable$GenericEditor done
Event: 121.263 loading class javax/swing/DefaultCellEditor$1
Event: 121.263 loading class javax/swing/DefaultCellEditor$EditorDelegate
Event: 121.263 loading class javax/swing/DefaultCellEditor$EditorDelegate done
Event: 121.263 loading class javax/swing/DefaultCellEditor$1 done
Event: 121.264 loading class javax/swing/plaf/nimbus/TableEditorPainter
Event: 121.264 loading class javax/swing/plaf/nimbus/TableEditorPainter done
Event: 121.265 loading class javax/swing/plaf/basic/BasicGraphicsUtils
Event: 121.265 loading class javax/swing/plaf/basic/BasicGraphicsUtils done
Event: 121.266 loading class javax/swing/event/ListSelectionEvent
Event: 121.266 loading class javax/swing/event/ListSelectionEvent done
Event: 121.268 loading class javax/swing/plaf/nimbus/TreeCellPainter
Event: 121.268 loading class javax/swing/plaf/nimbus/TreeCellPainter done
Event: 121.443 loading class java/lang/StringIndexOutOfBoundsException
Event: 121.443 loading class java/lang/StringIndexOutOfBoundsException done
Event: 122.036 loading class jdk/internal/reflect/BootstrapConstructorAccessorImpl
Event: 122.036 loading class jdk/internal/reflect/BootstrapConstructorAccessorImpl done


Dynamic libraries:
0x00007ff7a3dc0000 - 0x00007ff7a3dd0000 	C:\Program Files\Java\jdk-17\bin\java.exe
0x00007ffb62850000 - 0x00007ffb62a67000 	C:\WINDOWS\SYSTEM32\ntdll.dll
0x00007ffb61d50000 - 0x00007ffb61e14000 	C:\WINDOWS\System32\KERNEL32.DLL
0x00007ffb5fda0000 - 0x00007ffb60157000 	C:\WINDOWS\System32\KERNELBASE.dll
0x00007ffb602f0000 - 0x00007ffb60401000 	C:\WINDOWS\System32\ucrtbase.dll
0x00007ffb5bfa0000 - 0x00007ffb5bfbb000 	C:\Program Files\Java\jdk-17\bin\VCRUNTIME140.dll
0x00007ffb35770000 - 0x00007ffb35789000 	C:\Program Files\Java\jdk-17\bin\jli.dll
0x00007ffb622c0000 - 0x00007ffb62372000 	C:\WINDOWS\System32\ADVAPI32.dll
0x00007ffb60580000 - 0x00007ffb60627000 	C:\WINDOWS\System32\msvcrt.dll
0x00007ffb620a0000 - 0x00007ffb62148000 	C:\WINDOWS\System32\sechost.dll
0x00007ffb5fc80000 - 0x00007ffb5fca8000 	C:\WINDOWS\System32\bcrypt.dll
0x00007ffb626f0000 - 0x00007ffb62804000 	C:\WINDOWS\System32\RPCRT4.dll
0x00007ffb62380000 - 0x00007ffb6252f000 	C:\WINDOWS\System32\USER32.dll
0x00007ffb60160000 - 0x00007ffb60186000 	C:\WINDOWS\System32\win32u.dll
0x00007ffb60f50000 - 0x00007ffb60f79000 	C:\WINDOWS\System32\GDI32.dll
0x00007ffb5fb60000 - 0x00007ffb5fc78000 	C:\WINDOWS\System32\gdi32full.dll
0x00007ffb60190000 - 0x00007ffb6022a000 	C:\WINDOWS\System32\msvcp_win.dll
0x00007ffb30630000 - 0x00007ffb308c3000 	C:\WINDOWS\WinSxS\amd64_microsoft.windows.common-controls_6595b64144ccf1df_6.0.22621.3672_none_2713b9d173822955\COMCTL32.dll
0x00007ffb572f0000 - 0x00007ffb572fa000 	C:\WINDOWS\SYSTEM32\VERSION.dll
0x00007ffb62150000 - 0x00007ffb62181000 	C:\WINDOWS\System32\IMM32.DLL
0x00007ffb5c980000 - 0x00007ffb5c98c000 	C:\Program Files\Java\jdk-17\bin\vcruntime140_1.dll
0x00007ffb0e670000 - 0x00007ffb0e6fe000 	C:\Program Files\Java\jdk-17\bin\msvcp140.dll
0x00007ffa79600000 - 0x00007ffa7a1df000 	C:\Program Files\Java\jdk-17\bin\server\jvm.dll
0x00007ffb60ca0000 - 0x00007ffb60ca8000 	C:\WINDOWS\System32\PSAPI.DLL
0x00007ffb37370000 - 0x00007ffb37379000 	C:\WINDOWS\SYSTEM32\WSOCK32.dll
0x00007ffb62020000 - 0x00007ffb62091000 	C:\WINDOWS\System32\WS2_32.dll
0x00007ffb5bec0000 - 0x00007ffb5bef4000 	C:\WINDOWS\SYSTEM32\WINMM.dll
0x00007ffb5eca0000 - 0x00007ffb5ecb8000 	C:\WINDOWS\SYSTEM32\kernel.appcore.dll
0x00007ffb5bf90000 - 0x00007ffb5bf9a000 	C:\Program Files\Java\jdk-17\bin\jimage.dll
0x00007ffb57f10000 - 0x00007ffb58142000 	C:\WINDOWS\SYSTEM32\DBGHELP.DLL
0x00007ffb619c0000 - 0x00007ffb61d4e000 	C:\WINDOWS\System32\combase.dll
0x00007ffb60cb0000 - 0x00007ffb60d87000 	C:\WINDOWS\System32\OLEAUT32.dll
0x00007ffb4db50000 - 0x00007ffb4db82000 	C:\WINDOWS\SYSTEM32\dbgcore.DLL
0x00007ffb5fcb0000 - 0x00007ffb5fd2b000 	C:\WINDOWS\System32\bcryptPrimitives.dll
0x00007ffb26a80000 - 0x00007ffb26aa5000 	C:\Program Files\Java\jdk-17\bin\java.dll
0x00007ffb0c100000 - 0x00007ffb0c1d7000 	C:\Program Files\Java\jdk-17\bin\jsvml.dll
0x00007ffb60f80000 - 0x00007ffb617e9000 	C:\WINDOWS\System32\SHELL32.dll
0x00007ffb5dae0000 - 0x00007ffb5e3df000 	C:\WINDOWS\SYSTEM32\windows.storage.dll
0x00007ffb5d9a0000 - 0x00007ffb5dadf000 	C:\WINDOWS\SYSTEM32\wintypes.dll
0x00007ffb60e50000 - 0x00007ffb60f49000 	C:\WINDOWS\System32\SHCORE.dll
0x00007ffb60630000 - 0x00007ffb6068e000 	C:\WINDOWS\System32\shlwapi.dll
0x00007ffb5fa90000 - 0x00007ffb5fab7000 	C:\WINDOWS\SYSTEM32\profapi.dll
0x00007ffb4fdd0000 - 0x00007ffb4fde9000 	C:\Program Files\Java\jdk-17\bin\net.dll
0x00007ffb5b6b0000 - 0x00007ffb5b7e6000 	C:\WINDOWS\SYSTEM32\WINHTTP.dll
0x00007ffb5f110000 - 0x00007ffb5f179000 	C:\WINDOWS\system32\mswsock.dll
0x00007ffb483b0000 - 0x00007ffb483c6000 	C:\Program Files\Java\jdk-17\bin\nio.dll
0x00007ffb38e20000 - 0x00007ffb38e38000 	C:\Program Files\Java\jdk-17\bin\zip.dll
0x00007ffafda70000 - 0x00007ffafdc01000 	C:\Program Files\Java\jdk-17\bin\awt.dll
0x00007ffb5aee0000 - 0x00007ffb5af77000 	C:\WINDOWS\SYSTEM32\apphelp.dll
0x00007ffb5cfe0000 - 0x00007ffb5d091000 	C:\WINDOWS\system32\uxtheme.dll
0x00007ffb62590000 - 0x00007ffb626f0000 	C:\WINDOWS\System32\MSCTF.dll
0x00007ffb61e20000 - 0x00007ffb61fc5000 	C:\WINDOWS\System32\ole32.dll
0x00007ffb5d280000 - 0x00007ffb5d2ab000 	C:\WINDOWS\system32\DWMAPI.DLL
0x00007ffb0c500000 - 0x00007ffb0c587000 	C:\Program Files\Java\jdk-17\bin\freetype.dll
0x00007ffaeaa90000 - 0x00007ffaeab63000 	C:\Program Files\Java\jdk-17\bin\fontmanager.dll
0x00007ffb0f200000 - 0x00007ffb0f300000 	C:\WINDOWS\system32\opengl32.dll
0x00007ffb39e30000 - 0x00007ffb39e5d000 	C:\WINDOWS\SYSTEM32\GLU32.dll
0x00007ffb5d2e0000 - 0x00007ffb5d317000 	C:\WINDOWS\SYSTEM32\dxcore.dll
0x00007ffae06e0000 - 0x00007ffae0888000 	C:\WINDOWS\system32\d3d9.dll
0x00007ffb4d880000 - 0x00007ffb4da3b000 	C:\WINDOWS\System32\DriverStore\FileRepository\u0385801.inf_amd64_14d64460460e078e\B385477\aticfx64.dll
0x00007ffb11690000 - 0x00007ffb116c4000 	C:\WINDOWS\System32\DriverStore\FileRepository\u0385801.inf_amd64_14d64460460e078e\B385477\atiu9p64.dll
0x00007ffa71570000 - 0x00007ffa722c5000 	C:\WINDOWS\System32\DriverStore\FileRepository\u0385801.inf_amd64_14d64460460e078e\B385477\atiumd64.dll
0x0000000060fc0000 - 0x0000000061ee7000 	C:\WINDOWS\System32\DriverStore\FileRepository\u0385801.inf_amd64_14d64460460e078e\B385477\atiumd6a.dll
0x00007ffb606b0000 - 0x00007ffb60b24000 	C:\WINDOWS\System32\SETUPAPI.dll
0x00007ffb5ea10000 - 0x00007ffb5ea5d000 	C:\WINDOWS\SYSTEM32\POWRPROF.dll
0x00007ffb5e9f0000 - 0x00007ffb5ea03000 	C:\WINDOWS\SYSTEM32\UMPDC.dll
0x00007ffb4ca90000 - 0x00007ffb4cac5000 	C:\WINDOWS\SYSTEM32\amdihk64.dll
0x00007ffb562d0000 - 0x00007ffb56319000 	C:\WINDOWS\SYSTEM32\directxdatabasehelper.dll
0x00007ffb60d90000 - 0x00007ffb60e40000 	C:\WINDOWS\System32\clbcatq.dll
0x00007ffb5cde0000 - 0x00007ffb5cf91000 	C:\WINDOWS\SYSTEM32\WindowsCodecs.dll
0x00007ffb38e40000 - 0x00007ffb38e9e000 	C:\WINDOWS\system32\dataexchange.dll
0x00007ffb545e0000 - 0x00007ffb54882000 	C:\WINDOWS\system32\twinapi.appcore.dll
0x00007ffb3c790000 - 0x00007ffb3c8d3000 	C:\WINDOWS\SYSTEM32\textinputframework.dll
0x00007ffb37470000 - 0x00007ffb378b9000 	C:\WINDOWS\SYSTEM32\uiautomationcore.dll
0x00007ffb50290000 - 0x00007ffb502f9000 	C:\WINDOWS\SYSTEM32\OLEACC.dll
0x00007ffb4b890000 - 0x00007ffb4b8a5000 	C:\Windows\System32\threadpoolwinrt.dll
0x00007ffb5a530000 - 0x00007ffb5a663000 	C:\WINDOWS\SYSTEM32\CoreMessaging.dll
0x00007ffb55b00000 - 0x00007ffb55e6d000 	C:\WINDOWS\SYSTEM32\CoreUIComponents.dll
0x00007ffb5f380000 - 0x00007ffb5f38c000 	C:\WINDOWS\SYSTEM32\CRYPTBASE.DLL
0x00007ffb3c6d0000 - 0x00007ffb3c781000 	C:\WINDOWS\SYSTEM32\TextShaping.dll
0x00007ffb5bf80000 - 0x00007ffb5bf90000 	C:\Program Files\Java\jdk-17\bin\verify.dll
0x00007ffb5e720000 - 0x00007ffb5e822000 	C:\WINDOWS\SYSTEM32\DNSAPI.dll
0x00007ffb5e6b0000 - 0x00007ffb5e6dd000 	C:\WINDOWS\SYSTEM32\IPHLPAPI.DLL
0x00007ffb619b0000 - 0x00007ffb619b9000 	C:\WINDOWS\System32\NSI.dll
0x00007ffb4f3f0000 - 0x00007ffb4f3fa000 	C:\Windows\System32\rasadhlp.dll
0x00007ffb57520000 - 0x00007ffb575a3000 	C:\WINDOWS\System32\fwpuclnt.dll

dbghelp: loaded successfully - version: 4.0.5 - missing functions: none
symbol engine: initialized successfully - sym options: 0x614 - pdb path: .;C:\Program Files\Java\jdk-17\bin;C:\WINDOWS\SYSTEM32;C:\WINDOWS\WinSxS\amd64_microsoft.windows.common-controls_6595b64144ccf1df_6.0.22621.3672_none_2713b9d173822955;C:\Program Files\Java\jdk-17\bin\server;C:\WINDOWS\System32\DriverStore\FileRepository\u0385801.inf_amd64_14d64460460e078e\B385477

VM Arguments:
jvm_args: -Dfile.encoding=UTF-8 --module-path=D:\Documentos, Trabajos o Proyectos de UTP\Proyecto Final POO\ELECTRO ADMIN\Electro-Admin\build\classes 
java_command: Formularios.Login
java_class_path (initial): C:\Program Files\NetBeans-19\netbeans\java\modules\ext\AbsoluteLayout.jar;D:\Documentos, Trabajos o Proyectos de UTP\Proyecto Final POO\ELECTRO ADMIN\Electro-Admin\src\Conectores\mysql-connector-java-5.1.46-bin.jar;D:\Documentos, Trabajos o Proyectos de UTP\Proyecto Final POO\ELECTRO ADMIN\Electro-Admin\build\classes
Launcher Type: SUN_STANDARD

[Global flags]
     intx CICompilerCount                          = 3                                         {product} {ergonomic}
     uint ConcGCThreads                            = 1                                         {product} {ergonomic}
     uint G1ConcRefinementThreads                  = 4                                         {product} {ergonomic}
   size_t G1HeapRegionSize                         = 1048576                                   {product} {ergonomic}
    uintx GCDrainStackTargetSize                   = 64                                        {product} {ergonomic}
   size_t InitialHeapSize                          = 58720256                                  {product} {ergonomic}
   size_t MarkStackSize                            = 4194304                                   {product} {ergonomic}
   size_t MaxHeapSize                              = 920649728                                 {product} {ergonomic}
   size_t MaxNewSize                               = 551550976                                 {product} {ergonomic}
   size_t MinHeapDeltaBytes                        = 1048576                                   {product} {ergonomic}
   size_t MinHeapSize                              = 8388608                                   {product} {ergonomic}
    uintx NonNMethodCodeHeapSize                   = 5832780                                {pd product} {ergonomic}
    uintx NonProfiledCodeHeapSize                  = 122912730                              {pd product} {ergonomic}
    uintx ProfiledCodeHeapSize                     = 122912730                              {pd product} {ergonomic}
    uintx ReservedCodeCacheSize                    = 251658240                              {pd product} {ergonomic}
     bool SegmentedCodeCache                       = true                                      {product} {ergonomic}
   size_t SoftMaxHeapSize                          = 920649728                              {manageable} {ergonomic}
     bool UseCompressedClassPointers               = true                           {product lp64_product} {ergonomic}
     bool UseCompressedOops                        = true                           {product lp64_product} {ergonomic}
     bool UseG1GC                                  = true                                      {product} {ergonomic}
     bool UseLargePagesIndividualAllocation        = false                                  {pd product} {ergonomic}

Logging:
Log output configuration:
 #0: stdout all=warning uptime,level,tags
 #1: stderr all=off uptime,level,tags

Environment Variables:
PATH=C:\Program Files\Common Files\Oracle\Java\javapath;C:\WINDOWS\system32;C:\WINDOWS;C:\WINDOWS\System32\Wbem;C:\WINDOWS\System32\WindowsPowerShell\v1.0\;C:\WINDOWS\System32\OpenSSH\;C:\Program Files (x86)\Microsoft SQL Server\160\Tools\Binn\;C:\Program Files\Microsoft SQL Server\160\Tools\Binn\;C:\Program Files\Microsoft SQL Server\Client SDK\ODBC\170\Tools\Binn\;C:\Program Files\Microsoft SQL Server\160\DTS\Binn\;C:\Program Files (x86)\Microsoft SQL Server\160\DTS\Binn\;C:\Program Files\Git\cmd;C:\Users\JOSUE\AppData\Local\Microsoft\WindowsApps;
USERNAME=JOSUE
OS=Windows_NT
PROCESSOR_IDENTIFIER=AMD64 Family 23 Model 24 Stepping 1, AuthenticAMD



---------------  S Y S T E M  ---------------

OS:
 Windows 11 , 64 bit Build 22621 (10.0.22621.3958)
OS uptime: 8 days 7:42 hours

CPU: total 4 (initial active 4) (4 cores per cpu, 2 threads per core) family 23 model 24 stepping 1 microcode 0x0, cx8, cmov, fxsr, ht, mmx, 3dnowpref, sse, sse2, sse3, ssse3, sse4a, sse4.1, sse4.2, popcnt, lzcnt, tsc, tscinvbit, avx, avx2, aes, clmul, bmi1, bmi2, adx, sha, fma, vzeroupper, clflush, clflushopt

Memory: 4k page, system-wide physical 3504M (194M free)
TotalPageFile size 14256M (AvailPageFile size 3M)
current process WorkingSet (physical memory assigned to process): 143M, peak: 160M
current process commit charge ("private bytes"): 259M, peak: 273M

vm_info: Java HotSpot(TM) 64-Bit Server VM (17.0.10+11-LTS-240) for windows-amd64 JRE (17.0.10+11-LTS-240), built on Dec 19 2023 21:47:25 by "mach5one" with MS VC++ 17.1 (VS2022)

END.
