#
# There is insufficient memory for the Java Runtime Environment to continue.
# Native memory allocation (mmap) failed to map 65536 bytes for Failed to commit metaspace.
# Possible reasons:
#   The system is out of physical RAM or swap space
#   The process is running with CompressedOops enabled, and the Java Heap may be blocking the growth of the native heap
# Possible solutions:
#   Reduce memory load on the system
#   Increase physical memory or swap space
#   Check if swap backing store is full
#   Decrease Java heap size (-Xmx/-Xms)
#   Decrease number of Java threads
#   Decrease Java thread stack sizes (-Xss)
#   Set larger code cache with -XX:ReservedCodeCacheSize=
#   JVM is running with Unscaled Compressed Oops mode in which the Java heap is
#     placed in the first 4GB address space. The Java Heap base address is the
#     maximum limit for the native heap growth. Please use -XX:HeapBaseMinAddress
#     to set the Java Heap base and to place the Java Heap above 4GB virtual address.
# This output file may be truncated or incomplete.
#
#  Out of Memory Error (virtualSpaceNode.cpp:110), pid=16840, tid=10384
#
# JRE version: Java(TM) SE Runtime Environment (17.0.10+11) (build 17.0.10+11-LTS-240)
# Java VM: Java HotSpot(TM) 64-Bit Server VM (17.0.10+11-LTS-240, mixed mode, sharing, tiered, compressed oops, compressed class ptrs, g1 gc, windows-amd64)
# No core dump will be written. Minidumps are not enabled by default on client versions of Windows
#

---------------  S U M M A R Y ------------

Command Line: -Dfile.encoding=UTF-8 --module-path=D:\Documentos, Trabajos o Proyectos de UTP\Proyecto Final POO\ELECTRO ADMIN\Electro-Admin\build\classes Formularios.Menu

Host: AMD Ryzen 3 3250U with Radeon Graphics         , 4 cores, 3G,  Windows 11 , 64 bit Build 22621 (10.0.22621.4391)
Time: Thu Nov 28 23:58:00 2024 Hora est. Pacífico, Sudamérica elapsed time: 9.612071 seconds (0d 0h 0m 9s)

---------------  T H R E A D  ---------------

Current thread (0x0000028a99e16f10):  JavaThread "AWT-EventQueue-0" [_thread_in_vm, id=10384, stack(0x0000009cc6f00000,0x0000009cc7000000)]

Stack: [0x0000009cc6f00000,0x0000009cc7000000]
Native frames: (J=compiled Java code, j=interpreted, Vv=VM code, C=native code)
V  [jvm.dll+0x677a5a]
V  [jvm.dll+0x7d8b2d]
V  [jvm.dll+0x7da48e]
V  [jvm.dll+0x7daaf3]
V  [jvm.dll+0x2455ff]
V  [jvm.dll+0x7d483b]
V  [jvm.dll+0x61dc06]
V  [jvm.dll+0x61dc6a]
V  [jvm.dll+0x62049d]
V  [jvm.dll+0x61e5c6]
V  [jvm.dll+0x242fcc]
V  [jvm.dll+0x6ce48d]
V  [jvm.dll+0x6cee8f]
V  [jvm.dll+0x36e7e5]
V  [jvm.dll+0x36d894]
V  [jvm.dll+0x36d838]
V  [jvm.dll+0x37d64a]
C  0x0000028a8ed2b7f7

Java frames: (J=compiled Java code, j=interpreted, Vv=VM code)
j  javax.swing.plaf.synth.SynthTableUI.installDefaults()V+70 java.desktop@17.0.10
j  javax.swing.plaf.basic.BasicTableUI.installUI(Ljavax/swing/JComponent;)V+32 java.desktop@17.0.10
j  javax.swing.JComponent.setUI(Ljavax/swing/plaf/ComponentUI;)V+52 java.desktop@17.0.10
j  javax.swing.JTable.setUI(Ljavax/swing/plaf/TableUI;)V+10 java.desktop@17.0.10
j  javax.swing.JTable.updateUI()V+159 java.desktop@17.0.10
j  javax.swing.JTable.<init>(Ljavax/swing/table/TableModel;Ljavax/swing/table/TableColumnModel;Ljavax/swing/ListSelectionModel;)V+89 java.desktop@17.0.10
j  javax.swing.JTable.<init>()V+4 java.desktop@17.0.10
j  InternalFrame.FACTURA_01.initComponents()V+147
j  InternalFrame.FACTURA_01.<init>()V+97
j  Formularios.Menu.MnIFacturaActionPerformed(Ljava/awt/event/ActionEvent;)V+4
j  Formularios.Menu$10.actionPerformed(Ljava/awt/event/ActionEvent;)V+5
j  javax.swing.AbstractButton.fireActionPerformed(Ljava/awt/event/ActionEvent;)V+84 java.desktop@17.0.10
j  javax.swing.AbstractButton$Handler.actionPerformed(Ljava/awt/event/ActionEvent;)V+5 java.desktop@17.0.10
j  javax.swing.DefaultButtonModel.fireActionPerformed(Ljava/awt/event/ActionEvent;)V+34 java.desktop@17.0.10
j  javax.swing.DefaultButtonModel.setPressed(Z)V+117 java.desktop@17.0.10
j  javax.swing.AbstractButton.doClick(I)V+60 java.desktop@17.0.10
j  javax.swing.plaf.basic.BasicMenuItemUI.doClick(Ljavax/swing/MenuSelectionManager;)V+47 java.desktop@17.0.10
j  javax.swing.plaf.basic.BasicMenuItemUI$Handler.mouseReleased(Ljava/awt/event/MouseEvent;)V+76 java.desktop@17.0.10
j  java.awt.Component.processMouseEvent(Ljava/awt/event/MouseEvent;)V+64 java.desktop@17.0.10
j  javax.swing.JComponent.processMouseEvent(Ljava/awt/event/MouseEvent;)V+23 java.desktop@17.0.10
j  java.awt.Component.processEvent(Ljava/awt/AWTEvent;)V+81 java.desktop@17.0.10
j  java.awt.Container.processEvent(Ljava/awt/AWTEvent;)V+18 java.desktop@17.0.10
j  java.awt.Component.dispatchEventImpl(Ljava/awt/AWTEvent;)V+496 java.desktop@17.0.10
J 1533 c1 java.awt.Container.dispatchEventImpl(Ljava/awt/AWTEvent;)V java.desktop@17.0.10 (129 bytes) @ 0x0000028a87a8b2fc [0x0000028a87a8b1c0+0x000000000000013c]
J 1532 c1 java.awt.Component.dispatchEvent(Ljava/awt/AWTEvent;)V java.desktop@17.0.10 (6 bytes) @ 0x0000028a87a8ae3c [0x0000028a87a8ad40+0x00000000000000fc]
j  java.awt.LightweightDispatcher.retargetMouseEvent(Ljava/awt/Component;ILjava/awt/event/MouseEvent;)V+349 java.desktop@17.0.10
j  java.awt.LightweightDispatcher.processMouseEvent(Ljava/awt/event/MouseEvent;)Z+155 java.desktop@17.0.10
j  java.awt.LightweightDispatcher.dispatchEvent(Ljava/awt/AWTEvent;)Z+50 java.desktop@17.0.10
J 1533 c1 java.awt.Container.dispatchEventImpl(Ljava/awt/AWTEvent;)V java.desktop@17.0.10 (129 bytes) @ 0x0000028a87a8b29c [0x0000028a87a8b1c0+0x00000000000000dc]
j  java.awt.Window.dispatchEventImpl(Ljava/awt/AWTEvent;)V+19 java.desktop@17.0.10
J 1532 c1 java.awt.Component.dispatchEvent(Ljava/awt/AWTEvent;)V java.desktop@17.0.10 (6 bytes) @ 0x0000028a87a8ae3c [0x0000028a87a8ad40+0x00000000000000fc]
j  java.awt.EventQueue.dispatchEventImpl(Ljava/awt/AWTEvent;Ljava/lang/Object;)V+41 java.desktop@17.0.10
j  java.awt.EventQueue$4.run()Ljava/lang/Void;+32 java.desktop@17.0.10
j  java.awt.EventQueue$4.run()Ljava/lang/Object;+1 java.desktop@17.0.10
J 1470 c1 java.security.ProtectionDomain$JavaSecurityAccessImpl.doIntersectionPrivilege(Ljava/security/PrivilegedAction;Ljava/security/AccessControlContext;Ljava/security/AccessControlContext;)Ljava/lang/Object; java.base@17.0.10 (22 bytes) @ 0x0000028a87a64534 [0x0000028a87a642a0+0x0000000000000294]
J 1512 c1 java.awt.EventQueue.dispatchEvent(Ljava/awt/AWTEvent;)V java.desktop@17.0.10 (80 bytes) @ 0x0000028a87a7d7bc [0x0000028a87a7cce0+0x0000000000000adc]
j  java.awt.EventDispatchThread.pumpOneEventForFilters(I)V+78 java.desktop@17.0.10
j  java.awt.EventDispatchThread.pumpEventsForFilter(ILjava/awt/Conditional;Ljava/awt/EventFilter;)V+35 java.desktop@17.0.10
j  java.awt.EventDispatchThread.pumpEventsForHierarchy(ILjava/awt/Conditional;Ljava/awt/Component;)V+11 java.desktop@17.0.10
j  java.awt.EventDispatchThread.pumpEvents(ILjava/awt/Conditional;)V+4 java.desktop@17.0.10
j  java.awt.EventDispatchThread.pumpEvents(Ljava/awt/Conditional;)V+3 java.desktop@17.0.10
j  java.awt.EventDispatchThread.run()V+9 java.desktop@17.0.10
v  ~StubRoutines::call_stub

---------------  P R O C E S S  ---------------

Threads class SMR info:
_java_thread_list=0x0000028ae098df50, length=21, elements={
0x0000028afec4b2b0, 0x0000028afec4be40, 0x0000028afec5c840, 0x0000028afec5d110,
0x0000028afec5e9f0, 0x0000028afec5f2c0, 0x0000028afec5ff70, 0x0000028afec6ccb0,
0x0000028a9996e640, 0x0000028a999969e0, 0x0000028a99c37a70, 0x0000028a99dbc280,
0x0000028a99dbdc50, 0x0000028a99e16a30, 0x0000028a99e16f10, 0x0000028afeb9f870,
0x0000028ae091c750, 0x0000028ae04bdee0, 0x0000028ae0a383d0, 0x0000028ae0a39810,
0x0000028ae0a36f90
}

Java Threads: ( => current thread )
  0x0000028afec4b2b0 JavaThread "Reference Handler" daemon [_thread_blocked, id=16356, stack(0x0000009cc6000000,0x0000009cc6100000)]
  0x0000028afec4be40 JavaThread "Finalizer" daemon [_thread_blocked, id=6964, stack(0x0000009cc6100000,0x0000009cc6200000)]
  0x0000028afec5c840 JavaThread "Signal Dispatcher" daemon [_thread_blocked, id=11016, stack(0x0000009cc6200000,0x0000009cc6300000)]
  0x0000028afec5d110 JavaThread "Attach Listener" daemon [_thread_blocked, id=5780, stack(0x0000009cc6300000,0x0000009cc6400000)]
  0x0000028afec5e9f0 JavaThread "Service Thread" daemon [_thread_blocked, id=16920, stack(0x0000009cc6400000,0x0000009cc6500000)]
  0x0000028afec5f2c0 JavaThread "Monitor Deflation Thread" daemon [_thread_blocked, id=8788, stack(0x0000009cc6500000,0x0000009cc6600000)]
  0x0000028afec5ff70 JavaThread "C2 CompilerThread0" daemon [_thread_blocked, id=7112, stack(0x0000009cc6600000,0x0000009cc6700000)]
  0x0000028afec6ccb0 JavaThread "C1 CompilerThread0" daemon [_thread_blocked, id=8440, stack(0x0000009cc6700000,0x0000009cc6800000)]
  0x0000028a9996e640 JavaThread "Sweeper thread" daemon [_thread_blocked, id=13068, stack(0x0000009cc6800000,0x0000009cc6900000)]
  0x0000028a999969e0 JavaThread "Common-Cleaner" daemon [_thread_blocked, id=11836, stack(0x0000009cc6900000,0x0000009cc6a00000)]
  0x0000028a99c37a70 JavaThread "Notification Thread" daemon [_thread_blocked, id=376, stack(0x0000009cc6a00000,0x0000009cc6b00000)]
  0x0000028a99dbc280 JavaThread "Java2D Disposer" daemon [_thread_blocked, id=9712, stack(0x0000009cc6c00000,0x0000009cc6d00000)]
  0x0000028a99dbdc50 JavaThread "AWT-Windows" daemon [_thread_in_native, id=7464, stack(0x0000009cc6e00000,0x0000009cc6f00000)]
  0x0000028a99e16a30 JavaThread "AWT-Shutdown" [_thread_blocked, id=6200, stack(0x0000009cc6d00000,0x0000009cc6e00000)]
=>0x0000028a99e16f10 JavaThread "AWT-EventQueue-0" [_thread_in_vm, id=10384, stack(0x0000009cc6f00000,0x0000009cc7000000)]
  0x0000028afeb9f870 JavaThread "DestroyJavaVM" [_thread_blocked, id=4724, stack(0x0000009cc5900000,0x0000009cc5a00000)]
  0x0000028ae091c750 JavaThread "Image Fetcher 0" daemon [_thread_blocked, id=16624, stack(0x0000009cc7500000,0x0000009cc7600000)]
  0x0000028ae04bdee0 JavaThread "Image Fetcher 1" daemon [_thread_blocked, id=2312, stack(0x0000009cc7700000,0x0000009cc7800000)]
  0x0000028ae0a383d0 JavaThread "Image Fetcher 2" daemon [_thread_blocked, id=17188, stack(0x0000009cc7800000,0x0000009cc7900000)]
  0x0000028ae0a39810 JavaThread "D3D Screen Updater" daemon [_thread_blocked, id=12464, stack(0x0000009cc7f00000,0x0000009cc8000000)]
  0x0000028ae0a36f90 JavaThread "TimerQueue" daemon [_thread_blocked, id=15900, stack(0x0000009cc8200000,0x0000009cc8300000)]

Other Threads:
  0x0000028afec420d0 VMThread "VM Thread" [stack: 0x0000009cc5f00000,0x0000009cc6000000] [id=6472]
  0x0000028a99b87550 WatcherThread [stack: 0x0000009cc6b00000,0x0000009cc6c00000] [id=7668]
  0x0000028afebd8b50 GCTaskThread "GC Thread#0" [stack: 0x0000009cc5a00000,0x0000009cc5b00000] [id=12148]
  0x0000028ae0a3a8e0 GCTaskThread "GC Thread#1" [stack: 0x0000009cc7900000,0x0000009cc7a00000] [id=16084]
  0x0000028ae0a3aba0 GCTaskThread "GC Thread#2" [stack: 0x0000009cc7a00000,0x0000009cc7b00000] [id=16904]
  0x0000028ae0910850 GCTaskThread "GC Thread#3" [stack: 0x0000009cc7b00000,0x0000009cc7c00000] [id=3016]
  0x0000028afebe0f00 ConcurrentGCThread "G1 Main Marker" [stack: 0x0000009cc5b00000,0x0000009cc5c00000] [id=11316]
  0x0000028afebe1810 ConcurrentGCThread "G1 Conc#0" [stack: 0x0000009cc5c00000,0x0000009cc5d00000] [id=1656]
  0x0000028afec1d2d0 ConcurrentGCThread "G1 Refine#0" [stack: 0x0000009cc5d00000,0x0000009cc5e00000] [id=3972]
  0x0000028ae5478cd0 ConcurrentGCThread "G1 Refine#1" [stack: 0x0000009cc7c00000,0x0000009cc7d00000] [id=7896]
  0x0000028afec1ec10 ConcurrentGCThread "G1 Service" [stack: 0x0000009cc5e00000,0x0000009cc5f00000] [id=2424]

Threads with active compile tasks:

VM state: not at safepoint (normal execution)

VM Mutex/Monitor currently owned by a thread:  ([mutex/lock_event])
[0x0000028afeb99500] Metaspace_lock - owner thread: 0x0000028a99e16f10

Heap address: 0x00000000c9200000, size: 878 MB, Compressed Oops mode: 32-bit

CDS archive(s) mapped at: [0x0000028a9a000000-0x0000028a9abd0000-0x0000028a9abd0000), size 12386304, SharedBaseAddress: 0x0000028a9a000000, ArchiveRelocationMode: 1.
Compressed class space mapped at: 0x0000028a9b000000-0x0000028adb000000, reserved size: 1073741824
Narrow klass base: 0x0000028a9a000000, Narrow klass shift: 0, Narrow klass range: 0x100000000

GC Precious Log:
 CPUs: 4 total, 4 available
 Memory: 3504M
 Large Page Support: Disabled
 NUMA Support: Disabled
 Compressed Oops: Enabled (32-bit)
 Heap Region Size: 1M
 Heap Min Capacity: 8M
 Heap Initial Capacity: 56M
 Heap Max Capacity: 878M
 Pre-touch: Disabled
 Parallel Workers: 4
 Concurrent Workers: 1
 Concurrent Refinement Workers: 4
 Periodic GC: Disabled

Heap:
 garbage-first heap   total 57344K, used 12224K [0x00000000c9200000, 0x0000000100000000)
  region size 1024K, 8 young (8192K), 2 survivors (2048K)
 Metaspace       used 12611K, committed 12736K, reserved 1114112K
  class space    used 1553K, committed 1600K, reserved 1048576K

Heap Regions: E=young(eden), S=young(survivor), O=old, HS=humongous(starts), HC=humongous(continues), CS=collection set, F=free, OA=open archive, CA=closed archive, TAMS=top-at-mark-start (previous, next)
|   0|0x00000000c9200000, 0x00000000c9300000, 0x00000000c9300000|100%|HS|  |TAMS 0x00000000c9200000, 0x00000000c9200000| Complete 
|   1|0x00000000c9300000, 0x00000000c9400000, 0x00000000c9400000|100%|HC|  |TAMS 0x00000000c9300000, 0x00000000c9300000| Complete 
|   2|0x00000000c9400000, 0x00000000c9500000, 0x00000000c9500000|100%|HC|  |TAMS 0x00000000c9400000, 0x00000000c9400000| Complete 
|   3|0x00000000c9500000, 0x00000000c9600000, 0x00000000c9600000|100%|HC|  |TAMS 0x00000000c9500000, 0x00000000c9500000| Complete 
|   4|0x00000000c9600000, 0x00000000c96f0000, 0x00000000c9700000| 93%| O|  |TAMS 0x00000000c9600000, 0x00000000c9600000| Untracked 
|   5|0x00000000c9700000, 0x00000000c9700000, 0x00000000c9800000|  0%| F|  |TAMS 0x00000000c9700000, 0x00000000c9700000| Untracked 
|   6|0x00000000c9800000, 0x00000000c9800000, 0x00000000c9900000|  0%| F|  |TAMS 0x00000000c9800000, 0x00000000c9800000| Untracked 
|   7|0x00000000c9900000, 0x00000000c9900000, 0x00000000c9a00000|  0%| F|  |TAMS 0x00000000c9900000, 0x00000000c9900000| Untracked 
|   8|0x00000000c9a00000, 0x00000000c9a00000, 0x00000000c9b00000|  0%| F|  |TAMS 0x00000000c9a00000, 0x00000000c9a00000| Untracked 
|   9|0x00000000c9b00000, 0x00000000c9b00000, 0x00000000c9c00000|  0%| F|  |TAMS 0x00000000c9b00000, 0x00000000c9b00000| Untracked 
|  10|0x00000000c9c00000, 0x00000000c9c00000, 0x00000000c9d00000|  0%| F|  |TAMS 0x00000000c9c00000, 0x00000000c9c00000| Untracked 
|  11|0x00000000c9d00000, 0x00000000c9d00000, 0x00000000c9e00000|  0%| F|  |TAMS 0x00000000c9d00000, 0x00000000c9d00000| Untracked 
|  12|0x00000000c9e00000, 0x00000000c9e00000, 0x00000000c9f00000|  0%| F|  |TAMS 0x00000000c9e00000, 0x00000000c9e00000| Untracked 
|  13|0x00000000c9f00000, 0x00000000c9f00000, 0x00000000ca000000|  0%| F|  |TAMS 0x00000000c9f00000, 0x00000000c9f00000| Untracked 
|  14|0x00000000ca000000, 0x00000000ca000000, 0x00000000ca100000|  0%| F|  |TAMS 0x00000000ca000000, 0x00000000ca000000| Untracked 
|  15|0x00000000ca100000, 0x00000000ca100000, 0x00000000ca200000|  0%| F|  |TAMS 0x00000000ca100000, 0x00000000ca100000| Untracked 
|  16|0x00000000ca200000, 0x00000000ca200000, 0x00000000ca300000|  0%| F|  |TAMS 0x00000000ca200000, 0x00000000ca200000| Untracked 
|  17|0x00000000ca300000, 0x00000000ca300000, 0x00000000ca400000|  0%| F|  |TAMS 0x00000000ca300000, 0x00000000ca300000| Untracked 
|  18|0x00000000ca400000, 0x00000000ca400000, 0x00000000ca500000|  0%| F|  |TAMS 0x00000000ca400000, 0x00000000ca400000| Untracked 
|  19|0x00000000ca500000, 0x00000000ca500000, 0x00000000ca600000|  0%| F|  |TAMS 0x00000000ca500000, 0x00000000ca500000| Untracked 
|  20|0x00000000ca600000, 0x00000000ca600000, 0x00000000ca700000|  0%| F|  |TAMS 0x00000000ca600000, 0x00000000ca600000| Untracked 
|  21|0x00000000ca700000, 0x00000000ca700000, 0x00000000ca800000|  0%| F|  |TAMS 0x00000000ca700000, 0x00000000ca700000| Untracked 
|  22|0x00000000ca800000, 0x00000000ca800000, 0x00000000ca900000|  0%| F|  |TAMS 0x00000000ca800000, 0x00000000ca800000| Untracked 
|  23|0x00000000ca900000, 0x00000000ca900000, 0x00000000caa00000|  0%| F|  |TAMS 0x00000000ca900000, 0x00000000ca900000| Untracked 
|  24|0x00000000caa00000, 0x00000000caa00000, 0x00000000cab00000|  0%| F|  |TAMS 0x00000000caa00000, 0x00000000caa00000| Untracked 
|  25|0x00000000cab00000, 0x00000000cab00000, 0x00000000cac00000|  0%| F|  |TAMS 0x00000000cab00000, 0x00000000cab00000| Untracked 
|  26|0x00000000cac00000, 0x00000000cac00000, 0x00000000cad00000|  0%| F|  |TAMS 0x00000000cac00000, 0x00000000cac00000| Untracked 
|  27|0x00000000cad00000, 0x00000000cad00000, 0x00000000cae00000|  0%| F|  |TAMS 0x00000000cad00000, 0x00000000cad00000| Untracked 
|  28|0x00000000cae00000, 0x00000000cae00000, 0x00000000caf00000|  0%| F|  |TAMS 0x00000000cae00000, 0x00000000cae00000| Untracked 
|  29|0x00000000caf00000, 0x00000000caf00000, 0x00000000cb000000|  0%| F|  |TAMS 0x00000000caf00000, 0x00000000caf00000| Untracked 
|  30|0x00000000cb000000, 0x00000000cb000000, 0x00000000cb100000|  0%| F|  |TAMS 0x00000000cb000000, 0x00000000cb000000| Untracked 
|  31|0x00000000cb100000, 0x00000000cb100000, 0x00000000cb200000|  0%| F|  |TAMS 0x00000000cb100000, 0x00000000cb100000| Untracked 
|  32|0x00000000cb200000, 0x00000000cb200000, 0x00000000cb300000|  0%| F|  |TAMS 0x00000000cb200000, 0x00000000cb200000| Untracked 
|  33|0x00000000cb300000, 0x00000000cb300000, 0x00000000cb400000|  0%| F|  |TAMS 0x00000000cb300000, 0x00000000cb300000| Untracked 
|  34|0x00000000cb400000, 0x00000000cb400000, 0x00000000cb500000|  0%| F|  |TAMS 0x00000000cb400000, 0x00000000cb400000| Untracked 
|  35|0x00000000cb500000, 0x00000000cb500000, 0x00000000cb600000|  0%| F|  |TAMS 0x00000000cb500000, 0x00000000cb500000| Untracked 
|  36|0x00000000cb600000, 0x00000000cb600000, 0x00000000cb700000|  0%| F|  |TAMS 0x00000000cb600000, 0x00000000cb600000| Untracked 
|  37|0x00000000cb700000, 0x00000000cb700000, 0x00000000cb800000|  0%| F|  |TAMS 0x00000000cb700000, 0x00000000cb700000| Untracked 
|  38|0x00000000cb800000, 0x00000000cb800000, 0x00000000cb900000|  0%| F|  |TAMS 0x00000000cb800000, 0x00000000cb800000| Untracked 
|  39|0x00000000cb900000, 0x00000000cb900000, 0x00000000cba00000|  0%| F|  |TAMS 0x00000000cb900000, 0x00000000cb900000| Untracked 
|  40|0x00000000cba00000, 0x00000000cba00000, 0x00000000cbb00000|  0%| F|  |TAMS 0x00000000cba00000, 0x00000000cba00000| Untracked 
|  41|0x00000000cbb00000, 0x00000000cbc00000, 0x00000000cbc00000|100%| S|CS|TAMS 0x00000000cbb00000, 0x00000000cbb00000| Complete 
|  42|0x00000000cbc00000, 0x00000000cbd00000, 0x00000000cbd00000|100%| S|CS|TAMS 0x00000000cbc00000, 0x00000000cbc00000| Complete 
|  43|0x00000000cbd00000, 0x00000000cbd00000, 0x00000000cbe00000|  0%| F|  |TAMS 0x00000000cbd00000, 0x00000000cbd00000| Untracked 
|  44|0x00000000cbe00000, 0x00000000cbe00000, 0x00000000cbf00000|  0%| F|  |TAMS 0x00000000cbe00000, 0x00000000cbe00000| Untracked 
|  45|0x00000000cbf00000, 0x00000000cbf00000, 0x00000000cc000000|  0%| F|  |TAMS 0x00000000cbf00000, 0x00000000cbf00000| Untracked 
|  46|0x00000000cc000000, 0x00000000cc000000, 0x00000000cc100000|  0%| F|  |TAMS 0x00000000cc000000, 0x00000000cc000000| Untracked 
|  47|0x00000000cc100000, 0x00000000cc100000, 0x00000000cc200000|  0%| F|  |TAMS 0x00000000cc100000, 0x00000000cc100000| Untracked 
|  48|0x00000000cc200000, 0x00000000cc200000, 0x00000000cc300000|  0%| F|  |TAMS 0x00000000cc200000, 0x00000000cc200000| Untracked 
|  49|0x00000000cc300000, 0x00000000cc300000, 0x00000000cc400000|  0%| F|  |TAMS 0x00000000cc300000, 0x00000000cc300000| Untracked 
|  50|0x00000000cc400000, 0x00000000cc500000, 0x00000000cc500000|100%| E|  |TAMS 0x00000000cc400000, 0x00000000cc400000| Complete 
|  51|0x00000000cc500000, 0x00000000cc600000, 0x00000000cc600000|100%| E|CS|TAMS 0x00000000cc500000, 0x00000000cc500000| Complete 
|  52|0x00000000cc600000, 0x00000000cc700000, 0x00000000cc700000|100%| E|CS|TAMS 0x00000000cc600000, 0x00000000cc600000| Complete 
|  53|0x00000000cc700000, 0x00000000cc800000, 0x00000000cc800000|100%| E|CS|TAMS 0x00000000cc700000, 0x00000000cc700000| Complete 
|  54|0x00000000cc800000, 0x00000000cc900000, 0x00000000cc900000|100%| E|CS|TAMS 0x00000000cc800000, 0x00000000cc800000| Complete 
|  55|0x00000000cc900000, 0x00000000cca00000, 0x00000000cca00000|100%| E|CS|TAMS 0x00000000cc900000, 0x00000000cc900000| Complete 

Card table byte_map: [0x0000028afec70000,0x0000028afee30000] _byte_map_base: 0x0000028afe627000

Marking Bits (Prev, Next): (CMBitMap*) 0x0000028afebd9070, (CMBitMap*) 0x0000028afebd90b0
 Prev Bits: [0x0000028afeff0000, 0x0000028affda8000)
 Next Bits: [0x0000028a967e0000, 0x0000028a97598000)

Polling page: 0x0000028afcb60000

Metaspace:

Usage:
  Non-class:     10.80 MB used.
      Class:      1.52 MB used.
       Both:     12.32 MB used.

Virtual space:
  Non-class space:       64.00 MB reserved,      10.88 MB ( 17%) committed,  1 nodes.
      Class space:        1.00 GB reserved,       1.56 MB ( <1%) committed,  1 nodes.
             Both:        1.06 GB reserved,      12.44 MB (  1%) committed. 

Chunk freelists:
   Non-Class:  4.97 MB
       Class:  14.25 MB
        Both:  19.22 MB

MaxMetaspaceSize: unlimited
CompressedClassSpaceSize: 1.00 GB
Initial GC threshold: 21.00 MB
Current GC threshold: 21.00 MB
CDS: on
MetaspaceReclaimPolicy: balanced
 - commit_granule_bytes: 65536.
 - commit_granule_words: 8192.
 - virtual_space_node_default_size: 8388608.
 - enlarge_chunks_in_place: 1.
 - new_chunks_are_fully_committed: 0.
 - uncommit_free_chunks: 1.
 - use_allocation_guard: 0.
 - handle_deallocations: 1.


Internal statistics:

num_allocs_failed_limit: 0.
num_arena_births: 130.
num_arena_deaths: 0.
num_vsnodes_births: 2.
num_vsnodes_deaths: 0.
num_space_committed: 199.
num_space_uncommitted: 0.
num_chunks_returned_to_freelist: 0.
num_chunks_taken_from_freelist: 207.
num_chunk_merges: 0.
num_chunk_splits: 110.
num_chunks_enlarged: 42.
num_inconsistent_stats: 0.

CodeHeap 'non-profiled nmethods': size=120000Kb used=498Kb max_used=498Kb free=119501Kb
 bounds [0x0000028a8f2b0000, 0x0000028a8f520000, 0x0000028a967e0000]
CodeHeap 'profiled nmethods': size=120000Kb used=3030Kb max_used=3030Kb free=116969Kb
 bounds [0x0000028a877e0000, 0x0000028a87ae0000, 0x0000028a8ed10000]
CodeHeap 'non-nmethods': size=5760Kb used=1318Kb max_used=1338Kb free=4441Kb
 bounds [0x0000028a8ed10000, 0x0000028a8ef80000, 0x0000028a8f2b0000]
 total_blobs=2366 nmethods=1706 adapters=573
 compilation: enabled
              stopped_count=0, restarted_count=0
 full_count=0

Compilation events (20 events):
Event: 9.585 Thread 0x0000028afec6ccb0 nmethod 1695 0x0000028a87ad0710 code [0x0000028a87ad08e0, 0x0000028a87ad0de8]
Event: 9.585 Thread 0x0000028afec6ccb0 1696       3       java.lang.invoke.MethodHandles$Lookup$ClassFile::readUnsignedShort (39 bytes)
Event: 9.586 Thread 0x0000028afec6ccb0 nmethod 1696 0x0000028a87ad1010 code [0x0000028a87ad11c0, 0x0000028a87ad13c8]
Event: 9.586 Thread 0x0000028afec6ccb0 1697       1       jdk.internal.org.objectweb.asm.ClassReader::getMaxStringLength (5 bytes)
Event: 9.586 Thread 0x0000028afec6ccb0 nmethod 1697 0x0000028a8f329210 code [0x0000028a8f3293a0, 0x0000028a8f329478]
Event: 9.586 Thread 0x0000028afec6ccb0 1698       3       jdk.internal.org.objectweb.asm.ClassWriter::visitMethod (57 bytes)
Event: 9.587 Thread 0x0000028afec6ccb0 nmethod 1698 0x0000028a87ad1510 code [0x0000028a87ad16c0, 0x0000028a87ad1a28]
Event: 9.587 Thread 0x0000028afec6ccb0 1699       3       jdk.internal.org.objectweb.asm.MethodWriter::<init> (232 bytes)
Event: 9.588 Thread 0x0000028afec6ccb0 nmethod 1699 0x0000028a87ad1b90 code [0x0000028a87ad1e20, 0x0000028a87ad2bb8]
Event: 9.588 Thread 0x0000028afec6ccb0 1703       3       jdk.internal.org.objectweb.asm.MethodWriter::computeMethodInfoSize (571 bytes)
Event: 9.591 Thread 0x0000028afec6ccb0 nmethod 1703 0x0000028a87ad3090 code [0x0000028a87ad33c0, 0x0000028a87ad4308]
Event: 9.591 Thread 0x0000028afec6ccb0 1700       3       jdk.internal.org.objectweb.asm.MethodVisitor::<init> (7 bytes)
Event: 9.591 Thread 0x0000028afec6ccb0 nmethod 1700 0x0000028a87ad4990 code [0x0000028a87ad4b40, 0x0000028a87ad4c88]
Event: 9.591 Thread 0x0000028afec6ccb0 1701       3       jdk.internal.org.objectweb.asm.MethodWriter::visitMaxs (60 bytes)
Event: 9.592 Thread 0x0000028afec6ccb0 nmethod 1701 0x0000028a87ad4d10 code [0x0000028a87ad4ee0, 0x0000028a87ad51b8]
Event: 9.592 Thread 0x0000028afec6ccb0 1702       3       jdk.internal.org.objectweb.asm.MethodWriter::visitEnd (1 bytes)
Event: 9.592 Thread 0x0000028afec6ccb0 nmethod 1702 0x0000028a87ad5290 code [0x0000028a87ad5420, 0x0000028a87ad5538]
Event: 9.598 Thread 0x0000028afec5ff70 1704       4       javax.swing.UIDefaults::get (21 bytes)
Event: 9.607 Thread 0x0000028afec6ccb0 1706       3       javax.swing.plaf.nimbus.NimbusStyle::installDefaults (10 bytes)
Event: 9.607 Thread 0x0000028afec6ccb0 nmethod 1706 0x0000028a87ad5610 code [0x0000028a87ad57c0, 0x0000028a87ad5938]

GC Heap History (2 events):
Event: 4.816 GC heap before
{Heap before GC invocations=0 (full 0):
 garbage-first heap   total 57344K, used 17408K [0x00000000c9200000, 0x0000000100000000)
  region size 1024K, 13 young (13312K), 0 survivors (0K)
 Metaspace       used 7814K, committed 8000K, reserved 1114112K
  class space    used 928K, committed 1024K, reserved 1048576K
}
Event: 4.826 GC heap after
{Heap after GC invocations=1 (full 0):
 garbage-first heap   total 57344K, used 7104K [0x00000000c9200000, 0x0000000100000000)
  region size 1024K, 2 young (2048K), 2 survivors (2048K)
 Metaspace       used 7814K, committed 8000K, reserved 1114112K
  class space    used 928K, committed 1024K, reserved 1048576K
}

Deoptimization events (20 events):
Event: 7.947 Thread 0x0000028a99e16f10 Uncommon trap: trap_request=0xffffffde fr.pc=0x0000028a8f2bd524 relative=0x00000000000001a4
Event: 7.947 Thread 0x0000028a99e16f10 Uncommon trap: reason=class_check action=maybe_recompile pc=0x0000028a8f2bd524 method=java.lang.String.equals(Ljava/lang/Object;)Z @ 8 c2
Event: 7.947 Thread 0x0000028a99e16f10 DEOPT PACKING pc=0x0000028a8f2bd524 sp=0x0000009cc6ffdc90
Event: 7.947 Thread 0x0000028a99e16f10 DEOPT UNPACKING pc=0x0000028a8ed623a3 sp=0x0000009cc6ffdc38 mode 2
Event: 7.947 Thread 0x0000028a99e16f10 Uncommon trap: trap_request=0xffffffde fr.pc=0x0000028a8f2bd524 relative=0x00000000000001a4
Event: 7.947 Thread 0x0000028a99e16f10 Uncommon trap: reason=class_check action=maybe_recompile pc=0x0000028a8f2bd524 method=java.lang.String.equals(Ljava/lang/Object;)Z @ 8 c2
Event: 7.947 Thread 0x0000028a99e16f10 DEOPT PACKING pc=0x0000028a8f2bd524 sp=0x0000009cc6ffdc90
Event: 7.947 Thread 0x0000028a99e16f10 DEOPT UNPACKING pc=0x0000028a8ed623a3 sp=0x0000009cc6ffdc38 mode 2
Event: 8.499 Thread 0x0000028a99e16f10 Uncommon trap: trap_request=0xffffffde fr.pc=0x0000028a8f2bd524 relative=0x00000000000001a4
Event: 8.499 Thread 0x0000028a99e16f10 Uncommon trap: reason=class_check action=maybe_recompile pc=0x0000028a8f2bd524 method=java.lang.String.equals(Ljava/lang/Object;)Z @ 8 c2
Event: 8.499 Thread 0x0000028a99e16f10 DEOPT PACKING pc=0x0000028a8f2bd524 sp=0x0000009cc6ffe3d0
Event: 8.499 Thread 0x0000028a99e16f10 DEOPT UNPACKING pc=0x0000028a8ed623a3 sp=0x0000009cc6ffe378 mode 2
Event: 8.510 Thread 0x0000028a99e16f10 DEOPT PACKING pc=0x0000028a87a60e8e sp=0x0000009cc6ffcf60
Event: 8.510 Thread 0x0000028a99e16f10 DEOPT UNPACKING pc=0x0000028a8ed62b43 sp=0x0000009cc6ffc310 mode 0
Event: 8.929 Thread 0x0000028a99e16f10 DEOPT PACKING pc=0x0000028a87a36f46 sp=0x0000009cc6ffd570
Event: 8.929 Thread 0x0000028a99e16f10 DEOPT UNPACKING pc=0x0000028a8ed62b43 sp=0x0000009cc6ffca00 mode 0
Event: 9.334 Thread 0x0000028a99e16f10 Uncommon trap: trap_request=0xffffff45 fr.pc=0x0000028a8f2da074 relative=0x0000000000000954
Event: 9.334 Thread 0x0000028a99e16f10 Uncommon trap: reason=unstable_if action=reinterpret pc=0x0000028a8f2da074 method=java.util.HashMap.putVal(ILjava/lang/Object;Ljava/lang/Object;ZZ)Ljava/lang/Object; @ 109 c2
Event: 9.334 Thread 0x0000028a99e16f10 DEOPT PACKING pc=0x0000028a8f2da074 sp=0x0000009cc6ffc4f0
Event: 9.334 Thread 0x0000028a99e16f10 DEOPT UNPACKING pc=0x0000028a8ed623a3 sp=0x0000009cc6ffc430 mode 2

Classes unloaded (0 events):
No events

Classes redefined (0 events):
No events

Internal exceptions (20 events):
Event: 3.001 Thread 0x0000028afeb9f870 Exception <a 'java/lang/ClassNotFoundException'{0x00000000cc5dfec0}: ToolBar> (0x00000000cc5dfec0) 
thrown [s\open\src\hotspot\share\classfile\systemDictionary.cpp, line 256]
Event: 3.001 Thread 0x0000028afeb9f870 Exception <a 'java/lang/ClassNotFoundException'{0x00000000cc5e0230}: ToggleButton> (0x00000000cc5e0230) 
thrown [s\open\src\hotspot\share\classfile\systemDictionary.cpp, line 256]
Event: 3.001 Thread 0x0000028afeb9f870 Exception <a 'java/lang/ClassNotFoundException'{0x00000000cc5e0670}: javax/swing/JToolBarSeparator> (0x00000000cc5e0670) 
thrown [s\open\src\hotspot\share\classfile\systemDictionary.cpp, line 256]
Event: 3.001 Thread 0x0000028afeb9f870 Exception <a 'java/lang/ClassNotFoundException'{0x00000000cc5e0978}: ToolBarSeparator> (0x00000000cc5e0978) 
thrown [s\open\src\hotspot\share\classfile\systemDictionary.cpp, line 256]
Event: 3.008 Thread 0x0000028afeb9f870 Exception <a 'java/lang/ClassNotFoundException'{0x00000000cc5e0e90}: ToolTip> (0x00000000cc5e0e90) 
thrown [s\open\src\hotspot\share\classfile\systemDictionary.cpp, line 256]
Event: 3.012 Thread 0x0000028afeb9f870 Exception <a 'java/lang/ClassNotFoundException'{0x00000000cc5e17e0}: Tree> (0x00000000cc5e17e0) 
thrown [s\open\src\hotspot\share\classfile\systemDictionary.cpp, line 256]
Event: 3.012 Thread 0x0000028afeb9f870 Exception <a 'java/lang/ClassNotFoundException'{0x00000000cc5e1cd8}: Tree> (0x00000000cc5e1cd8) 
thrown [s\open\src\hotspot\share\classfile\systemDictionary.cpp, line 256]
Event: 3.012 Thread 0x0000028afeb9f870 Exception <a 'java/lang/ClassNotFoundException'{0x00000000cc5e2048}: javax/swing/JTreeCell> (0x00000000cc5e2048) 
thrown [s\open\src\hotspot\share\classfile\systemDictionary.cpp, line 256]
Event: 3.012 Thread 0x0000028afeb9f870 Exception <a 'java/lang/ClassNotFoundException'{0x00000000cc5e2348}: TreeCell> (0x00000000cc5e2348) 
thrown [s\open\src\hotspot\share\classfile\systemDictionary.cpp, line 256]
Event: 3.013 Thread 0x0000028afeb9f870 Exception <a 'java/lang/ClassNotFoundException'{0x00000000cc5e2b08}: RootPane> (0x00000000cc5e2b08) 
thrown [s\open\src\hotspot\share\classfile\systemDictionary.cpp, line 256]
Event: 3.058 Thread 0x0000028afeb9f870 Exception <a 'java/lang/ClassNotFoundException'{0x00000000cc5e5958}: com/sun/swing/internal/plaf/metal/resources/spi/metalProvider> (0x00000000cc5e5958) 
thrown [s\open\src\hotspot\share\classfile\systemDictionary.cpp, line 256]
Event: 3.080 Thread 0x0000028afeb9f870 Exception <a 'java/lang/ClassNotFoundException'{0x00000000cc5e9508}: com/sun/swing/internal/plaf/basic/resources/spi/basicProvider> (0x00000000cc5e9508) 
thrown [s\open\src\hotspot\share\classfile\systemDictionary.cpp, line 256]
Event: 4.142 Thread 0x0000028a99e16f10 Exception <a 'java/lang/ClassNotFoundException'{0x00000000cc49b838}: com/sun/swing/internal/plaf/synth/resources/spi/synthProvider> (0x00000000cc49b838) 
thrown [s\open\src\hotspot\share\classfile\systemDictionary.cpp, line 256]
Event: 4.361 Thread 0x0000028ae091c750 Exception <a 'java/lang/NoSuchMethodError'{0x00000000cc2798e0}: 'java.lang.Object java.lang.invoke.DirectMethodHandle$Holder.newInvokeSpecial(java.lang.Object, java.lang.Object, java.lang.Object, int, int, int, int, int)'> (0x00000000cc2798e0) 
thrown [s\open\src\hotspot\share\interpreter\linkResolver.cpp, line 759]
Event: 4.927 Thread 0x0000028a99dbdc50 Exception <a 'java/lang/NoSuchMethodError'{0x00000000cc82d2d8}: 'void java.lang.invoke.DirectMethodHandle$Holder.invokeVirtual(java.lang.Object, java.lang.Object)'> (0x00000000cc82d2d8) 
thrown [s\open\src\hotspot\share\interpreter\linkResolver.cpp, line 759]
Event: 4.978 Thread 0x0000028a99e16f10 Exception <a 'java/lang/NoSuchMethodError'{0x00000000cc860ea0}: 'void java.lang.invoke.DirectMethodHandle$Holder.invokeStaticInit(java.lang.Object)'> (0x00000000cc860ea0) 
thrown [s\open\src\hotspot\share\interpreter\linkResolver.cpp, line 759]
Event: 5.275 Thread 0x0000028a99e16f10 Exception <a 'java/io/FileNotFoundException'{0x00000000cc784ef0}> (0x00000000cc784ef0) 
thrown [s\open\src\hotspot\share\prims\jni.cpp, line 516]
Event: 5.286 Thread 0x0000028a99e16f10 Exception <a 'java/io/FileNotFoundException'{0x00000000cc79d648}> (0x00000000cc79d648) 
thrown [s\open\src\hotspot\share\prims\jni.cpp, line 516]
Event: 5.377 Thread 0x0000028a99e16f10 Exception <a 'java/io/FileNotFoundException'{0x00000000cc6186f0}> (0x00000000cc6186f0) 
thrown [s\open\src\hotspot\share\prims\jni.cpp, line 516]
Event: 5.397 Thread 0x0000028a99e16f10 Exception <a 'java/io/FileNotFoundException'{0x00000000cc630b20}> (0x00000000cc630b20) 
thrown [s\open\src\hotspot\share\prims\jni.cpp, line 516]

VM Operations (20 events):
Event: 5.777 Executing VM operation: HandshakeAllThreads
Event: 5.777 Executing VM operation: HandshakeAllThreads done
Event: 5.873 Executing VM operation: HandshakeAllThreads
Event: 5.873 Executing VM operation: HandshakeAllThreads done
Event: 5.874 Executing VM operation: Cleanup
Event: 5.874 Executing VM operation: Cleanup done
Event: 6.875 Executing VM operation: Cleanup
Event: 6.875 Executing VM operation: Cleanup done
Event: 7.887 Executing VM operation: Cleanup
Event: 7.887 Executing VM operation: Cleanup done
Event: 8.895 Executing VM operation: Cleanup
Event: 8.895 Executing VM operation: Cleanup done
Event: 9.422 Executing VM operation: HandshakeAllThreads
Event: 9.422 Executing VM operation: HandshakeAllThreads done
Event: 9.446 Executing VM operation: HandshakeAllThreads
Event: 9.446 Executing VM operation: HandshakeAllThreads done
Event: 9.446 Executing VM operation: HandshakeAllThreads
Event: 9.446 Executing VM operation: HandshakeAllThreads done
Event: 9.530 Executing VM operation: HandshakeAllThreads
Event: 9.530 Executing VM operation: HandshakeAllThreads done

Events (20 events):
Event: 9.603 loading class javax/swing/plaf/synth/SynthTableUI
Event: 9.603 loading class javax/swing/plaf/basic/BasicTableUI
Event: 9.604 loading class javax/swing/plaf/TableUI
Event: 9.604 loading class javax/swing/plaf/TableUI done
Event: 9.604 loading class javax/swing/plaf/basic/BasicTableUI done
Event: 9.604 loading class javax/swing/plaf/synth/SynthTableUI done
Event: 9.604 loading class javax/swing/plaf/basic/BasicTableUI$TableTransferHandler
Event: 9.605 loading class javax/swing/plaf/basic/BasicTableUI$TableTransferHandler done
Event: 9.605 loading class javax/swing/JTable$DateRenderer
Event: 9.605 loading class javax/swing/table/DefaultTableCellRenderer$UIResource
Event: 9.605 loading class javax/swing/table/DefaultTableCellRenderer$UIResource done
Event: 9.605 loading class javax/swing/JTable$DateRenderer done
Event: 9.606 loading class javax/swing/JTable$NumberRenderer
Event: 9.606 loading class javax/swing/JTable$NumberRenderer done
Event: 9.606 loading class javax/swing/JTable$DoubleRenderer
Event: 9.606 loading class javax/swing/JTable$DoubleRenderer done
Event: 9.607 loading class javax/swing/JTable$IconRenderer
Event: 9.607 loading class javax/swing/JTable$IconRenderer done
Event: 9.608 loading class javax/swing/plaf/synth/SynthTableUI$SynthBooleanTableCellRenderer
Event: 9.608 loading class javax/swing/plaf/synth/SynthTableUI$SynthBooleanTableCellRenderer done


Dynamic libraries:
0x00007ff6dafa0000 - 0x00007ff6dafb0000 	C:\Program Files\Java\jdk-17\bin\java.exe
0x00007ffc4e830000 - 0x00007ffc4ea47000 	C:\WINDOWS\SYSTEM32\ntdll.dll
0x00007ffc4d560000 - 0x00007ffc4d624000 	C:\WINDOWS\System32\KERNEL32.DLL
0x00007ffc4bc70000 - 0x00007ffc4c029000 	C:\WINDOWS\System32\KERNELBASE.dll
0x00007ffc4c400000 - 0x00007ffc4c511000 	C:\WINDOWS\System32\ucrtbase.dll
0x00007ffc015a0000 - 0x00007ffc015b9000 	C:\Program Files\Java\jdk-17\bin\jli.dll
0x00007ffc4cf80000 - 0x00007ffc4d032000 	C:\WINDOWS\System32\ADVAPI32.dll
0x00007ffc4dab0000 - 0x00007ffc4db57000 	C:\WINDOWS\System32\msvcrt.dll
0x00007ffc4d920000 - 0x00007ffc4d9c7000 	C:\WINDOWS\System32\sechost.dll
0x00007ffc4c520000 - 0x00007ffc4c548000 	C:\WINDOWS\System32\bcrypt.dll
0x00007ffc4c9e0000 - 0x00007ffc4caf4000 	C:\WINDOWS\System32\RPCRT4.dll
0x00007ffc4e5c0000 - 0x00007ffc4e76e000 	C:\WINDOWS\System32\USER32.dll
0x00007ffc4c030000 - 0x00007ffc4c056000 	C:\WINDOWS\System32\win32u.dll
0x00007ffc4d630000 - 0x00007ffc4d659000 	C:\WINDOWS\System32\GDI32.dll
0x00007ffc4c060000 - 0x00007ffc4c17b000 	C:\WINDOWS\System32\gdi32full.dll
0x00007ffc4c2f0000 - 0x00007ffc4c38a000 	C:\WINDOWS\System32\msvcp_win.dll
0x00007ffc1cbb0000 - 0x00007ffc1cbcb000 	C:\Program Files\Java\jdk-17\bin\VCRUNTIME140.dll
0x00007ffc20970000 - 0x00007ffc20c02000 	C:\WINDOWS\WinSxS\amd64_microsoft.windows.common-controls_6595b64144ccf1df_6.0.22621.4391_none_2715d37f73803e96\COMCTL32.dll
0x00007ffc423b0000 - 0x00007ffc423ba000 	C:\WINDOWS\SYSTEM32\VERSION.dll
0x00007ffc4db60000 - 0x00007ffc4db91000 	C:\WINDOWS\System32\IMM32.DLL
0x00007ffc22d10000 - 0x00007ffc22d1c000 	C:\Program Files\Java\jdk-17\bin\vcruntime140_1.dll
0x00007ffc14890000 - 0x00007ffc1491e000 	C:\Program Files\Java\jdk-17\bin\msvcp140.dll
0x00007ffbbb8b0000 - 0x00007ffbbc48f000 	C:\Program Files\Java\jdk-17\bin\server\jvm.dll
0x00007ffc4c5b0000 - 0x00007ffc4c5b8000 	C:\WINDOWS\System32\PSAPI.DLL
0x00007ffc1f660000 - 0x00007ffc1f669000 	C:\WINDOWS\SYSTEM32\WSOCK32.dll
0x00007ffc4c950000 - 0x00007ffc4c9c1000 	C:\WINDOWS\System32\WS2_32.dll
0x00007ffc47e70000 - 0x00007ffc47ea4000 	C:\WINDOWS\SYSTEM32\WINMM.dll
0x00007ffc4ac60000 - 0x00007ffc4ac78000 	C:\WINDOWS\SYSTEM32\kernel.appcore.dll
0x00007ffc20c10000 - 0x00007ffc20c1a000 	C:\Program Files\Java\jdk-17\bin\jimage.dll
0x00007ffc439e0000 - 0x00007ffc43c12000 	C:\WINDOWS\SYSTEM32\DBGHELP.DLL
0x00007ffc4c5c0000 - 0x00007ffc4c94f000 	C:\WINDOWS\System32\combase.dll
0x00007ffc4d9d0000 - 0x00007ffc4daa7000 	C:\WINDOWS\System32\OLEAUT32.dll
0x00007ffc39400000 - 0x00007ffc39432000 	C:\WINDOWS\SYSTEM32\dbgcore.DLL
0x00007ffc4bbf0000 - 0x00007ffc4bc6b000 	C:\WINDOWS\System32\bcryptPrimitives.dll
0x00007ffc17df0000 - 0x00007ffc17e15000 	C:\Program Files\Java\jdk-17\bin\java.dll
0x00007ffc15880000 - 0x00007ffc15957000 	C:\Program Files\Java\jdk-17\bin\jsvml.dll
0x00007ffc4dba0000 - 0x00007ffc4e416000 	C:\WINDOWS\System32\SHELL32.dll
0x00007ffc49a80000 - 0x00007ffc4a383000 	C:\WINDOWS\SYSTEM32\windows.storage.dll
0x00007ffc49940000 - 0x00007ffc49a7f000 	C:\WINDOWS\SYSTEM32\wintypes.dll
0x00007ffc4d670000 - 0x00007ffc4d769000 	C:\WINDOWS\System32\SHCORE.dll
0x00007ffc4d040000 - 0x00007ffc4d09e000 	C:\WINDOWS\System32\shlwapi.dll
0x00007ffc4ba60000 - 0x00007ffc4ba8b000 	C:\WINDOWS\SYSTEM32\profapi.dll
0x00007ffc1a430000 - 0x00007ffc1a449000 	C:\Program Files\Java\jdk-17\bin\net.dll
0x00007ffc47540000 - 0x00007ffc47676000 	C:\WINDOWS\SYSTEM32\WINHTTP.dll
0x00007ffc4b0e0000 - 0x00007ffc4b149000 	C:\WINDOWS\system32\mswsock.dll
0x00007ffc182c0000 - 0x00007ffc182d6000 	C:\Program Files\Java\jdk-17\bin\nio.dll
0x00007ffc17040000 - 0x00007ffc17058000 	C:\Program Files\Java\jdk-17\bin\zip.dll
0x00007ffc00db0000 - 0x00007ffc00f41000 	C:\Program Files\Java\jdk-17\bin\awt.dll
0x00007ffc47940000 - 0x00007ffc479d7000 	C:\WINDOWS\SYSTEM32\apphelp.dll
0x00007ffc48f80000 - 0x00007ffc49031000 	C:\WINDOWS\system32\uxtheme.dll
0x00007ffc4d0c0000 - 0x00007ffc4d220000 	C:\WINDOWS\System32\MSCTF.dll
0x00007ffc4d770000 - 0x00007ffc4d915000 	C:\WINDOWS\System32\ole32.dll
0x00007ffc492c0000 - 0x00007ffc492eb000 	C:\WINDOWS\system32\DWMAPI.DLL
0x00007ffc00c20000 - 0x00007ffc00ca7000 	C:\Program Files\Java\jdk-17\bin\freetype.dll
0x00007ffbf3390000 - 0x00007ffbf3463000 	C:\Program Files\Java\jdk-17\bin\fontmanager.dll
0x00007ffc00cb0000 - 0x00007ffc00db0000 	C:\WINDOWS\system32\opengl32.dll
0x00007ffc16990000 - 0x00007ffc169bd000 	C:\WINDOWS\SYSTEM32\GLU32.dll
0x00007ffc49150000 - 0x00007ffc49187000 	C:\WINDOWS\SYSTEM32\dxcore.dll
0x00007ffbf74b0000 - 0x00007ffbf7658000 	C:\WINDOWS\system32\d3d9.dll
0x00007ffc3f830000 - 0x00007ffc3f9eb000 	C:\WINDOWS\System32\DriverStore\FileRepository\u0385801.inf_amd64_14d64460460e078e\B385477\aticfx64.dll
0x00007ffc15960000 - 0x00007ffc15994000 	C:\WINDOWS\System32\DriverStore\FileRepository\u0385801.inf_amd64_14d64460460e078e\B385477\atiu9p64.dll
0x00007ffb7aaf0000 - 0x00007ffb7b845000 	C:\WINDOWS\System32\DriverStore\FileRepository\u0385801.inf_amd64_14d64460460e078e\B385477\atiumd64.dll
0x0000000069a00000 - 0x000000006a927000 	C:\WINDOWS\System32\DriverStore\FileRepository\u0385801.inf_amd64_14d64460460e078e\B385477\atiumd6a.dll
0x00007ffc4cb00000 - 0x00007ffc4cf74000 	C:\WINDOWS\System32\SETUPAPI.dll
0x00007ffc4a9c0000 - 0x00007ffc4aa0d000 	C:\WINDOWS\SYSTEM32\POWRPROF.dll
0x00007ffc4a9a0000 - 0x00007ffc4a9b3000 	C:\WINDOWS\SYSTEM32\UMPDC.dll
0x00007ffc3ecb0000 - 0x00007ffc3ece5000 	C:\WINDOWS\SYSTEM32\amdihk64.dll
0x00007ffc43550000 - 0x00007ffc43599000 	C:\WINDOWS\SYSTEM32\directxdatabasehelper.dll
0x00007ffc24fa0000 - 0x00007ffc24fce000 	C:\Program Files\Java\jdk-17\bin\javajpeg.dll
0x00007ffc26cc0000 - 0x00007ffc26e05000 	C:\WINDOWS\SYSTEM32\textinputframework.dll
0x00007ffc1c040000 - 0x00007ffc1c489000 	C:\WINDOWS\SYSTEM32\uiautomationcore.dll
0x00007ffc1ed00000 - 0x00007ffc1ed69000 	C:\WINDOWS\SYSTEM32\OLEACC.dll
0x00007ffc4d430000 - 0x00007ffc4d4e0000 	C:\WINDOWS\System32\clbcatq.dll
0x00007ffc1a450000 - 0x00007ffc1a465000 	C:\Windows\System32\threadpoolwinrt.dll
0x00007ffc47180000 - 0x00007ffc472b3000 	C:\WINDOWS\SYSTEM32\CoreMessaging.dll
0x00007ffc42500000 - 0x00007ffc4286d000 	C:\WINDOWS\SYSTEM32\CoreUIComponents.dll
0x00007ffc4b350000 - 0x00007ffc4b35c000 	C:\WINDOWS\SYSTEM32\CRYPTBASE.DLL

dbghelp: loaded successfully - version: 4.0.5 - missing functions: none
symbol engine: initialized successfully - sym options: 0x614 - pdb path: .;C:\Program Files\Java\jdk-17\bin;C:\WINDOWS\SYSTEM32;C:\WINDOWS\WinSxS\amd64_microsoft.windows.common-controls_6595b64144ccf1df_6.0.22621.4391_none_2715d37f73803e96;C:\Program Files\Java\jdk-17\bin\server;C:\WINDOWS\System32\DriverStore\FileRepository\u0385801.inf_amd64_14d64460460e078e\B385477

VM Arguments:
jvm_args: -Dfile.encoding=UTF-8 --module-path=D:\Documentos, Trabajos o Proyectos de UTP\Proyecto Final POO\ELECTRO ADMIN\Electro-Admin\build\classes 
java_command: Formularios.Menu
java_class_path (initial): C:\Program Files\NetBeans-19\netbeans\java\modules\ext\AbsoluteLayout.jar;D:\Documentos, Trabajos o Proyectos de UTP\Proyecto Final POO\ELECTRO ADMIN\Electro-Admin\src\Conectores\mysql-connector-java-5.1.46-bin.jar;D:\Documentos, Trabajos o Proyectos de UTP\Proyecto Final POO\ELECTRO ADMIN\Electro-Admin\build\classes
Launcher Type: SUN_STANDARD

[Global flags]
     intx CICompilerCount                          = 3                                         {product} {ergonomic}
     uint ConcGCThreads                            = 1                                         {product} {ergonomic}
     uint G1ConcRefinementThreads                  = 4                                         {product} {ergonomic}
   size_t G1HeapRegionSize                         = 1048576                                   {product} {ergonomic}
    uintx GCDrainStackTargetSize                   = 64                                        {product} {ergonomic}
   size_t InitialHeapSize                          = 58720256                                  {product} {ergonomic}
   size_t MarkStackSize                            = 4194304                                   {product} {ergonomic}
   size_t MaxHeapSize                              = 920649728                                 {product} {ergonomic}
   size_t MaxNewSize                               = 551550976                                 {product} {ergonomic}
   size_t MinHeapDeltaBytes                        = 1048576                                   {product} {ergonomic}
   size_t MinHeapSize                              = 8388608                                   {product} {ergonomic}
    uintx NonNMethodCodeHeapSize                   = 5832780                                {pd product} {ergonomic}
    uintx NonProfiledCodeHeapSize                  = 122912730                              {pd product} {ergonomic}
    uintx ProfiledCodeHeapSize                     = 122912730                              {pd product} {ergonomic}
    uintx ReservedCodeCacheSize                    = 251658240                              {pd product} {ergonomic}
     bool SegmentedCodeCache                       = true                                      {product} {ergonomic}
   size_t SoftMaxHeapSize                          = 920649728                              {manageable} {ergonomic}
     bool UseCompressedClassPointers               = true                           {product lp64_product} {ergonomic}
     bool UseCompressedOops                        = true                           {product lp64_product} {ergonomic}
     bool UseG1GC                                  = true                                      {product} {ergonomic}
     bool UseLargePagesIndividualAllocation        = false                                  {pd product} {ergonomic}

Logging:
Log output configuration:
 #0: stdout all=warning uptime,level,tags
 #1: stderr all=off uptime,level,tags

Environment Variables:
PATH=C:\Program Files\Common Files\Oracle\Java\javapath;C:\WINDOWS\system32;C:\WINDOWS;C:\WINDOWS\System32\Wbem;C:\WINDOWS\System32\WindowsPowerShell\v1.0\;C:\WINDOWS\System32\OpenSSH\;C:\Program Files (x86)\Microsoft SQL Server\160\Tools\Binn\;C:\Program Files\Microsoft SQL Server\160\Tools\Binn\;C:\Program Files\Microsoft SQL Server\Client SDK\ODBC\170\Tools\Binn\;C:\Program Files\Microsoft SQL Server\160\DTS\Binn\;C:\Program Files (x86)\Microsoft SQL Server\160\DTS\Binn\;C:\Program Files\Git\cmd;C:\Users\JOSUE\AppData\Local\Microsoft\WindowsApps;
USERNAME=JOSUE
OS=Windows_NT
PROCESSOR_IDENTIFIER=AMD64 Family 23 Model 24 Stepping 1, AuthenticAMD



---------------  S Y S T E M  ---------------

OS:
 Windows 11 , 64 bit Build 22621 (10.0.22621.4391)
OS uptime: 0 days 23:43 hours

CPU: total 4 (initial active 4) (4 cores per cpu, 2 threads per core) family 23 model 24 stepping 1 microcode 0x0, cx8, cmov, fxsr, ht, mmx, 3dnowpref, sse, sse2, sse3, ssse3, sse4a, sse4.1, sse4.2, popcnt, lzcnt, tsc, tscinvbit, avx, avx2, aes, clmul, bmi1, bmi2, adx, sha, fma, vzeroupper, clflush, clflushopt

Memory: 4k page, system-wide physical 3504M (72M free)
TotalPageFile size 14256M (AvailPageFile size 2M)
current process WorkingSet (physical memory assigned to process): 130M, peak: 130M
current process commit charge ("private bytes"): 207M, peak: 207M

vm_info: Java HotSpot(TM) 64-Bit Server VM (17.0.10+11-LTS-240) for windows-amd64 JRE (17.0.10+11-LTS-240), built on Dec 19 2023 21:47:25 by "mach5one" with MS VC++ 17.1 (VS2022)

END.
