#
# There is insufficient memory for the Java Runtime Environment to continue.
# Native memory allocation (malloc) failed to allocate 1135056 bytes for Chunk::new
# Possible reasons:
#   The system is out of physical RAM or swap space
#   The process is running with CompressedOops enabled, and the Java Heap may be blocking the growth of the native heap
# Possible solutions:
#   Reduce memory load on the system
#   Increase physical memory or swap space
#   Check if swap backing store is full
#   Decrease Java heap size (-Xmx/-Xms)
#   Decrease number of Java threads
#   Decrease Java thread stack sizes (-Xss)
#   Set larger code cache with -XX:ReservedCodeCacheSize=
#   JVM is running with Unscaled Compressed Oops mode in which the Java heap is
#     placed in the first 4GB address space. The Java Heap base address is the
#     maximum limit for the native heap growth. Please use -XX:HeapBaseMinAddress
#     to set the Java Heap base and to place the Java Heap above 4GB virtual address.
# This output file may be truncated or incomplete.
#
#  Out of Memory Error (arena.cpp:189), pid=17172, tid=13648
#
# JRE version: Java(TM) SE Runtime Environment (17.0.10+11) (build 17.0.10+11-LTS-240)
# Java VM: Java HotSpot(TM) 64-Bit Server VM (17.0.10+11-LTS-240, mixed mode, sharing, tiered, compressed oops, compressed class ptrs, g1 gc, windows-amd64)
# No core dump will be written. Minidumps are not enabled by default on client versions of Windows
#

---------------  S U M M A R Y ------------

Command Line: -Dfile.encoding=UTF-8 --module-path=D:\Documentos, Trabajos o Proyectos de UTP\Proyecto Final POO\ELECTRO ADMIN\Electro-Admin\build\classes Formularios.Menu

Host: AMD Ryzen 3 3250U with Radeon Graphics         , 4 cores, 3G,  Windows 11 , 64 bit Build 22621 (10.0.22621.4391)
Time: Fri Nov 29 00:02:39 2024 Hora est. Pacífico, Sudamérica elapsed time: 52.747777 seconds (0d 0h 0m 52s)

---------------  T H R E A D  ---------------

Current thread (0x000002b575f53e00):  JavaThread "C2 CompilerThread0" daemon [_thread_in_native, id=13648, stack(0x000000fc3a800000,0x000000fc3a900000)]


Current CompileTask:
C2:  52747 3299       4       sun.java2d.SunGraphics2D::drawImage (23 bytes)

Stack: [0x000000fc3a800000,0x000000fc3a900000]
Native frames: (J=compiled Java code, j=interpreted, Vv=VM code, C=native code)
V  [jvm.dll+0x677a5a]
V  [jvm.dll+0x7d8b2d]
V  [jvm.dll+0x7da48e]
V  [jvm.dll+0x7daaf3]
V  [jvm.dll+0x2455ff]
V  [jvm.dll+0xaaafb]
V  [jvm.dll+0xab09c]
V  [jvm.dll+0x361b5f]
V  [jvm.dll+0x1bb1da]
V  [jvm.dll+0x217aa7]
V  [jvm.dll+0x216d81]
V  [jvm.dll+0x1a3410]
V  [jvm.dll+0x226aeb]
V  [jvm.dll+0x224cab]
V  [jvm.dll+0x78e45c]
V  [jvm.dll+0x78888a]
V  [jvm.dll+0x676935]
C  [ucrtbase.dll+0x29333]
C  [KERNEL32.DLL+0x1259d]
C  [ntdll.dll+0x5af38]


---------------  P R O C E S S  ---------------

Threads class SMR info:
_java_thread_list=0x000002b557cca080, length=19, elements={
0x000002b575f3a800, 0x000002b575f3b680, 0x000002b575f4d690, 0x000002b575f4e250,
0x000002b575f52340, 0x000002b575f52d00, 0x000002b575f53e00, 0x000002b575f57db0,
0x000002b575f5df00, 0x000002b57fc5c4d0, 0x000002b556088810, 0x000002b556273940,
0x000002b556273e20, 0x000002b556274300, 0x000002b556322360, 0x000002b575e8e6e0,
0x000002b557d6de00, 0x000002b557d6b580, 0x000002b557d6e310
}

Java Threads: ( => current thread )
  0x000002b575f3a800 JavaThread "Reference Handler" daemon [_thread_blocked, id=3620, stack(0x000000fc3a200000,0x000000fc3a300000)]
  0x000002b575f3b680 JavaThread "Finalizer" daemon [_thread_blocked, id=17284, stack(0x000000fc3a300000,0x000000fc3a400000)]
  0x000002b575f4d690 JavaThread "Signal Dispatcher" daemon [_thread_blocked, id=11716, stack(0x000000fc3a400000,0x000000fc3a500000)]
  0x000002b575f4e250 JavaThread "Attach Listener" daemon [_thread_blocked, id=10496, stack(0x000000fc3a500000,0x000000fc3a600000)]
  0x000002b575f52340 JavaThread "Service Thread" daemon [_thread_blocked, id=9780, stack(0x000000fc3a600000,0x000000fc3a700000)]
  0x000002b575f52d00 JavaThread "Monitor Deflation Thread" daemon [_thread_blocked, id=14540, stack(0x000000fc3a700000,0x000000fc3a800000)]
=>0x000002b575f53e00 JavaThread "C2 CompilerThread0" daemon [_thread_in_native, id=13648, stack(0x000000fc3a800000,0x000000fc3a900000)]
  0x000002b575f57db0 JavaThread "C1 CompilerThread0" daemon [_thread_blocked, id=13500, stack(0x000000fc3a900000,0x000000fc3aa00000)]
  0x000002b575f5df00 JavaThread "Sweeper thread" daemon [_thread_blocked, id=15928, stack(0x000000fc3aa00000,0x000000fc3ab00000)]
  0x000002b57fc5c4d0 JavaThread "Common-Cleaner" daemon [_thread_blocked, id=17176, stack(0x000000fc3ab00000,0x000000fc3ac00000)]
  0x000002b556088810 JavaThread "Notification Thread" daemon [_thread_blocked, id=15992, stack(0x000000fc3ac00000,0x000000fc3ad00000)]
  0x000002b556273940 JavaThread "Java2D Disposer" daemon [_thread_blocked, id=10832, stack(0x000000fc3ae00000,0x000000fc3af00000)]
  0x000002b556273e20 JavaThread "AWT-Shutdown" [_thread_blocked, id=10968, stack(0x000000fc3af00000,0x000000fc3b000000)]
  0x000002b556274300 JavaThread "AWT-Windows" daemon [_thread_in_native, id=16704, stack(0x000000fc3b000000,0x000000fc3b100000)]
  0x000002b556322360 JavaThread "AWT-EventQueue-0" [_thread_blocked, id=16708, stack(0x000000fc3b100000,0x000000fc3b200000)]
  0x000002b575e8e6e0 JavaThread "DestroyJavaVM" [_thread_blocked, id=5304, stack(0x000000fc39b00000,0x000000fc39c00000)]
  0x000002b557d6de00 JavaThread "D3D Screen Updater" daemon [_thread_blocked, id=16596, stack(0x000000fc3bf00000,0x000000fc3c000000)]
  0x000002b557d6b580 JavaThread "TimerQueue" daemon [_thread_blocked, id=15688, stack(0x000000fc3b900000,0x000000fc3ba00000)]
  0x000002b557d6e310 JavaThread "Abandoned connection cleanup thread" daemon [_thread_blocked, id=13156, stack(0x000000fc3c400000,0x000000fc3c500000)]

Other Threads:
  0x000002b575f31bd0 VMThread "VM Thread" [stack: 0x000000fc3a100000,0x000000fc3a200000] [id=16512]
  0x000002b575f40c00 WatcherThread [stack: 0x000000fc3ad00000,0x000000fc3ae00000] [id=13184]
  0x000002b575ec7550 GCTaskThread "GC Thread#0" [stack: 0x000000fc39c00000,0x000000fc39d00000] [id=12452]
  0x000002b557e09890 GCTaskThread "GC Thread#1" [stack: 0x000000fc3ba00000,0x000000fc3bb00000] [id=17320]
  0x000002b557e09b50 GCTaskThread "GC Thread#2" [stack: 0x000000fc3bb00000,0x000000fc3bc00000] [id=13268]
  0x000002b557c97ac0 GCTaskThread "GC Thread#3" [stack: 0x000000fc3bc00000,0x000000fc3bd00000] [id=5960]
  0x000002b575ecf260 ConcurrentGCThread "G1 Main Marker" [stack: 0x000000fc39d00000,0x000000fc39e00000] [id=7800]
  0x000002b575ecfc70 ConcurrentGCThread "G1 Conc#0" [stack: 0x000000fc39e00000,0x000000fc39f00000] [id=15692]
  0x000002b575f10b40 ConcurrentGCThread "G1 Refine#0" [stack: 0x000000fc39f00000,0x000000fc3a000000] [id=13932]
  0x000002b575f12580 ConcurrentGCThread "G1 Service" [stack: 0x000000fc3a000000,0x000000fc3a100000] [id=7536]

Threads with active compile tasks:
C2 CompilerThread0    52816 3299       4       sun.java2d.SunGraphics2D::drawImage (23 bytes)

VM state: not at safepoint (normal execution)

VM Mutex/Monitor currently owned by a thread: None

Heap address: 0x00000000c9200000, size: 878 MB, Compressed Oops mode: 32-bit

CDS archive(s) mapped at: [0x000002b511000000-0x000002b511bd0000-0x000002b511bd0000), size 12386304, SharedBaseAddress: 0x000002b511000000, ArchiveRelocationMode: 1.
Compressed class space mapped at: 0x000002b512000000-0x000002b552000000, reserved size: 1073741824
Narrow klass base: 0x000002b511000000, Narrow klass shift: 0, Narrow klass range: 0x100000000

GC Precious Log:
 CPUs: 4 total, 4 available
 Memory: 3504M
 Large Page Support: Disabled
 NUMA Support: Disabled
 Compressed Oops: Enabled (32-bit)
 Heap Region Size: 1M
 Heap Min Capacity: 8M
 Heap Initial Capacity: 56M
 Heap Max Capacity: 878M
 Pre-touch: Disabled
 Parallel Workers: 4
 Concurrent Workers: 1
 Concurrent Refinement Workers: 4
 Periodic GC: Disabled

Heap:
 garbage-first heap   total 57344K, used 23198K [0x00000000c9200000, 0x0000000100000000)
  region size 1024K, 6 young (6144K), 2 survivors (2048K)
 Metaspace       used 17778K, committed 17984K, reserved 1114112K
  class space    used 1988K, committed 2048K, reserved 1048576K

Heap Regions: E=young(eden), S=young(survivor), O=old, HS=humongous(starts), HC=humongous(continues), CS=collection set, F=free, OA=open archive, CA=closed archive, TAMS=top-at-mark-start (previous, next)
|   0|0x00000000c9200000, 0x00000000c9300000, 0x00000000c9300000|100%|HS|  |TAMS 0x00000000c9200000, 0x00000000c9200000| Complete 
|   1|0x00000000c9300000, 0x00000000c9400000, 0x00000000c9400000|100%|HC|  |TAMS 0x00000000c9300000, 0x00000000c9300000| Complete 
|   2|0x00000000c9400000, 0x00000000c9500000, 0x00000000c9500000|100%|HC|  |TAMS 0x00000000c9400000, 0x00000000c9400000| Complete 
|   3|0x00000000c9500000, 0x00000000c9600000, 0x00000000c9600000|100%|HC|  |TAMS 0x00000000c9500000, 0x00000000c9500000| Complete 
|   4|0x00000000c9600000, 0x00000000c9700000, 0x00000000c9700000|100%| O|  |TAMS 0x00000000c9600000, 0x00000000c9600000| Untracked 
|   5|0x00000000c9700000, 0x00000000c9800000, 0x00000000c9800000|100%|HS|  |TAMS 0x00000000c9700000, 0x00000000c9700000| Complete 
|   6|0x00000000c9800000, 0x00000000c9900000, 0x00000000c9900000|100%|HC|  |TAMS 0x00000000c9800000, 0x00000000c9800000| Complete 
|   7|0x00000000c9900000, 0x00000000c9a00000, 0x00000000c9a00000|100%|HC|  |TAMS 0x00000000c9900000, 0x00000000c9900000| Complete 
|   8|0x00000000c9a00000, 0x00000000c9b00000, 0x00000000c9b00000|100%|HC|  |TAMS 0x00000000c9a00000, 0x00000000c9a00000| Complete 
|   9|0x00000000c9b00000, 0x00000000c9c00000, 0x00000000c9c00000|100%|HC|  |TAMS 0x00000000c9b00000, 0x00000000c9b00000| Complete 
|  10|0x00000000c9c00000, 0x00000000c9d00000, 0x00000000c9d00000|100%|HC|  |TAMS 0x00000000c9c00000, 0x00000000c9c00000| Complete 
|  11|0x00000000c9d00000, 0x00000000c9e00000, 0x00000000c9e00000|100%|HC|  |TAMS 0x00000000c9d00000, 0x00000000c9d00000| Complete 
|  12|0x00000000c9e00000, 0x00000000c9f00000, 0x00000000c9f00000|100%|HC|  |TAMS 0x00000000c9e00000, 0x00000000c9e00000| Complete 
|  13|0x00000000c9f00000, 0x00000000ca000000, 0x00000000ca000000|100%|HC|  |TAMS 0x00000000c9f00000, 0x00000000c9f00000| Complete 
|  14|0x00000000ca000000, 0x00000000ca100000, 0x00000000ca100000|100%| O|  |TAMS 0x00000000ca000000, 0x00000000ca000000| Untracked 
|  15|0x00000000ca100000, 0x00000000ca200000, 0x00000000ca200000|100%| O|  |TAMS 0x00000000ca100000, 0x00000000ca100000| Untracked 
|  16|0x00000000ca200000, 0x00000000ca300000, 0x00000000ca300000|100%| O|  |TAMS 0x00000000ca200000, 0x00000000ca200000| Untracked 
|  17|0x00000000ca300000, 0x00000000ca3a7e00, 0x00000000ca400000| 65%| O|  |TAMS 0x00000000ca300000, 0x00000000ca300000| Untracked 
|  18|0x00000000ca400000, 0x00000000ca400000, 0x00000000ca500000|  0%| F|  |TAMS 0x00000000ca400000, 0x00000000ca400000| Untracked 
|  19|0x00000000ca500000, 0x00000000ca500000, 0x00000000ca600000|  0%| F|  |TAMS 0x00000000ca500000, 0x00000000ca500000| Untracked 
|  20|0x00000000ca600000, 0x00000000ca600000, 0x00000000ca700000|  0%| F|  |TAMS 0x00000000ca600000, 0x00000000ca600000| Untracked 
|  21|0x00000000ca700000, 0x00000000ca700000, 0x00000000ca800000|  0%| F|  |TAMS 0x00000000ca700000, 0x00000000ca700000| Untracked 
|  22|0x00000000ca800000, 0x00000000ca800000, 0x00000000ca900000|  0%| F|  |TAMS 0x00000000ca800000, 0x00000000ca800000| Untracked 
|  23|0x00000000ca900000, 0x00000000ca900000, 0x00000000caa00000|  0%| F|  |TAMS 0x00000000ca900000, 0x00000000ca900000| Untracked 
|  24|0x00000000caa00000, 0x00000000caa00000, 0x00000000cab00000|  0%| F|  |TAMS 0x00000000caa00000, 0x00000000caa00000| Untracked 
|  25|0x00000000cab00000, 0x00000000cab00000, 0x00000000cac00000|  0%| F|  |TAMS 0x00000000cab00000, 0x00000000cab00000| Untracked 
|  26|0x00000000cac00000, 0x00000000cac00000, 0x00000000cad00000|  0%| F|  |TAMS 0x00000000cac00000, 0x00000000cac00000| Untracked 
|  27|0x00000000cad00000, 0x00000000cad00000, 0x00000000cae00000|  0%| F|  |TAMS 0x00000000cad00000, 0x00000000cad00000| Untracked 
|  28|0x00000000cae00000, 0x00000000cae00000, 0x00000000caf00000|  0%| F|  |TAMS 0x00000000cae00000, 0x00000000cae00000| Untracked 
|  29|0x00000000caf00000, 0x00000000caf00000, 0x00000000cb000000|  0%| F|  |TAMS 0x00000000caf00000, 0x00000000caf00000| Untracked 
|  30|0x00000000cb000000, 0x00000000cb000000, 0x00000000cb100000|  0%| F|  |TAMS 0x00000000cb000000, 0x00000000cb000000| Untracked 
|  31|0x00000000cb100000, 0x00000000cb100000, 0x00000000cb200000|  0%| F|  |TAMS 0x00000000cb100000, 0x00000000cb100000| Untracked 
|  32|0x00000000cb200000, 0x00000000cb200000, 0x00000000cb300000|  0%| F|  |TAMS 0x00000000cb200000, 0x00000000cb200000| Untracked 
|  33|0x00000000cb300000, 0x00000000cb300000, 0x00000000cb400000|  0%| F|  |TAMS 0x00000000cb300000, 0x00000000cb300000| Untracked 
|  34|0x00000000cb400000, 0x00000000cb400000, 0x00000000cb500000|  0%| F|  |TAMS 0x00000000cb400000, 0x00000000cb400000| Untracked 
|  35|0x00000000cb500000, 0x00000000cb500000, 0x00000000cb600000|  0%| F|  |TAMS 0x00000000cb500000, 0x00000000cb500000| Untracked 
|  36|0x00000000cb600000, 0x00000000cb6ffb70, 0x00000000cb700000| 99%| S|CS|TAMS 0x00000000cb600000, 0x00000000cb600000| Complete 
|  37|0x00000000cb700000, 0x00000000cb800000, 0x00000000cb800000|100%| S|CS|TAMS 0x00000000cb700000, 0x00000000cb700000| Complete 
|  38|0x00000000cb800000, 0x00000000cb800000, 0x00000000cb900000|  0%| F|  |TAMS 0x00000000cb800000, 0x00000000cb800000| Untracked 
|  39|0x00000000cb900000, 0x00000000cb900000, 0x00000000cba00000|  0%| F|  |TAMS 0x00000000cb900000, 0x00000000cb900000| Untracked 
|  40|0x00000000cba00000, 0x00000000cba00000, 0x00000000cbb00000|  0%| F|  |TAMS 0x00000000cba00000, 0x00000000cba00000| Untracked 
|  41|0x00000000cbb00000, 0x00000000cbb00000, 0x00000000cbc00000|  0%| F|  |TAMS 0x00000000cbb00000, 0x00000000cbb00000| Untracked 
|  42|0x00000000cbc00000, 0x00000000cbc00000, 0x00000000cbd00000|  0%| F|  |TAMS 0x00000000cbc00000, 0x00000000cbc00000| Untracked 
|  43|0x00000000cbd00000, 0x00000000cbd00000, 0x00000000cbe00000|  0%| F|  |TAMS 0x00000000cbd00000, 0x00000000cbd00000| Untracked 
|  44|0x00000000cbe00000, 0x00000000cbe00000, 0x00000000cbf00000|  0%| F|  |TAMS 0x00000000cbe00000, 0x00000000cbe00000| Untracked 
|  45|0x00000000cbf00000, 0x00000000cbf00000, 0x00000000cc000000|  0%| F|  |TAMS 0x00000000cbf00000, 0x00000000cbf00000| Untracked 
|  46|0x00000000cc000000, 0x00000000cc000000, 0x00000000cc100000|  0%| F|  |TAMS 0x00000000cc000000, 0x00000000cc000000| Untracked 
|  47|0x00000000cc100000, 0x00000000cc100000, 0x00000000cc200000|  0%| F|  |TAMS 0x00000000cc100000, 0x00000000cc100000| Untracked 
|  48|0x00000000cc200000, 0x00000000cc200000, 0x00000000cc300000|  0%| F|  |TAMS 0x00000000cc200000, 0x00000000cc200000| Untracked 
|  49|0x00000000cc300000, 0x00000000cc300000, 0x00000000cc400000|  0%| F|  |TAMS 0x00000000cc300000, 0x00000000cc300000| Untracked 
|  50|0x00000000cc400000, 0x00000000cc400000, 0x00000000cc500000|  0%| F|  |TAMS 0x00000000cc400000, 0x00000000cc400000| Untracked 
|  51|0x00000000cc500000, 0x00000000cc500000, 0x00000000cc600000|  0%| F|  |TAMS 0x00000000cc500000, 0x00000000cc500000| Untracked 
|  52|0x00000000cc600000, 0x00000000cc6bdcd0, 0x00000000cc700000| 74%| E|  |TAMS 0x00000000cc600000, 0x00000000cc600000| Complete 
|  53|0x00000000cc700000, 0x00000000cc800000, 0x00000000cc800000|100%| E|CS|TAMS 0x00000000cc700000, 0x00000000cc700000| Complete 
|  54|0x00000000cc800000, 0x00000000cc900000, 0x00000000cc900000|100%| E|CS|TAMS 0x00000000cc800000, 0x00000000cc800000| Complete 
|  55|0x00000000cc900000, 0x00000000cca00000, 0x00000000cca00000|100%| E|CS|TAMS 0x00000000cc900000, 0x00000000cc900000| Complete 

Card table byte_map: [0x000002b57d900000,0x000002b57dac0000] _byte_map_base: 0x000002b57d2b7000

Marking Bits (Prev, Next): (CMBitMap*) 0x000002b575ec7b70, (CMBitMap*) 0x000002b575ec7bb0
 Prev Bits: [0x000002b57dc80000, 0x000002b57ea38000)
 Next Bits: [0x000002b57ea40000, 0x000002b57f7f8000)

Polling page: 0x000002b575660000

Metaspace:

Usage:
  Non-class:     15.42 MB used.
      Class:      1.94 MB used.
       Both:     17.36 MB used.

Virtual space:
  Non-class space:       64.00 MB reserved,      15.56 MB ( 24%) committed,  1 nodes.
      Class space:        1.00 GB reserved,       2.00 MB ( <1%) committed,  1 nodes.
             Both:        1.06 GB reserved,      17.56 MB (  2%) committed. 

Chunk freelists:
   Non-Class:  255.00 KB
       Class:  14.00 MB
        Both:  14.25 MB

MaxMetaspaceSize: unlimited
CompressedClassSpaceSize: 1.00 GB
Initial GC threshold: 21.00 MB
Current GC threshold: 21.00 MB
CDS: on
MetaspaceReclaimPolicy: balanced
 - commit_granule_bytes: 65536.
 - commit_granule_words: 8192.
 - virtual_space_node_default_size: 8388608.
 - enlarge_chunks_in_place: 1.
 - new_chunks_are_fully_committed: 0.
 - uncommit_free_chunks: 1.
 - use_allocation_guard: 0.
 - handle_deallocations: 1.


Internal statistics:

num_allocs_failed_limit: 0.
num_arena_births: 138.
num_arena_deaths: 0.
num_vsnodes_births: 2.
num_vsnodes_deaths: 0.
num_space_committed: 281.
num_space_uncommitted: 0.
num_chunks_returned_to_freelist: 0.
num_chunks_taken_from_freelist: 323.
num_chunk_merges: 0.
num_chunk_splits: 190.
num_chunks_enlarged: 107.
num_inconsistent_stats: 0.

CodeHeap 'non-profiled nmethods': size=120000Kb used=1215Kb max_used=1215Kb free=118784Kb
 bounds [0x000002b507ad0000, 0x000002b507d40000, 0x000002b50f000000]
CodeHeap 'profiled nmethods': size=120000Kb used=6770Kb max_used=6770Kb free=113229Kb
 bounds [0x000002b500000000, 0x000002b5006a0000, 0x000002b507530000]
CodeHeap 'non-nmethods': size=5760Kb used=1387Kb max_used=1429Kb free=4372Kb
 bounds [0x000002b507530000, 0x000002b5077a0000, 0x000002b507ad0000]
 total_blobs=4044 nmethods=3299 adapters=655
 compilation: enabled
              stopped_count=0, restarted_count=0
 full_count=0

Compilation events (20 events):
Event: 52.446 Thread 0x000002b575f57db0 nmethod 3291 0x000002b500697090 code [0x000002b500697220, 0x000002b500697338]
Event: 52.446 Thread 0x000002b575f57db0 3292       3       javax.swing.plaf.basic.BasicTextUI::paintSafely (95 bytes)
Event: 52.447 Thread 0x000002b575f57db0 nmethod 3292 0x000002b500697410 code [0x000002b500697620, 0x000002b500698018]
Event: 52.447 Thread 0x000002b575f57db0 3293       3       javax.swing.text.DefaultHighlighter::paint (186 bytes)
Event: 52.448 Thread 0x000002b575f57db0 nmethod 3293 0x000002b500698310 code [0x000002b5006985c0, 0x000002b5006995a8]
Event: 52.448 Thread 0x000002b575f57db0 3294       3       javax.swing.plaf.basic.BasicTextUI$RootView::paint (52 bytes)
Event: 52.448 Thread 0x000002b575f57db0 nmethod 3294 0x000002b500699b10 code [0x000002b500699d00, 0x000002b50069a3c8]
Event: 52.476 Thread 0x000002b575f53e00 3295       4       sun.java2d.SunGraphics2D::setColor (108 bytes)
Event: 52.480 Thread 0x000002b575f57db0 3296       3       sun.java2d.d3d.D3DTextureToSurfaceBlit::Blit (46 bytes)
Event: 52.480 Thread 0x000002b575f57db0 nmethod 3296 0x000002b50069a590 code [0x000002b50069a740, 0x000002b50069a928]
Event: 52.483 Thread 0x000002b575f57db0 3298       3       sun.swing.SwingUtilities2::isPrinting (20 bytes)
Event: 52.483 Thread 0x000002b575f57db0 nmethod 3298 0x000002b50069aa10 code [0x000002b50069abc0, 0x000002b50069af78]
Event: 52.493 Thread 0x000002b575f53e00 nmethod 3295 0x000002b507bfe990 code [0x000002b507bfeb40, 0x000002b507bff4f8]
Event: 52.493 Thread 0x000002b575f53e00 3297       4       sun.awt.Win32GraphicsConfig::getDefaultTransform (24 bytes)
Event: 52.495 Thread 0x000002b575f57db0 3300       3       sun.java2d.SunGraphics2D::getFontInfo (34 bytes)
Event: 52.495 Thread 0x000002b575f57db0 nmethod 3300 0x000002b50069b010 code [0x000002b50069b1c0, 0x000002b50069b3c8]
Event: 52.495 Thread 0x000002b575f53e00 nmethod 3297 0x000002b507bff790 code [0x000002b507bff940, 0x000002b507bffb18]
Event: 52.495 Thread 0x000002b575f53e00 3299       4       sun.java2d.SunGraphics2D::drawImage (23 bytes)
Event: 52.550 Thread 0x000002b575f57db0 3302   !   3       sun.java2d.d3d.D3DVolatileSurfaceManager::initAcceleratedSurface (169 bytes)
Event: 52.552 Thread 0x000002b575f57db0 nmethod 3302 0x000002b50069b490 code [0x000002b50069b720, 0x000002b50069c498]

GC Heap History (6 events):
Event: 2.255 GC heap before
{Heap before GC invocations=0 (full 0):
 garbage-first heap   total 57344K, used 17408K [0x00000000c9200000, 0x0000000100000000)
  region size 1024K, 13 young (13312K), 0 survivors (0K)
 Metaspace       used 7824K, committed 8000K, reserved 1114112K
  class space    used 928K, committed 1024K, reserved 1048576K
}
Event: 2.294 GC heap after
{Heap after GC invocations=1 (full 0):
 garbage-first heap   total 57344K, used 7134K [0x00000000c9200000, 0x0000000100000000)
  region size 1024K, 2 young (2048K), 2 survivors (2048K)
 Metaspace       used 7824K, committed 8000K, reserved 1114112K
  class space    used 928K, committed 1024K, reserved 1048576K
}
Event: 10.560 GC heap before
{Heap before GC invocations=1 (full 0):
 garbage-first heap   total 57344K, used 28638K [0x00000000c9200000, 0x0000000100000000)
  region size 1024K, 15 young (15360K), 2 survivors (2048K)
 Metaspace       used 12889K, committed 13056K, reserved 1114112K
  class space    used 1570K, committed 1664K, reserved 1048576K
}
Event: 10.567 GC heap after
{Heap after GC invocations=2 (full 0):
 garbage-first heap   total 57344K, used 18142K [0x00000000c9200000, 0x0000000100000000)
  region size 1024K, 2 young (2048K), 2 survivors (2048K)
 Metaspace       used 12889K, committed 13056K, reserved 1114112K
  class space    used 1570K, committed 1664K, reserved 1048576K
}
Event: 37.575 GC heap before
{Heap before GC invocations=2 (full 0):
 garbage-first heap   total 57344K, used 33502K [0x00000000c9200000, 0x0000000100000000)
  region size 1024K, 18 young (18432K), 2 survivors (2048K)
 Metaspace       used 17283K, committed 17472K, reserved 1114112K
  class space    used 1932K, committed 2048K, reserved 1048576K
}
Event: 37.582 GC heap after
{Heap after GC invocations=3 (full 0):
 garbage-first heap   total 57344K, used 20126K [0x00000000c9200000, 0x0000000100000000)
  region size 1024K, 2 young (2048K), 2 survivors (2048K)
 Metaspace       used 17283K, committed 17472K, reserved 1114112K
  class space    used 1932K, committed 2048K, reserved 1048576K
}

Deoptimization events (20 events):
Event: 49.969 Thread 0x000002b556322360 DEOPT PACKING pc=0x000002b50053d912 sp=0x000000fc3b1fbfa0
Event: 49.969 Thread 0x000002b556322360 DEOPT UNPACKING pc=0x000002b507582b43 sp=0x000000fc3b1fb458 mode 0
Event: 49.995 Thread 0x000002b556322360 Uncommon trap: trap_request=0xffffffbe fr.pc=0x000002b507bf95b8 relative=0x00000000000006d8
Event: 49.995 Thread 0x000002b556322360 Uncommon trap: reason=profile_predicate action=maybe_recompile pc=0x000002b507bf95b8 method=java.awt.LinearGradientPaintContext.fillRaster([IIIIIII)V @ 53 c2
Event: 49.995 Thread 0x000002b556322360 DEOPT PACKING pc=0x000002b507bf95b8 sp=0x000000fc3b1fbfa0
Event: 49.995 Thread 0x000002b556322360 DEOPT UNPACKING pc=0x000002b5075823a3 sp=0x000000fc3b1fbf58 mode 2
Event: 49.995 Thread 0x000002b556322360 Uncommon trap: trap_request=0xffffffbe fr.pc=0x000002b507bf95b8 relative=0x00000000000006d8
Event: 49.995 Thread 0x000002b556322360 Uncommon trap: reason=profile_predicate action=maybe_recompile pc=0x000002b507bf95b8 method=java.awt.LinearGradientPaintContext.fillRaster([IIIIIII)V @ 53 c2
Event: 49.995 Thread 0x000002b556322360 DEOPT PACKING pc=0x000002b507bf95b8 sp=0x000000fc3b1fbfa0
Event: 49.995 Thread 0x000002b556322360 DEOPT UNPACKING pc=0x000002b5075823a3 sp=0x000000fc3b1fbf58 mode 2
Event: 49.995 Thread 0x000002b556322360 Uncommon trap: trap_request=0xffffffbe fr.pc=0x000002b507bf95b8 relative=0x00000000000006d8
Event: 49.995 Thread 0x000002b556322360 Uncommon trap: reason=profile_predicate action=maybe_recompile pc=0x000002b507bf95b8 method=java.awt.LinearGradientPaintContext.fillRaster([IIIIIII)V @ 53 c2
Event: 49.995 Thread 0x000002b556322360 DEOPT PACKING pc=0x000002b507bf95b8 sp=0x000000fc3b1fbfa0
Event: 49.995 Thread 0x000002b556322360 DEOPT UNPACKING pc=0x000002b5075823a3 sp=0x000000fc3b1fbf58 mode 2
Event: 49.995 Thread 0x000002b556322360 Uncommon trap: trap_request=0xffffffbe fr.pc=0x000002b507bf95b8 relative=0x00000000000006d8
Event: 49.995 Thread 0x000002b556322360 Uncommon trap: reason=profile_predicate action=maybe_recompile pc=0x000002b507bf95b8 method=java.awt.LinearGradientPaintContext.fillRaster([IIIIIII)V @ 53 c2
Event: 49.995 Thread 0x000002b556322360 DEOPT PACKING pc=0x000002b507bf95b8 sp=0x000000fc3b1fbfa0
Event: 49.995 Thread 0x000002b556322360 DEOPT UNPACKING pc=0x000002b5075823a3 sp=0x000000fc3b1fbf58 mode 2
Event: 52.544 Thread 0x000002b556322360 DEOPT PACKING pc=0x000002b500521009 sp=0x000000fc3b1fd210
Event: 52.544 Thread 0x000002b556322360 DEOPT UNPACKING pc=0x000002b507582b43 sp=0x000000fc3b1fc698 mode 0

Classes unloaded (0 events):
No events

Classes redefined (0 events):
No events

Internal exceptions (20 events):
Event: 1.083 Thread 0x000002b575e8e6e0 Exception <a 'java/lang/ClassNotFoundException'{0x00000000cc5e1d90}: javax/swing/JTreeCell> (0x00000000cc5e1d90) 
thrown [s\open\src\hotspot\share\classfile\systemDictionary.cpp, line 256]
Event: 1.083 Thread 0x000002b575e8e6e0 Exception <a 'java/lang/ClassNotFoundException'{0x00000000cc5e2090}: TreeCell> (0x00000000cc5e2090) 
thrown [s\open\src\hotspot\share\classfile\systemDictionary.cpp, line 256]
Event: 1.083 Thread 0x000002b575e8e6e0 Exception <a 'java/lang/ClassNotFoundException'{0x00000000cc5e2850}: RootPane> (0x00000000cc5e2850) 
thrown [s\open\src\hotspot\share\classfile\systemDictionary.cpp, line 256]
Event: 1.088 Thread 0x000002b575e8e6e0 Exception <a 'java/lang/ClassNotFoundException'{0x00000000cc5e56a0}: com/sun/swing/internal/plaf/metal/resources/spi/metalProvider> (0x00000000cc5e56a0) 
thrown [s\open\src\hotspot\share\classfile\systemDictionary.cpp, line 256]
Event: 1.090 Thread 0x000002b575e8e6e0 Exception <a 'java/lang/ClassNotFoundException'{0x00000000cc5e9250}: com/sun/swing/internal/plaf/basic/resources/spi/basicProvider> (0x00000000cc5e9250) 
thrown [s\open\src\hotspot\share\classfile\systemDictionary.cpp, line 256]
Event: 1.377 Thread 0x000002b556322360 Exception <a 'java/lang/ClassNotFoundException'{0x00000000cc458e38}: com/sun/swing/internal/plaf/synth/resources/spi/synthProvider> (0x00000000cc458e38) 
thrown [s\open\src\hotspot\share\classfile\systemDictionary.cpp, line 256]
Event: 1.584 Thread 0x000002b5579eff00 Exception <a 'java/lang/NoSuchMethodError'{0x00000000cc2799b0}: 'java.lang.Object java.lang.invoke.DirectMethodHandle$Holder.newInvokeSpecial(java.lang.Object, java.lang.Object, java.lang.Object, int, int, int, int, int)'> (0x00000000cc2799b0) 
thrown [s\open\src\hotspot\share\interpreter\linkResolver.cpp, line 759]
Event: 2.370 Thread 0x000002b556274300 Exception <a 'java/lang/NoSuchMethodError'{0x00000000cc9fe768}: 'void java.lang.invoke.DirectMethodHandle$Holder.invokeVirtual(java.lang.Object, java.lang.Object)'> (0x00000000cc9fe768) 
thrown [s\open\src\hotspot\share\interpreter\linkResolver.cpp, line 759]
Event: 2.415 Thread 0x000002b556322360 Exception <a 'java/lang/NoSuchMethodError'{0x00000000cc8367f0}: 'void java.lang.invoke.DirectMethodHandle$Holder.invokeStaticInit(java.lang.Object)'> (0x00000000cc8367f0) 
thrown [s\open\src\hotspot\share\interpreter\linkResolver.cpp, line 759]
Event: 2.629 Thread 0x000002b556322360 Exception <a 'java/io/FileNotFoundException'{0x00000000cc736588}> (0x00000000cc736588) 
thrown [s\open\src\hotspot\share\prims\jni.cpp, line 516]
Event: 2.654 Thread 0x000002b556322360 Exception <a 'java/io/FileNotFoundException'{0x00000000cc74eab0}> (0x00000000cc74eab0) 
thrown [s\open\src\hotspot\share\prims\jni.cpp, line 516]
Event: 2.717 Thread 0x000002b556322360 Exception <a 'java/io/FileNotFoundException'{0x00000000cc7c9be0}> (0x00000000cc7c9be0) 
thrown [s\open\src\hotspot\share\prims\jni.cpp, line 516]
Event: 2.724 Thread 0x000002b556322360 Exception <a 'java/io/FileNotFoundException'{0x00000000cc7e1918}> (0x00000000cc7e1918) 
thrown [s\open\src\hotspot\share\prims\jni.cpp, line 516]
Event: 11.256 Thread 0x000002b556322360 Exception <a 'java/lang/NoSuchMethodError'{0x00000000cc3b6040}: 'java.lang.Object java.lang.invoke.DirectMethodHandle$Holder.invokeInterface(java.lang.Object, java.lang.Object)'> (0x00000000cc3b6040) 
thrown [s\open\src\hotspot\share\interpreter\linkResolver.cpp, line 759]
Event: 11.745 Thread 0x000002b556322360 Exception <a 'java/lang/NoSuchMethodError'{0x00000000cbfbf340}: 'void java.lang.invoke.DirectMethodHandle$Holder.invokeStatic(java.lang.Object, java.lang.Object)'> (0x00000000cbfbf340) 
thrown [s\open\src\hotspot\share\interpreter\linkResolver.cpp, line 759]
Event: 49.929 Thread 0x000002b556322360 Exception <a 'java/lang/NoSuchMethodError'{0x00000000cc7ed470}: 'int java.lang.invoke.DirectMethodHandle$Holder.invokeStatic(java.lang.Object)'> (0x00000000cc7ed470) 
thrown [s\open\src\hotspot\share\interpreter\linkResolver.cpp, line 759]
Event: 49.995 Thread 0x000002b556322360 Implicit null exception at 0x000002b507bf8fd0 to 0x000002b507bf9580
Event: 49.995 Thread 0x000002b556322360 Implicit null exception at 0x000002b507bf8fd0 to 0x000002b507bf9580
Event: 49.995 Thread 0x000002b556322360 Implicit null exception at 0x000002b507bf8fd0 to 0x000002b507bf9580
Event: 49.995 Thread 0x000002b556322360 Implicit null exception at 0x000002b507bf8fd0 to 0x000002b507bf9580

VM Operations (20 events):
Event: 40.593 Executing VM operation: Cleanup
Event: 40.593 Executing VM operation: Cleanup done
Event: 42.604 Executing VM operation: Cleanup
Event: 42.604 Executing VM operation: Cleanup done
Event: 44.614 Executing VM operation: Cleanup
Event: 44.614 Executing VM operation: Cleanup done
Event: 45.624 Executing VM operation: Cleanup
Event: 45.624 Executing VM operation: Cleanup done
Event: 46.631 Executing VM operation: Cleanup
Event: 46.631 Executing VM operation: Cleanup done
Event: 48.639 Executing VM operation: Cleanup
Event: 48.639 Executing VM operation: Cleanup done
Event: 49.909 Executing VM operation: HandshakeAllThreads
Event: 49.909 Executing VM operation: HandshakeAllThreads done
Event: 49.909 Executing VM operation: Cleanup
Event: 49.909 Executing VM operation: Cleanup done
Event: 50.914 Executing VM operation: Cleanup
Event: 50.914 Executing VM operation: Cleanup done
Event: 51.926 Executing VM operation: Cleanup
Event: 51.926 Executing VM operation: Cleanup done

Events (20 events):
Event: 49.931 loading class java/awt/WaitDispatchSupport$5
Event: 49.931 loading class java/awt/WaitDispatchSupport$5 done
Event: 49.931 loading class java/awt/WaitDispatchSupport$1
Event: 49.932 loading class java/awt/WaitDispatchSupport$1 done
Event: 49.932 loading class java/awt/WaitDispatchSupport$2
Event: 49.932 loading class java/awt/WaitDispatchSupport$2 done
Event: 49.932 loading class java/awt/WaitDispatchSupport$4
Event: 49.932 loading class java/awt/WaitDispatchSupport$4 done
Event: 49.947 loading class javax/swing/plaf/nimbus/OptionPanePainter
Event: 49.947 loading class javax/swing/plaf/nimbus/OptionPanePainter done
Event: 49.950 loading class java/awt/geom/EllipseIterator
Event: 49.950 loading class java/awt/geom/EllipseIterator done
Event: 52.326 loading class java/awt/KeyboardFocusManager$2
Event: 52.327 loading class java/awt/KeyboardFocusManager$2 done
Event: 52.327 loading class sun/awt/SunToolkit$1
Event: 52.327 loading class sun/awt/SunToolkit$1 done
Event: 52.343 loading class java/awt/Window$1DisposeAction
Event: 52.343 loading class java/awt/Window$1DisposeAction done
Event: 52.345 loading class javax/swing/text/GapContent$UndoPosRef
Event: 52.345 loading class javax/swing/text/GapContent$UndoPosRef done


Dynamic libraries:
0x00007ff7b2a30000 - 0x00007ff7b2a40000 	C:\Program Files\Java\jdk-17\bin\java.exe
0x00007ffc4e830000 - 0x00007ffc4ea47000 	C:\WINDOWS\SYSTEM32\ntdll.dll
0x00007ffc4d560000 - 0x00007ffc4d624000 	C:\WINDOWS\System32\KERNEL32.DLL
0x00007ffc4bc70000 - 0x00007ffc4c029000 	C:\WINDOWS\System32\KERNELBASE.dll
0x00007ffc4c400000 - 0x00007ffc4c511000 	C:\WINDOWS\System32\ucrtbase.dll
0x00007ffc1cbb0000 - 0x00007ffc1cbcb000 	C:\Program Files\Java\jdk-17\bin\VCRUNTIME140.dll
0x00007ffc07220000 - 0x00007ffc07239000 	C:\Program Files\Java\jdk-17\bin\jli.dll
0x00007ffc4cf80000 - 0x00007ffc4d032000 	C:\WINDOWS\System32\ADVAPI32.dll
0x00007ffc4dab0000 - 0x00007ffc4db57000 	C:\WINDOWS\System32\msvcrt.dll
0x00007ffc4d920000 - 0x00007ffc4d9c7000 	C:\WINDOWS\System32\sechost.dll
0x00007ffc4c520000 - 0x00007ffc4c548000 	C:\WINDOWS\System32\bcrypt.dll
0x00007ffc4c9e0000 - 0x00007ffc4caf4000 	C:\WINDOWS\System32\RPCRT4.dll
0x00007ffc4e5c0000 - 0x00007ffc4e76e000 	C:\WINDOWS\System32\USER32.dll
0x00007ffc4c030000 - 0x00007ffc4c056000 	C:\WINDOWS\System32\win32u.dll
0x00007ffc4d630000 - 0x00007ffc4d659000 	C:\WINDOWS\System32\GDI32.dll
0x00007ffc4c060000 - 0x00007ffc4c17b000 	C:\WINDOWS\System32\gdi32full.dll
0x00007ffc20970000 - 0x00007ffc20c02000 	C:\WINDOWS\WinSxS\amd64_microsoft.windows.common-controls_6595b64144ccf1df_6.0.22621.4391_none_2715d37f73803e96\COMCTL32.dll
0x00007ffc4c2f0000 - 0x00007ffc4c38a000 	C:\WINDOWS\System32\msvcp_win.dll
0x00007ffc423b0000 - 0x00007ffc423ba000 	C:\WINDOWS\SYSTEM32\VERSION.dll
0x00007ffc4db60000 - 0x00007ffc4db91000 	C:\WINDOWS\System32\IMM32.DLL
0x00007ffc22d10000 - 0x00007ffc22d1c000 	C:\Program Files\Java\jdk-17\bin\vcruntime140_1.dll
0x00007ffc14890000 - 0x00007ffc1491e000 	C:\Program Files\Java\jdk-17\bin\msvcp140.dll
0x00007ffbbb8b0000 - 0x00007ffbbc48f000 	C:\Program Files\Java\jdk-17\bin\server\jvm.dll
0x00007ffc4c5b0000 - 0x00007ffc4c5b8000 	C:\WINDOWS\System32\PSAPI.DLL
0x00007ffc47e70000 - 0x00007ffc47ea4000 	C:\WINDOWS\SYSTEM32\WINMM.dll
0x00007ffc1f660000 - 0x00007ffc1f669000 	C:\WINDOWS\SYSTEM32\WSOCK32.dll
0x00007ffc4c950000 - 0x00007ffc4c9c1000 	C:\WINDOWS\System32\WS2_32.dll
0x00007ffc4ac60000 - 0x00007ffc4ac78000 	C:\WINDOWS\SYSTEM32\kernel.appcore.dll
0x00007ffc20c10000 - 0x00007ffc20c1a000 	C:\Program Files\Java\jdk-17\bin\jimage.dll
0x00007ffc439e0000 - 0x00007ffc43c12000 	C:\WINDOWS\SYSTEM32\DBGHELP.DLL
0x00007ffc4c5c0000 - 0x00007ffc4c94f000 	C:\WINDOWS\System32\combase.dll
0x00007ffc4d9d0000 - 0x00007ffc4daa7000 	C:\WINDOWS\System32\OLEAUT32.dll
0x00007ffc39400000 - 0x00007ffc39432000 	C:\WINDOWS\SYSTEM32\dbgcore.DLL
0x00007ffc4bbf0000 - 0x00007ffc4bc6b000 	C:\WINDOWS\System32\bcryptPrimitives.dll
0x00007ffc17df0000 - 0x00007ffc17e15000 	C:\Program Files\Java\jdk-17\bin\java.dll
0x00007ffc15880000 - 0x00007ffc15957000 	C:\Program Files\Java\jdk-17\bin\jsvml.dll
0x00007ffc4dba0000 - 0x00007ffc4e416000 	C:\WINDOWS\System32\SHELL32.dll
0x00007ffc49a80000 - 0x00007ffc4a383000 	C:\WINDOWS\SYSTEM32\windows.storage.dll
0x00007ffc49940000 - 0x00007ffc49a7f000 	C:\WINDOWS\SYSTEM32\wintypes.dll
0x00007ffc4d670000 - 0x00007ffc4d769000 	C:\WINDOWS\System32\SHCORE.dll
0x00007ffc4d040000 - 0x00007ffc4d09e000 	C:\WINDOWS\System32\shlwapi.dll
0x00007ffc4ba60000 - 0x00007ffc4ba8b000 	C:\WINDOWS\SYSTEM32\profapi.dll
0x00007ffc1a430000 - 0x00007ffc1a449000 	C:\Program Files\Java\jdk-17\bin\net.dll
0x00007ffc47540000 - 0x00007ffc47676000 	C:\WINDOWS\SYSTEM32\WINHTTP.dll
0x00007ffc4b0e0000 - 0x00007ffc4b149000 	C:\WINDOWS\system32\mswsock.dll
0x00007ffc182c0000 - 0x00007ffc182d6000 	C:\Program Files\Java\jdk-17\bin\nio.dll
0x00007ffc17040000 - 0x00007ffc17058000 	C:\Program Files\Java\jdk-17\bin\zip.dll
0x00007ffc00db0000 - 0x00007ffc00f41000 	C:\Program Files\Java\jdk-17\bin\awt.dll
0x00007ffc47940000 - 0x00007ffc479d7000 	C:\WINDOWS\SYSTEM32\apphelp.dll
0x00007ffc48f80000 - 0x00007ffc49031000 	C:\WINDOWS\system32\uxtheme.dll
0x00007ffc4d0c0000 - 0x00007ffc4d220000 	C:\WINDOWS\System32\MSCTF.dll
0x00007ffc4d770000 - 0x00007ffc4d915000 	C:\WINDOWS\System32\ole32.dll
0x00007ffc492c0000 - 0x00007ffc492eb000 	C:\WINDOWS\system32\DWMAPI.DLL
0x00007ffc00c20000 - 0x00007ffc00ca7000 	C:\Program Files\Java\jdk-17\bin\freetype.dll
0x00007ffbf3390000 - 0x00007ffbf3463000 	C:\Program Files\Java\jdk-17\bin\fontmanager.dll
0x00007ffc00cb0000 - 0x00007ffc00db0000 	C:\WINDOWS\system32\opengl32.dll
0x00007ffc16990000 - 0x00007ffc169bd000 	C:\WINDOWS\SYSTEM32\GLU32.dll
0x00007ffc49150000 - 0x00007ffc49187000 	C:\WINDOWS\SYSTEM32\dxcore.dll
0x00007ffbf74b0000 - 0x00007ffbf7658000 	C:\WINDOWS\system32\d3d9.dll
0x00007ffc3f830000 - 0x00007ffc3f9eb000 	C:\WINDOWS\System32\DriverStore\FileRepository\u0385801.inf_amd64_14d64460460e078e\B385477\aticfx64.dll
0x00007ffc15960000 - 0x00007ffc15994000 	C:\WINDOWS\System32\DriverStore\FileRepository\u0385801.inf_amd64_14d64460460e078e\B385477\atiu9p64.dll
0x00007ffb7aaf0000 - 0x00007ffb7b845000 	C:\WINDOWS\System32\DriverStore\FileRepository\u0385801.inf_amd64_14d64460460e078e\B385477\atiumd64.dll
0x0000000069a00000 - 0x000000006a927000 	C:\WINDOWS\System32\DriverStore\FileRepository\u0385801.inf_amd64_14d64460460e078e\B385477\atiumd6a.dll
0x00007ffc4cb00000 - 0x00007ffc4cf74000 	C:\WINDOWS\System32\SETUPAPI.dll
0x00007ffc4a9c0000 - 0x00007ffc4aa0d000 	C:\WINDOWS\SYSTEM32\POWRPROF.dll
0x00007ffc4a9a0000 - 0x00007ffc4a9b3000 	C:\WINDOWS\SYSTEM32\UMPDC.dll
0x00007ffc3ecb0000 - 0x00007ffc3ece5000 	C:\WINDOWS\SYSTEM32\amdihk64.dll
0x00007ffc43550000 - 0x00007ffc43599000 	C:\WINDOWS\SYSTEM32\directxdatabasehelper.dll
0x00007ffc24fa0000 - 0x00007ffc24fce000 	C:\Program Files\Java\jdk-17\bin\javajpeg.dll
0x00007ffc26cc0000 - 0x00007ffc26e05000 	C:\WINDOWS\SYSTEM32\textinputframework.dll
0x00007ffc1c040000 - 0x00007ffc1c489000 	C:\WINDOWS\SYSTEM32\uiautomationcore.dll
0x00007ffc1ed00000 - 0x00007ffc1ed69000 	C:\WINDOWS\SYSTEM32\OLEACC.dll
0x00007ffc4d430000 - 0x00007ffc4d4e0000 	C:\WINDOWS\System32\clbcatq.dll
0x00007ffc1a450000 - 0x00007ffc1a465000 	C:\Windows\System32\threadpoolwinrt.dll
0x00007ffc47180000 - 0x00007ffc472b3000 	C:\WINDOWS\SYSTEM32\CoreMessaging.dll
0x00007ffc42500000 - 0x00007ffc4286d000 	C:\WINDOWS\SYSTEM32\CoreUIComponents.dll
0x00007ffc4b350000 - 0x00007ffc4b35c000 	C:\WINDOWS\SYSTEM32\CRYPTBASE.DLL
0x00007ffc1cba0000 - 0x00007ffc1cbb0000 	C:\Program Files\Java\jdk-17\bin\verify.dll
0x00007ffc4a6d0000 - 0x00007ffc4a7d2000 	C:\WINDOWS\SYSTEM32\DNSAPI.dll
0x00007ffc4a660000 - 0x00007ffc4a68d000 	C:\WINDOWS\SYSTEM32\IPHLPAPI.DLL
0x00007ffc4d660000 - 0x00007ffc4d669000 	C:\WINDOWS\System32\NSI.dll
0x00007ffc3d610000 - 0x00007ffc3d61a000 	C:\Windows\System32\rasadhlp.dll
0x00007ffc43700000 - 0x00007ffc43783000 	C:\WINDOWS\System32\fwpuclnt.dll
0x00007ffc48d90000 - 0x00007ffc48f40000 	C:\WINDOWS\SYSTEM32\WindowsCodecs.dll
0x00007ffc124a0000 - 0x00007ffc124fe000 	C:\WINDOWS\system32\dataexchange.dll
0x00007ffc409f0000 - 0x00007ffc40c94000 	C:\WINDOWS\system32\twinapi.appcore.dll

dbghelp: loaded successfully - version: 4.0.5 - missing functions: none
symbol engine: initialized successfully - sym options: 0x614 - pdb path: .;C:\Program Files\Java\jdk-17\bin;C:\WINDOWS\SYSTEM32;C:\WINDOWS\WinSxS\amd64_microsoft.windows.common-controls_6595b64144ccf1df_6.0.22621.4391_none_2715d37f73803e96;C:\Program Files\Java\jdk-17\bin\server;C:\WINDOWS\System32\DriverStore\FileRepository\u0385801.inf_amd64_14d64460460e078e\B385477

VM Arguments:
jvm_args: -Dfile.encoding=UTF-8 --module-path=D:\Documentos, Trabajos o Proyectos de UTP\Proyecto Final POO\ELECTRO ADMIN\Electro-Admin\build\classes 
java_command: Formularios.Menu
java_class_path (initial): C:\Program Files\NetBeans-19\netbeans\java\modules\ext\AbsoluteLayout.jar;D:\Documentos, Trabajos o Proyectos de UTP\Proyecto Final POO\ELECTRO ADMIN\Electro-Admin\src\Conectores\mysql-connector-java-5.1.46-bin.jar;D:\Documentos, Trabajos o Proyectos de UTP\Proyecto Final POO\ELECTRO ADMIN\Electro-Admin\build\classes
Launcher Type: SUN_STANDARD

[Global flags]
     intx CICompilerCount                          = 3                                         {product} {ergonomic}
     uint ConcGCThreads                            = 1                                         {product} {ergonomic}
     uint G1ConcRefinementThreads                  = 4                                         {product} {ergonomic}
   size_t G1HeapRegionSize                         = 1048576                                   {product} {ergonomic}
    uintx GCDrainStackTargetSize                   = 64                                        {product} {ergonomic}
   size_t InitialHeapSize                          = 58720256                                  {product} {ergonomic}
   size_t MarkStackSize                            = 4194304                                   {product} {ergonomic}
   size_t MaxHeapSize                              = 920649728                                 {product} {ergonomic}
   size_t MaxNewSize                               = 551550976                                 {product} {ergonomic}
   size_t MinHeapDeltaBytes                        = 1048576                                   {product} {ergonomic}
   size_t MinHeapSize                              = 8388608                                   {product} {ergonomic}
    uintx NonNMethodCodeHeapSize                   = 5832780                                {pd product} {ergonomic}
    uintx NonProfiledCodeHeapSize                  = 122912730                              {pd product} {ergonomic}
    uintx ProfiledCodeHeapSize                     = 122912730                              {pd product} {ergonomic}
    uintx ReservedCodeCacheSize                    = 251658240                              {pd product} {ergonomic}
     bool SegmentedCodeCache                       = true                                      {product} {ergonomic}
   size_t SoftMaxHeapSize                          = 920649728                              {manageable} {ergonomic}
     bool UseCompressedClassPointers               = true                           {product lp64_product} {ergonomic}
     bool UseCompressedOops                        = true                           {product lp64_product} {ergonomic}
     bool UseG1GC                                  = true                                      {product} {ergonomic}
     bool UseLargePagesIndividualAllocation        = false                                  {pd product} {ergonomic}

Logging:
Log output configuration:
 #0: stdout all=warning uptime,level,tags
 #1: stderr all=off uptime,level,tags

Environment Variables:
PATH=C:\Program Files\Common Files\Oracle\Java\javapath;C:\WINDOWS\system32;C:\WINDOWS;C:\WINDOWS\System32\Wbem;C:\WINDOWS\System32\WindowsPowerShell\v1.0\;C:\WINDOWS\System32\OpenSSH\;C:\Program Files (x86)\Microsoft SQL Server\160\Tools\Binn\;C:\Program Files\Microsoft SQL Server\160\Tools\Binn\;C:\Program Files\Microsoft SQL Server\Client SDK\ODBC\170\Tools\Binn\;C:\Program Files\Microsoft SQL Server\160\DTS\Binn\;C:\Program Files (x86)\Microsoft SQL Server\160\DTS\Binn\;C:\Program Files\Git\cmd;C:\Users\JOSUE\AppData\Local\Microsoft\WindowsApps;
USERNAME=JOSUE
OS=Windows_NT
PROCESSOR_IDENTIFIER=AMD64 Family 23 Model 24 Stepping 1, AuthenticAMD



---------------  S Y S T E M  ---------------

OS:
 Windows 11 , 64 bit Build 22621 (10.0.22621.4391)
OS uptime: 0 days 23:48 hours

CPU: total 4 (initial active 4) (4 cores per cpu, 2 threads per core) family 23 model 24 stepping 1 microcode 0x0, cx8, cmov, fxsr, ht, mmx, 3dnowpref, sse, sse2, sse3, ssse3, sse4a, sse4.1, sse4.2, popcnt, lzcnt, tsc, tscinvbit, avx, avx2, aes, clmul, bmi1, bmi2, adx, sha, fma, vzeroupper, clflush, clflushopt

Memory: 4k page, system-wide physical 3504M (340M free)
TotalPageFile size 14256M (AvailPageFile size 25M)
current process WorkingSet (physical memory assigned to process): 175M, peak: 204M
current process commit charge ("private bytes"): 266M, peak: 271M

vm_info: Java HotSpot(TM) 64-Bit Server VM (17.0.10+11-LTS-240) for windows-amd64 JRE (17.0.10+11-LTS-240), built on Dec 19 2023 21:47:25 by "mach5one" with MS VC++ 17.1 (VS2022)

END.
